Log file open, 01/20/17 23:59:19
LogInit:Display: Running engine for game: NotTheBees
LogPlatformFile: Not using cached read wrapper
LogInit:Display: RandInit(-1216531733) SRandInit(-1216531733).
LogTaskGraph: Started task graph with 5 named threads and 8 total threads with 1 sets of task threads.
LogStats: Stats thread started at 0.073398
LogPluginManager: Loaded Plugin Paper2D, From C:/Program Files (x86)/Epic Games/4.14/Engine/Plugins/2D/Paper2D/Paper2D.uplugin
LogPluginManager: Loaded Plugin LightPropagationVolume, From C:/Program Files (x86)/Epic Games/4.14/Engine/Plugins/Blendables/LightPropagationVolume/LightPropagationVolume.uplugin
LogPluginManager: Loaded Plugin BlankPlugin, From C:/Program Files (x86)/Epic Games/4.14/Engine/Plugins/Developer/BlankPlugin/BlankPlugin.uplugin
LogPluginManager: Loaded Plugin CodeLiteSourceCodeAccess, From C:/Program Files (x86)/Epic Games/4.14/Engine/Plugins/Developer/CodeLiteSourceCodeAccess/CodeLiteSourceCodeAccess.uplugin
LogPluginManager: Loaded Plugin GitSourceControl, From C:/Program Files (x86)/Epic Games/4.14/Engine/Plugins/Developer/GitSourceControl/GitSourceControl.uplugin
LogPluginManager: Loaded Plugin KDevelopSourceCodeAccess, From C:/Program Files (x86)/Epic Games/4.14/Engine/Plugins/Developer/KDevelopSourceCodeAccess/KDevelopSourceCodeAccess.uplugin
LogPluginManager: Loaded Plugin NullSourceCodeAccess, From C:/Program Files (x86)/Epic Games/4.14/Engine/Plugins/Developer/NullSourceCodeAccess/NullSourceCodeAccess.uplugin
LogPluginManager: Loaded Plugin OneSkyLocalizationService, From C:/Program Files (x86)/Epic Games/4.14/Engine/Plugins/Developer/OneSkyLocalizationService/OneSkyLocalizationService.uplugin
LogPluginManager: Loaded Plugin PerforceSourceControl, From C:/Program Files (x86)/Epic Games/4.14/Engine/Plugins/Developer/PerforceSourceControl/PerforceSourceControl.uplugin
LogPluginManager: Loaded Plugin SubversionSourceControl, From C:/Program Files (x86)/Epic Games/4.14/Engine/Plugins/Developer/SubversionSourceControl/SubversionSourceControl.uplugin
LogPluginManager: Loaded Plugin UObjectPlugin, From C:/Program Files (x86)/Epic Games/4.14/Engine/Plugins/Developer/UObjectPlugin/UObjectPlugin.uplugin
LogPluginManager: Loaded Plugin VisualStudioSourceCodeAccess, From C:/Program Files (x86)/Epic Games/4.14/Engine/Plugins/Developer/VisualStudioSourceCodeAccess/VisualStudioSourceCodeAccess.uplugin
LogPluginManager: Loaded Plugin XCodeSourceCodeAccess, From C:/Program Files (x86)/Epic Games/4.14/Engine/Plugins/Developer/XCodeSourceCodeAccess/XCodeSourceCodeAccess.uplugin
LogPluginManager: Loaded Plugin AudioCapture, From C:/Program Files (x86)/Epic Games/4.14/Engine/Plugins/Editor/AudioCapture/AudioCapture.uplugin
LogPluginManager: Loaded Plugin EpicSurvey, From C:/Program Files (x86)/Epic Games/4.14/Engine/Plugins/Editor/EpicSurvey/EpicSurvey.uplugin
LogPluginManager: Loaded Plugin MacGraphicsSwitching, From C:/Program Files (x86)/Epic Games/4.14/Engine/Plugins/Editor/MacGraphicsSwitching/MacGraphicsSwitching.uplugin
LogPluginManager: Loaded Plugin MobileLauncherProfileWizard, From C:/Program Files (x86)/Epic Games/4.14/Engine/Plugins/Editor/MobileLauncherProfileWizard/MobileLauncherProfileWizard.uplugin
LogPluginManager: Loaded Plugin PluginBrowser, From C:/Program Files (x86)/Epic Games/4.14/Engine/Plugins/Editor/PluginBrowser/PluginBrowser.uplugin
LogPluginManager: Loaded Plugin SpeedTreeImporter, From C:/Program Files (x86)/Epic Games/4.14/Engine/Plugins/Editor/SpeedTreeImporter/SpeedTreeImporter.uplugin
LogPluginManager: Loaded Plugin SuperSearchEditor, From C:/Program Files (x86)/Epic Games/4.14/Engine/Plugins/Editor/SuperSearchEditor/SuperSearchEditor.uplugin
LogPluginManager: Loaded Plugin AlembicImporter, From C:/Program Files (x86)/Epic Games/4.14/Engine/Plugins/Experimental/AlembicImporter/AlembicImporter.uplugin
LogPluginManager: Loaded Plugin BlueprintStats, From C:/Program Files (x86)/Epic Games/4.14/Engine/Plugins/Experimental/BlueprintStats/BlueprintStats.uplugin
LogPluginManager: Loaded Plugin CharacterAI, From C:/Program Files (x86)/Epic Games/4.14/Engine/Plugins/Experimental/CharacterAI/CharacterAI.uplugin
LogPluginManager: Loaded Plugin CodeEditor, From C:/Program Files (x86)/Epic Games/4.14/Engine/Plugins/Experimental/CodeEditor/CodeEditor.uplugin
LogPluginManager: Loaded Plugin CodeView, From C:/Program Files (x86)/Epic Games/4.14/Engine/Plugins/Experimental/CodeView/CodeView.uplugin
LogPluginManager: Loaded Plugin HTML5Networking, From C:/Program Files (x86)/Epic Games/4.14/Engine/Plugins/Experimental/HTML5Networking/HTML5Networking.uplugin
LogPluginManager: Loaded Plugin OSVR, From C:/Program Files (x86)/Epic Games/4.14/Engine/Plugins/Experimental/OSVR/OSVR.uplugin
LogPluginManager: Loaded Plugin Phya, From C:/Program Files (x86)/Epic Games/4.14/Engine/Plugins/Experimental/Phya/Phya.uplugin
LogPluginManager: Loaded Plugin SignificanceManager, From C:/Program Files (x86)/Epic Games/4.14/Engine/Plugins/Experimental/SignificanceManager/SignificanceManager.uplugin
LogPluginManager: Loaded Plugin SimpleHMD, From C:/Program Files (x86)/Epic Games/4.14/Engine/Plugins/Experimental/SimpleHMD/SimpleHMD.uplugin
LogPluginManager: Loaded Plugin StereoPanorama, From C:/Program Files (x86)/Epic Games/4.14/Engine/Plugins/Experimental/StereoPanorama/StereoPanorama.uplugin
LogPluginManager: Loaded Plugin StructBox, From C:/Program Files (x86)/Epic Games/4.14/Engine/Plugins/Experimental/StructBox/StructBox.uplugin
LogPluginManager: Loaded Plugin AndroidMedia, From C:/Program Files (x86)/Epic Games/4.14/Engine/Plugins/Media/AndroidMedia/AndroidMedia.uplugin
LogPluginManager: Loaded Plugin AvfMedia, From C:/Program Files (x86)/Epic Games/4.14/Engine/Plugins/Media/AvfMedia/AvfMedia.uplugin
LogPluginManager: Loaded Plugin MediaPlayerEditor, From C:/Program Files (x86)/Epic Games/4.14/Engine/Plugins/Media/MediaPlayerEditor/MediaPlayerEditor.uplugin
LogPluginManager: Loaded Plugin WmfMedia, From C:/Program Files (x86)/Epic Games/4.14/Engine/Plugins/Media/WmfMedia/WmfMedia.uplugin
LogPluginManager: Loaded Plugin MessagingDebugger, From C:/Program Files (x86)/Epic Games/4.14/Engine/Plugins/Messaging/MessagingDebugger/MessagingDebugger.uplugin
LogPluginManager: Loaded Plugin TcpMessaging, From C:/Program Files (x86)/Epic Games/4.14/Engine/Plugins/Messaging/TcpMessaging/TcpMessaging.uplugin
LogPluginManager: Loaded Plugin UdpMessaging, From C:/Program Files (x86)/Epic Games/4.14/Engine/Plugins/Messaging/UdpMessaging/UdpMessaging.uplugin
LogPluginManager: Loaded Plugin LevelSequenceEditor, From C:/Program Files (x86)/Epic Games/4.14/Engine/Plugins/MovieScene/LevelSequenceEditor/LevelSequenceEditor.uplugin
LogPluginManager: Loaded Plugin MatineeToLevelSequence, From C:/Program Files (x86)/Epic Games/4.14/Engine/Plugins/MovieScene/MatineeToLevelSequence/MatineeToLevelSequence.uplugin
LogPluginManager: Loaded Plugin NetcodeUnitTest, From C:/Program Files (x86)/Epic Games/4.14/Engine/Plugins/NetcodeUnitTest/NetcodeUnitTest/NetcodeUnitTest.uplugin
LogPluginManager: Loaded Plugin NUTUnrealEngine4, From C:/Program Files (x86)/Epic Games/4.14/Engine/Plugins/NetcodeUnitTest/NUTUnrealEngine4/NUTUnrealEngine4.uplugin
LogPluginManager: Loaded Plugin OnlineSubsystemGameCircle, From C:/Program Files (x86)/Epic Games/4.14/Engine/Plugins/Online/Android/OnlineSubsystemGameCircle/OnlineSubsystemGameCircle.uplugin
LogPluginManager: Loaded Plugin OnlineSubsystemGooglePlay, From C:/Program Files (x86)/Epic Games/4.14/Engine/Plugins/Online/Android/OnlineSubsystemGooglePlay/OnlineSubsystemGooglePlay.uplugin
LogPluginManager: Loaded Plugin OnlineSubsystemIOS, From C:/Program Files (x86)/Epic Games/4.14/Engine/Plugins/Online/IOS/OnlineSubsystemIOS/OnlineSubsystemIOS.uplugin
LogPluginManager: Loaded Plugin OnlineFramework, From C:/Program Files (x86)/Epic Games/4.14/Engine/Plugins/Online/OnlineFramework/OnlineFramework.uplugin
LogPluginManager: Loaded Plugin OnlineSubsystem, From C:/Program Files (x86)/Epic Games/4.14/Engine/Plugins/Online/OnlineSubsystem/OnlineSubsystem.uplugin
LogPluginManager: Loaded Plugin OnlineSubsystemAmazon, From C:/Program Files (x86)/Epic Games/4.14/Engine/Plugins/Online/OnlineSubsystemAmazon/OnlineSubsystemAmazon.uplugin
LogPluginManager: Loaded Plugin OnlineSubsystemFacebook, From C:/Program Files (x86)/Epic Games/4.14/Engine/Plugins/Online/OnlineSubsystemFacebook/OnlineSubsystemFacebook.uplugin
LogPluginManager: Loaded Plugin OnlineSubsystemNull, From C:/Program Files (x86)/Epic Games/4.14/Engine/Plugins/Online/OnlineSubsystemNull/OnlineSubsystemNull.uplugin
LogPluginManager: Loaded Plugin OnlineSubsystemOculus, From C:/Program Files (x86)/Epic Games/4.14/Engine/Plugins/Online/OnlineSubsystemOculus/OnlineSubsystemOculus.uplugin
LogPluginManager: Loaded Plugin OnlineSubsystemSteam, From C:/Program Files (x86)/Epic Games/4.14/Engine/Plugins/Online/OnlineSubsystemSteam/OnlineSubsystemSteam.uplugin
LogPluginManager: Loaded Plugin OnlineSubsystemUtils, From C:/Program Files (x86)/Epic Games/4.14/Engine/Plugins/Online/OnlineSubsystemUtils/OnlineSubsystemUtils.uplugin
LogPluginManager: Loaded Plugin IOSTapJoy, From C:/Program Files (x86)/Epic Games/4.14/Engine/Plugins/Runtime/Advertising/IOSTapJoy/IOSTapJoy.uplugin
LogPluginManager: Loaded Plugin AnalyticsBlueprintLibrary, From C:/Program Files (x86)/Epic Games/4.14/Engine/Plugins/Runtime/Analytics/AnalyticsBlueprintLibrary/AnalyticsBlueprintLibrary.uplugin
LogPluginManager: Loaded Plugin AnalyticsMulticast, From C:/Program Files (x86)/Epic Games/4.14/Engine/Plugins/Runtime/Analytics/AnalyticsMulticast/AnalyticsMulticast.uplugin
LogPluginManager: Loaded Plugin Apsalar, From C:/Program Files (x86)/Epic Games/4.14/Engine/Plugins/Runtime/Analytics/Apsalar/Apsalar.uplugin
LogPluginManager: Loaded Plugin FileLogging, From C:/Program Files (x86)/Epic Games/4.14/Engine/Plugins/Runtime/Analytics/FileLogging/FileLogging.uplugin
LogPluginManager: Loaded Plugin Flurry, From C:/Program Files (x86)/Epic Games/4.14/Engine/Plugins/Runtime/Analytics/Flurry/Flurry.uplugin
LogPluginManager: Loaded Plugin AndroidDeviceProfileSelector, From C:/Program Files (x86)/Epic Games/4.14/Engine/Plugins/Runtime/AndroidDeviceProfileSelector/AndroidDeviceProfileSelector.uplugin
LogPluginManager: Loaded Plugin AndroidMoviePlayer, From C:/Program Files (x86)/Epic Games/4.14/Engine/Plugins/Runtime/AndroidMoviePlayer/AndroidMoviePlayer.uplugin
LogPluginManager: Loaded Plugin AppleMoviePlayer, From C:/Program Files (x86)/Epic Games/4.14/Engine/Plugins/Runtime/AppleMoviePlayer/AppleMoviePlayer.uplugin
LogPluginManager: Loaded Plugin ArchVisCharacter, From C:/Program Files (x86)/Epic Games/4.14/Engine/Plugins/Runtime/ArchVisCharacter/ArchVisCharacter.uplugin
LogPluginManager: Loaded Plugin CableComponent, From C:/Program Files (x86)/Epic Games/4.14/Engine/Plugins/Runtime/CableComponent/CableComponent.uplugin
LogPluginManager: Loaded Plugin CustomMeshComponent, From C:/Program Files (x86)/Epic Games/4.14/Engine/Plugins/Runtime/CustomMeshComponent/CustomMeshComponent.uplugin
LogPluginManager: Loaded Plugin ExampleDeviceProfileSelector, From C:/Program Files (x86)/Epic Games/4.14/Engine/Plugins/Runtime/ExampleDeviceProfileSelector/ExampleDeviceProfileSelector.uplugin
LogPluginManager: Loaded Plugin GearVR, From C:/Program Files (x86)/Epic Games/4.14/Engine/Plugins/Runtime/GearVR/GearVR.uplugin
LogPluginManager: Loaded Plugin GoogleVRController, From C:/Program Files (x86)/Epic Games/4.14/Engine/Plugins/Runtime/GoogleVR/GoogleVRController/GoogleVRController.uplugin
LogPluginManager: Loaded Plugin GoogleVRHMD, From C:/Program Files (x86)/Epic Games/4.14/Engine/Plugins/Runtime/GoogleVR/GoogleVRHMD/GoogleVRHMD.uplugin
LogPluginManager: Loaded Plugin IOSDeviceProfileSelector, From C:/Program Files (x86)/Epic Games/4.14/Engine/Plugins/Runtime/IOSDeviceProfileSelector/IOSDeviceProfileSelector.uplugin
LogPluginManager: Loaded Plugin LeapMotion, From C:/Program Files (x86)/Epic Games/4.14/Engine/Plugins/Runtime/LeapMotion/LeapMotion.uplugin
LogPluginManager: Loaded Plugin LinuxDeviceProfileSelector, From C:/Program Files (x86)/Epic Games/4.14/Engine/Plugins/Runtime/LinuxDeviceProfileSelector/LinuxDeviceProfileSelector.uplugin
LogPluginManager: Loaded Plugin MIDIDevice, From C:/Program Files (x86)/Epic Games/4.14/Engine/Plugins/Runtime/MIDIDevice/MIDIDevice.uplugin
LogPluginManager: Loaded Plugin MobilePatchingUtils, From C:/Program Files (x86)/Epic Games/4.14/Engine/Plugins/Runtime/MobilePatchingUtils/MobilePatchingUtils.uplugin
LogPluginManager: Loaded Plugin Ansel, From C:/Program Files (x86)/Epic Games/4.14/Engine/Plugins/Runtime/Nvidia/Ansel/Ansel.uplugin
LogPluginManager: Loaded Plugin OculusAudio, From C:/Program Files (x86)/Epic Games/4.14/Engine/Plugins/Runtime/OculusAudio/OculusAudio.uplugin
LogPluginManager: Loaded Plugin OculusInput, From C:/Program Files (x86)/Epic Games/4.14/Engine/Plugins/Runtime/OculusInput/OculusInput.uplugin
LogPluginManager: Loaded Plugin OculusLibrary, From C:/Program Files (x86)/Epic Games/4.14/Engine/Plugins/Runtime/OculusLibrary/OculusLibrary.uplugin
LogPluginManager: Loaded Plugin OculusRift, From C:/Program Files (x86)/Epic Games/4.14/Engine/Plugins/Runtime/OculusRift/OculusRift.uplugin
LogPluginManager: Loaded Plugin Oodle, From C:/Program Files (x86)/Epic Games/4.14/Engine/Plugins/Runtime/PacketHandlers/CompressionComponents/Oodle/Oodle.uplugin
LogPluginManager: Loaded Plugin ProceduralMeshComponent, From C:/Program Files (x86)/Epic Games/4.14/Engine/Plugins/Runtime/ProceduralMeshComponent/ProceduralMeshComponent.uplugin
LogPluginManager: Loaded Plugin SoundMod, From C:/Program Files (x86)/Epic Games/4.14/Engine/Plugins/Runtime/SoundMod/SoundMod.uplugin
LogPluginManager: Loaded Plugin SoundVisualizations, From C:/Program Files (x86)/Epic Games/4.14/Engine/Plugins/Runtime/SoundVisualizations/SoundVisualizations.uplugin
LogPluginManager: Loaded Plugin SteamController, From C:/Program Files (x86)/Epic Games/4.14/Engine/Plugins/Runtime/Steam/SteamController/SteamController.uplugin
LogPluginManager: Loaded Plugin SteamVR, From C:/Program Files (x86)/Epic Games/4.14/Engine/Plugins/Runtime/Steam/SteamVR/SteamVR.uplugin
LogPluginManager: Loaded Plugin WebBrowserWidget, From C:/Program Files (x86)/Epic Games/4.14/Engine/Plugins/Runtime/WebBrowserWidget/WebBrowserWidget.uplugin
LogPluginManager: Loaded Plugin WindowsDeviceProfileSelector, From C:/Program Files (x86)/Epic Games/4.14/Engine/Plugins/Runtime/WindowsDeviceProfileSelector/WindowsDeviceProfileSelector.uplugin
LogPluginManager: Loaded Plugin WindowsMoviePlayer, From C:/Program Files (x86)/Epic Games/4.14/Engine/Plugins/Runtime/WindowsMoviePlayer/WindowsMoviePlayer.uplugin
LogPluginManager: Loaded Plugin ScriptPlugin, From C:/Program Files (x86)/Epic Games/4.14/Engine/Plugins/ScriptPlugin/ScriptPlugin.uplugin
LogPluginManager: Loaded Plugin SlateRemote, From C:/Program Files (x86)/Epic Games/4.14/Engine/Plugins/Slate/SlateRemote/SlateRemote.uplugin
LogPluginManager: Loaded Plugin EditorTests, From C:/Program Files (x86)/Epic Games/4.14/Engine/Plugins/Tests/EditorTests/EditorTests.uplugin
LogPluginManager: Loaded Plugin FbxAutomationTestBuilder, From C:/Program Files (x86)/Epic Games/4.14/Engine/Plugins/Tests/FbxAutomationTestBuilder/FbxAutomationTestBuilder.uplugin
LogPluginManager: Loaded Plugin FunctionalTestingEditor, From C:/Program Files (x86)/Epic Games/4.14/Engine/Plugins/Tests/FunctionalTestingEditor/FunctionalTestingEditor.uplugin
LogPluginManager: Loaded Plugin RuntimeTests, From C:/Program Files (x86)/Epic Games/4.14/Engine/Plugins/Tests/RuntimeTests/RuntimeTests.uplugin
LogPluginManager: Loaded Plugin ScreenshotTools, From C:/Program Files (x86)/Epic Games/4.14/Engine/Plugins/Tests/ScreenshotTools/ScreenshotTools.uplugin
LogInit: Using libcurl 7.47.1
LogInit:  - built for x86_64-pc-win32
LogInit:  - supports SSL with OpenSSL/1.0.2g
LogInit:  - supports HTTP deflate (compression) using libz 1.2.8
LogInit:  - other features:
LogInit:      CURL_VERSION_SSL
LogInit:      CURL_VERSION_LIBZ
LogInit:      CURL_VERSION_IPV6
LogInit:      CURL_VERSION_ASYNCHDNS
LogInit:      CURL_VERSION_LARGEFILE
LogInit:      CURL_VERSION_IDN
LogInit:  CurlRequestOptions (configurable via config and command line):
LogInit:  - bVerifyPeer = false  - Libcurl will NOT verify peer certificate
LogInit:  - bUseHttpProxy = false  - Libcurl will NOT use HTTP proxy
LogInit:  - bDontReuseConnections = false  - Libcurl will reuse connections
LogInit:  - CertBundlePath = nullptr  - Libcurl will use whatever was configured at build time.
LogInit: Build: ++UE4+Release-4.14-CL-3249277
LogInit: Engine Version: 4.14.3-3249277+++UE4+Release-4.14
LogInit: Compatible Engine Version: 4.14.0-3195953+++UE4+Release-4.14
LogInit: Net CL: 3195953
LogDevObjectVersion: Number of dev versions registered: 13
LogDevObjectVersion:   Dev-Blueprints (B0D832E4-1F89-4F0D-ACCF-7EB736FD4AA2): 7
LogDevObjectVersion:   Dev-Build (E1C64328-A22C-4D53-A36C-8E866417BD8C): 0
LogDevObjectVersion:   Dev-Core (375EC13C-06E4-48FB-B500-84F0262A717E): 1
LogDevObjectVersion:   Dev-Editor (E4B068ED-F494-42E9-A231-DA0B2E46BB41): 8
LogDevObjectVersion:   Dev-Framework (CFFC743F-43B0-4480-9391-14DF171D2073): 17
LogDevObjectVersion:   Dev-Mobile (B02B49B5-BB20-44E9-A304-32B752E40360): 0
LogDevObjectVersion:   Dev-Networking (A4E4105C-59A1-49B5-A7C5-40C4547EDFEE): 0
LogDevObjectVersion:   Dev-Online (39C831C9-5AE6-47DC-9A44-9C173E1C8E7C): 0
LogDevObjectVersion:   Dev-Physics (78F01B33-EBEA-4F98-B9B4-84EACCB95AA2): 0
LogDevObjectVersion:   Dev-Platform (6631380F-2D4D-43E0-8009-CF276956A95A): 0
LogDevObjectVersion:   Dev-Rendering (12F88B9F-8875-4AFC-A67C-D90C383ABD29): 12
LogDevObjectVersion:   Dev-Sequencer (7B5AE74C-D270-4C10-A958-57980B212A5A): 1
LogDevObjectVersion:   Dev-VR (D7296918-1DD6-4BDD-9DE2-64A83CC13884): 0
LogInit: Compiled (64-bit): Jan  6 2017 10:49:43
LogInit: Compiled with Visual C++: 19.00.23026.00
LogInit: Build Configuration: Development
LogInit: Branch Name: ++UE4+Release-4.14
LogInit: Command line:  
LogInit: Base directory: C:/Program Files (x86)/Epic Games/4.14/Engine/Binaries/Win64/
LogInit: Installed Engine Build: 1
LogInit: Presizing for max 8388607 objects, including 0 objects not considered by GC, pre-allocating 0 bytes for permanent pool.
LogInit: Object subsystem initialized
[2017.01.21-05.59.19:408][  0]LogInit: Selected Device Profile: [Windows]
[2017.01.21-05.59.19:408][  0]LogInit: Applying CVar settings loaded from the selected device profile: [Windows]
[2017.01.21-05.59.19:416][  0]LogInit: Computer: ELLIE
[2017.01.21-05.59.19:416][  0]LogInit: User: Akai
[2017.01.21-05.59.19:416][  0]LogInit: CPU Page size=65536, Cores=4
[2017.01.21-05.59.19:416][  0]LogInit: High frequency timer resolution =3.914065 MHz
[2017.01.21-05.59.19:416][  0]LogMemory: Memory total: Physical=15.9GB (16GB approx)
[2017.01.21-05.59.19:416][  0]LogMemory: Platform Memory Stats for Windows
[2017.01.21-05.59.19:416][  0]LogMemory: Process Physical Memory: 263.64 MB used, 263.64 MB peak
[2017.01.21-05.59.19:416][  0]LogMemory: Process Virtual Memory: 262.79 MB used, 262.79 MB peak
[2017.01.21-05.59.19:416][  0]LogMemory: Physical Memory: 5091.90 MB used,  11219.86 MB free, 16311.76 MB total
[2017.01.21-05.59.19:416][  0]LogMemory: Virtual Memory: 676.42 MB used,  11219.86 MB free, 134217728.00 MB total
[2017.01.21-05.59.19:435][  0]LogTextLocalizationManager: No specific translations for ('en-US') exist, so ('en') translations will be used.
[2017.01.21-05.59.19:845][  0]LogD3D11RHI: D3D11 adapters:
[2017.01.21-05.59.20:241][  0]LogD3D11RHI:    0. 'NVIDIA GeForce GTX 1080' (Feature Level 11_0)
[2017.01.21-05.59.20:241][  0]LogD3D11RHI:       8144/0/8155 MB DedicatedVideo/DedicatedSystem/SharedSystem, Outputs:1, VendorId:0x10de
[2017.01.21-05.59.20:242][  0]LogD3D11RHI:    1. 'Microsoft Basic Render Driver' (Feature Level 11_0)
[2017.01.21-05.59.20:242][  0]LogD3D11RHI:       0/0/8155 MB DedicatedVideo/DedicatedSystem/SharedSystem, Outputs:0, VendorId:0x1414
[2017.01.21-05.59.20:242][  0]LogD3D11RHI: Chosen D3D11 Adapter: 0
[2017.01.21-05.59.20:244][  0]LogD3D11RHI: Creating new Direct3DDevice
[2017.01.21-05.59.20:244][  0]LogD3D11RHI:     GPU DeviceId: 0x1b80 (for the marketing name, search the web for "GPU Device Id")
[2017.01.21-05.59.20:244][  0]LogWindows: EnumDisplayDevices:
[2017.01.21-05.59.20:244][  0]LogWindows:    0. 'NVIDIA GeForce GTX 1080' (P:1 D:1)
[2017.01.21-05.59.20:244][  0]LogWindows:    1. 'NVIDIA GeForce GTX 1080' (P:0 D:0)
[2017.01.21-05.59.20:245][  0]LogWindows:    2. 'NVIDIA GeForce GTX 1080' (P:0 D:0)
[2017.01.21-05.59.20:245][  0]LogWindows:    3. 'NVIDIA GeForce GTX 1080' (P:0 D:0)
[2017.01.21-05.59.20:245][  0]LogWindows: DebugString: FoundDriverCount:4 
[2017.01.21-05.59.20:245][  0]LogD3D11RHI:     Adapter Name: NVIDIA GeForce GTX 1080
[2017.01.21-05.59.20:245][  0]LogD3D11RHI:   Driver Version: 376.33 (internal:21.21.13.7633, unified:376.33)
[2017.01.21-05.59.20:245][  0]LogD3D11RHI:      Driver Date: 12-11-2016
[2017.01.21-05.59.20:245][  0]LogRHI: Texture pool is 1361 MB (70% of 1945 MB)
[2017.01.21-05.59.20:621][  0]LogD3D11RHI: Async texture creation enabled
[2017.01.21-05.59.20:650][  0]LogD3D11RHI: GPU Timing Frequency: 1000.000000 (Debug: 2 1)
[2017.01.21-05.59.20:650][  0]LogShaderCompilers: Guid format shader working directory is -23 characters bigger than the processId version (../../../../../../Users/Akai/Documents/GitHub/GameJam2017/NotTheBees/Intermediate/Shaders/WorkingDirectory/7784/).
[2017.01.21-05.59.20:650][  0]LogShaderCompilers: Cleaned the shader compiler working directory 'C:/Users/Akai/AppData/Local/Temp/UnrealShaderWorkingDir/8127013C440B1C6189D0DA9A1D71B376/'.
[2017.01.21-05.59.20:650][  0]LogShaderCompilers:Display: Using Local Shader Compiler.
[2017.01.21-05.59.21:370][  0]LogTemp:Display: Loaded TP AllDesktopTargetPlatform
[2017.01.21-05.59.21:406][  0]LogTemp:Display: Loaded TP MacClientTargetPlatform
[2017.01.21-05.59.21:443][  0]LogTemp:Display: Loaded TP MacNoEditorTargetPlatform
[2017.01.21-05.59.21:480][  0]LogTemp:Display: Loaded TP MacServerTargetPlatform
[2017.01.21-05.59.21:516][  0]LogTemp:Display: Loaded TP MacTargetPlatform
[2017.01.21-05.59.21:552][  0]LogTemp:Display: Loaded TP WindowsClientTargetPlatform
[2017.01.21-05.59.21:589][  0]LogTemp:Display: Loaded TP WindowsNoEditorTargetPlatform
[2017.01.21-05.59.21:625][  0]LogTemp:Display: Loaded TP WindowsServerTargetPlatform
[2017.01.21-05.59.21:655][  0]LogTemp:Display: Loaded TP WindowsTargetPlatform
[2017.01.21-05.59.21:691][  0]LogTemp:Display: Loaded TP AndroidTargetPlatform
[2017.01.21-05.59.21:726][  0]LogTemp:Display: Loaded TP Android_ASTCTargetPlatform
[2017.01.21-05.59.21:761][  0]LogTemp:Display: Loaded TP Android_ATCTargetPlatform
[2017.01.21-05.59.21:796][  0]LogTemp:Display: Loaded TP Android_DXTTargetPlatform
[2017.01.21-05.59.21:831][  0]LogTemp:Display: Loaded TP Android_ETC1TargetPlatform
[2017.01.21-05.59.21:866][  0]LogTemp:Display: Loaded TP Android_ETC2TargetPlatform
[2017.01.21-05.59.21:935][  0]LogTemp:Display: Loaded TP Android_MultiTargetPlatform
[2017.01.21-05.59.21:935][  0]LogTemp:Display: Loaded TP Android_PVRTCTargetPlatform
[2017.01.21-05.59.21:959][  0]LogTemp:Display: Loaded TP HTML5TargetPlatform
[2017.01.21-05.59.22:019][  0]LogTemp:Display: Loaded TP IOSTargetPlatform
[2017.01.21-05.59.22:042][  0]LogTemp:Display: Loaded TP TVOSTargetPlatform
[2017.01.21-05.59.22:102][  0]LogTemp:Display: Loaded TP LinuxClientTargetPlatform
[2017.01.21-05.59.22:138][  0]LogTemp:Display: Loaded TP LinuxNoEditorTargetPlatform
[2017.01.21-05.59.22:172][  0]LogTemp:Display: Loaded TP LinuxServerTargetPlatform
[2017.01.21-05.59.22:208][  0]LogTemp:Display: Loaded TP LinuxTargetPlatform
[2017.01.21-05.59.22:208][  0]LogTargetPlatformManager:Display: Building Assets For Windows
[2017.01.21-05.59.22:485][  0]LogDerivedDataCache:Display: Max Cache Size: 512 MB
[2017.01.21-05.59.22:528][  0]LogDerivedDataCache: Loaded boot cache 0.04s 50MB C:/Users/Akai/AppData/Local/UnrealEngine/4.14/DerivedDataCache/Boot.ddc.
[2017.01.21-05.59.22:529][  0]LogDerivedDataCache:Display: Loaded Boot cache: C:/Users/Akai/AppData/Local/UnrealEngine/4.14/DerivedDataCache/Boot.ddc
[2017.01.21-05.59.22:529][  0]LogDerivedDataCache: FDerivedDataBackendGraph:  Pak pak cache file ../../../../../../Users/Akai/Documents/GitHub/GameJam2017/NotTheBees/DerivedDataCache/DDC.ddp not found, will not use a pak cache.
[2017.01.21-05.59.22:529][  0]LogDerivedDataCache: Unable to find inner node Pak for hierarchical cache Hierarchy.
[2017.01.21-05.59.22:529][  0]LogDerivedDataCache: FDerivedDataBackendGraph:  CompressedPak pak cache file ../../../../../../Users/Akai/Documents/GitHub/GameJam2017/NotTheBees/DerivedDataCache/Compressed.ddp not found, will not use a pak cache.
[2017.01.21-05.59.22:529][  0]LogDerivedDataCache: Unable to find inner node CompressedPak for hierarchical cache Hierarchy.
[2017.01.21-05.59.22:541][  0]LogDerivedDataCache:Display: Pak cache opened for reading ../../../Engine/DerivedDataCache/Compressed.ddp.
[2017.01.21-05.59.22:552][  0]LogDerivedDataCache: Using Local data cache path C:/Users/Akai/AppData/Local/UnrealEngine/Common/DerivedDataCache: Writable
[2017.01.21-05.59.22:690][  0]LogInit: Selected Device Profile: [Windows]
[2017.01.21-05.59.22:692][  0]LogContentStreaming: Texture pool size is 0.00 MB
[2017.01.21-05.59.22:833][  0]LogMeshUtilities: Using QuadricMeshReduction for automatic static mesh reduction
[2017.01.21-05.59.22:861][  0]LogSimplygon: Simplygon DLL not present - disabling.
[2017.01.21-05.59.22:895][  0]LogMeshUtilities: Using SimplygonSwarm for distributed automatic mesh merging
[2017.01.21-05.59.22:895][  0]LogMeshUtilities: No automatic skeletal mesh reduction module available
[2017.01.21-05.59.22:895][  0]LogMeshUtilities: No automatic mesh merging module available
[2017.01.21-05.59.23:251][  0]LogNetVersion: GetLocalNetworkVersion: CL: 3195953, ProjectName: notthebees, ProjectVersion: , EngineNetworkVersion: 2, GameNetworkVersion: 0, NetworkChecksum: 2170064911
[2017.01.21-05.59.23:297][  0]LogAssetRegistry: FAssetRegistry took 0.0210 seconds to start up
[2017.01.21-05.59.23:336][  0]LogPackageLocalizationCache: Processed 3 localized package path(s) for 2 prioritized culture(s) in 0.020544 seconds
[2017.01.21-05.59.23:342][  0]LogUObjectArray: 31946 objects as part of root set at end of initial load.
[2017.01.21-05.59.23:342][  0]LogUObjectAllocator: 6935848 out of 0 bytes used by permanent object pool.
[2017.01.21-05.59.23:342][  0]LogUObjectArray: CloseDisregardForGC: 0/0 objects in disregard for GC pool
[2017.01.21-05.59.23:386][  0]LogInit: WinSock: version 1.1 (2.2), MaxSocks=32767, MaxUdp=65467
[2017.01.21-05.59.23:887][  0]LogSlate: Using Freetype 2.6.0
[2017.01.21-05.59.23:888][  0]LogSlate: SlateFontCache - WITH_FREETYPE: 1, WITH_HARFBUZZ: 1
[2017.01.21-05.59.23:888][  0]LogSlate: SlateFontCache - WITH_FREETYPE: 1, WITH_HARFBUZZ: 1
[2017.01.21-05.59.24:428][  0]LogTcpMessaging: Initializing TcpMessaging bridge
[2017.01.21-05.59.24:462][  0]LogUdpMessaging: Initializing bridge on interface 0.0.0.0:0 to multicast group 230.0.0.1:6666.
[2017.01.21-05.59.24:687][  0]LogMaterial: Uniform references updated for custom material expression Custom.
[2017.01.21-05.59.24:955][  0]SourceControl: Info Source control is disabled
[2017.01.21-05.59.24:956][  0]SourceControl: Info Source control is disabled
[2017.01.21-05.59.24:990][  0]SourceControl: Info Source control is disabled
[2017.01.21-05.59.25:024][  0]SourceControl: Info Source control is disabled
[2017.01.21-05.59.25:943][  0]LogEngine: Initializing Engine...
[2017.01.21-05.59.25:943][  0]LogHMD: Failed to initialize OpenVR with code 110
[2017.01.21-05.59.26:110][  0]LogAIModule: Creating AISystem for world Untitled
[2017.01.21-05.59.26:115][  0]LogInit: XAudio2 using 'Realtek Digital Output (Realtek High Definition Audio)' : 2 channels at 48 kHz using 16 bits per sample (channel mask 0x3)
[2017.01.21-05.59.26:134][  0]LogInit: FAudioDevice initialized.
[2017.01.21-05.59.26:158][  0]LogDerivedDataCache: Saved boot cache 0.02s 50MB C:/Users/Akai/AppData/Local/UnrealEngine/4.14/DerivedDataCache/Boot.ddc.
[2017.01.21-05.59.26:167][  0]LogInit: Texture streaming: Enabled
[2017.01.21-05.59.26:293][  0]LogInit: Transaction tracking system initialized
[2017.01.21-05.59.26:526][  0]BlueprintLog: New page: Editor Load
[2017.01.21-05.59.27:117][  0]LocalizationService: Info Localization service is disabled
[2017.01.21-05.59.27:701][  0]LogConsoleResponse:Display: 
[2017.01.21-05.59.27:798][  0]LogCook:Display: Max memory allowance for cook 16384mb min free memory 0mb
[2017.01.21-05.59.27:798][  0]LogCook:Display: Mobile HDR setting 1
[2017.01.21-05.59.28:438][  0]LogFileCache: Scanning file cache for directory 'C:/Users/Akai/Documents/GitHub/GameJam2017/NotTheBees/Content/' took 0.01s
[2017.01.21-05.59.28:438][  0]SourceControl: Info Source control is disabled
[2017.01.21-05.59.28:438][  0]Cmd: MAP LOAD FILE="../../../../../../Users/Akai/Documents/GitHub/GameJam2017/NotTheBees/Content/ThirdPersonBP/Maps/ThirdPersonExampleMap.umap" TEMPLATE=0 SHOWPROGRESS=1 FEATURELEVEL=3
[2017.01.21-05.59.28:438][  0]LightingResults: New page: Lighting Build
[2017.01.21-05.59.28:464][  0]MapCheck: New page: Map Check
[2017.01.21-05.59.28:464][  0]LightingResults: New page: Lighting Build
[2017.01.21-05.59.28:738][  0]LogAIModule: Creating AISystem for world ThirdPersonExampleMap
[2017.01.21-05.59.28:745][  0]LogEditorServer: Finished looking for orphan Actors (0.000 secs)
[2017.01.21-05.59.28:745][  0]Cmd: MAP CHECKDEP NOCLEARLOG
[2017.01.21-05.59.28:773][  0]MapCheck: Info Map check complete: 0 Error(s), 0 Warning(s), took 28.181ms to complete.
[2017.01.21-05.59.28:773][  0]LogFileHelpers: Loading map 'ThirdPersonExampleMap' took 0.336
[2017.01.21-05.59.28:826][  0]LogWindowsTextInputMethodSystem:Display: IME system now deactivated.
[2017.01.21-05.59.28:877][  0]LogCollectionManager: Loaded 0 collections in 0.002013 seconds
[2017.01.21-05.59.28:938][  0]LogFileCache: Scanning file cache for directory 'C:/Users/Akai/Documents/GitHub/GameJam2017/NotTheBees/Saved/Collections/' took 0.01s
[2017.01.21-05.59.28:938][  0]LogFileCache: Scanning file cache for directory 'C:/Users/Akai/Documents/GitHub/GameJam2017/NotTheBees/Content/Developers/Akai/Collections/' took 0.01s
[2017.01.21-05.59.28:938][  0]LogFileCache: Scanning file cache for directory 'C:/Users/Akai/Documents/GitHub/GameJam2017/NotTheBees/Content/Collections/' took 0.01s
[2017.01.21-05.59.28:938][  0]LogCollectionManager: Rebuilt the GUID cache for 0 collections in 0.000001 seconds
[2017.01.21-05.59.28:944][  0]LogContentBrowser: Native class hierarchy populated in 0.0061 seconds. Added 2190 classes and 428 folders.
[2017.01.21-05.59.28:972][  0]LogStats: UGameplayTagsManager::ConstructGameplayTagTree: Construct from data asset -  0.000 s
[2017.01.21-05.59.28:972][  0]LogStats: UGameplayTagsManager::ConstructGameplayTagTree: GameplayTagTreeChangedEvent.Broadcast -  0.000 s
[2017.01.21-05.59.28:972][  0]LogContentBrowser: Native class hierarchy updated for 'GameplayTags' in 0.0004 seconds. Added 13 classes and 0 folders.
[2017.01.21-05.59.29:013][  0]LogContentBrowser: Native class hierarchy updated for 'WidgetCarousel' in 0.0003 seconds. Added 0 classes and 0 folders.
[2017.01.21-05.59.29:041][  0]LogContentBrowser: Native class hierarchy updated for 'AddContentDialog' in 0.0003 seconds. Added 0 classes and 0 folders.
[2017.01.21-05.59.29:068][  0]LogContentBrowser: Native class hierarchy updated for 'SceneOutliner' in 0.0003 seconds. Added 1 classes and 2 folders.
[2017.01.21-05.59.29:094][  0]LogCrashTracker: Crashtracker disabled due to settings.
[2017.01.21-05.59.29:098][  0]LogUObjectGlobals:Warning: Failed to find object 'Class None.'
[2017.01.21-05.59.29:147][  0]LogContentBrowser: Native class hierarchy updated for 'HierarchicalLODOutliner' in 0.0003 seconds. Added 1 classes and 2 folders.
[2017.01.21-05.59.29:147][  0]LogLoad: (Engine Initialization) Total time: 10.90 seconds
[2017.01.21-05.59.29:147][  0]LogLoad: (Engine Initialization) Total Blueprint compile time: 0.09 seconds
[2017.01.21-05.59.29:147][  0]LogExternalProfiler: Found external profiler: VSPerf
[2017.01.21-05.59.29:147][  0]LogExternalProfiler: Using external profiler: VSPerf
[2017.01.21-05.59.29:156][  0]LogOcInput: OculusInput pre-init called
[2017.01.21-05.59.29:169][  0]LogAssetRegistry: Asset discovery search completed in 5.8926 seconds
[2017.01.21-05.59.29:169][  0]LogCollectionManager: Rebuilt the object cache for 0 collections in 0.000001 seconds (found 0 objects)
[2017.01.21-05.59.29:169][  0]LogCollectionManager: Fixed up redirectors for 0 collections in 0.000011 seconds (updated 0 objects)
[2017.01.21-05.59.29:172][  0]LogContentStreaming: Texture pool size now 1000 MB
[2017.01.21-05.59.29:287][  0]LogRenderer: Reallocating scene render targets to support 1208x576 NumSamples 1 (Frame:2).
[2017.01.21-05.59.33:898][545]LogAIModule: Creating AISystem for world AkaiMap
[2017.01.21-05.59.34:925][666]Cmd: MAP LOAD FILE="../../../../../../Users/Akai/Documents/GitHub/GameJam2017/NotTheBees/Content/ThirdPersonBP/Maps/AkaiMap.umap" TEMPLATE=0 SHOWPROGRESS=1 FEATURELEVEL=3
[2017.01.21-05.59.34:925][666]LightingResults: New page: Lighting Build
[2017.01.21-05.59.34:925][666]LoadErrors: New page: Loading map: AkaiMap.umap
[2017.01.21-05.59.34:926][666]MapCheck: New page: Map Check
[2017.01.21-05.59.34:926][666]LightingResults: New page: Lighting Build
[2017.01.21-05.59.34:936][666]LogEditorServer: Finished looking for orphan Actors (0.000 secs)
[2017.01.21-05.59.34:951][666]Cmd: MAP CHECKDEP NOCLEARLOG
[2017.01.21-05.59.34:980][666]MapCheck: Info Map check complete: 0 Error(s), 0 Warning(s), took 28.994ms to complete.
[2017.01.21-05.59.34:980][666]LogFileHelpers: Loading map 'AkaiMap' took 0.056
[2017.01.21-05.59.37:728][994]LogTemp: Repeting last play command: Selected Viewport
[2017.01.21-05.59.37:737][994]LogPlayLevel: PlayLevel: No blueprints needed recompiling
[2017.01.21-05.59.37:737][994]PIE: New page: PIE session: AkaiMap (Jan 20, 2017, 5:59:37 PM)
[2017.01.21-05.59.37:737][994]LogPlayLevel: Creating play world package: /Game/ThirdPersonBP/Maps/UEDPIE_0_AkaiMap
[2017.01.21-05.59.37:738][994]LogPlayLevel: PIE: StaticDuplicateObject took: (0.001504s)
[2017.01.21-05.59.37:739][994]LogAIModule: Creating AISystem for world AkaiMap
[2017.01.21-05.59.37:739][994]LogPlayLevel: PIE: World Init took: (0.000558s)
[2017.01.21-05.59.37:739][994]LogPlayLevel: PIE: Created PIE world by copying editor world from /Game/ThirdPersonBP/Maps/AkaiMap.AkaiMap to /Game/ThirdPersonBP/Maps/UEDPIE_0_AkaiMap.AkaiMap (0.002235s)
[2017.01.21-05.59.37:750][994]LogInit: XAudio2 using 'Realtek Digital Output (Realtek High Definition Audio)' : 2 channels at 48 kHz using 16 bits per sample (channel mask 0x3)
[2017.01.21-05.59.37:767][994]LogInit: FAudioDevice initialized.
[2017.01.21-05.59.37:812][994]LogLoad: Game class is 'ThirdPersonGameMode_C'
[2017.01.21-05.59.37:813][994]LogWorld: Bringing World /Game/ThirdPersonBP/Maps/UEDPIE_0_AkaiMap.AkaiMap up for play (max tick rate 0) at 2017.01.20-23.59.37
[2017.01.21-05.59.37:814][994]LogWorld: Bringing up level for play took: 0.000725
[2017.01.21-05.59.37:841][994]LogContentBrowser: Native class hierarchy updated for 'MovieSceneCapture' in 0.0004 seconds. Added 11 classes and 0 folders.
[2017.01.21-05.59.37:842][994]PIE: Info Play in editor start time for /Game/ThirdPersonBP/Maps/UEDPIE_0_AkaiMap 0.706
[2017.01.21-05.59.52:466][741]LogActorFactory: Actor Factory created Cube
[2017.01.21-05.59.53:786][899]LogActorFactory: Actor Factory created Cube
[2017.01.21-05.59.54:588][992]Cmd: TRANSACTION UNDO
[2017.01.21-05.59.54:588][992]LogEditorTransaction: Undo Create Actors
[2017.01.21-06.00.00:615][713]Cmd: BRUSH ADD SELECTNEWBRUSH
[2017.01.21-06.00.43:713][863]LogEditorViewport: Clicking on Actor (LMB): BP_Sky_Sphere_C (Sky Sphere)
[2017.01.21-06.01.02:933][161]LogTemp: Repeting last play command: Selected Viewport
[2017.01.21-06.01.02:941][161]LogPlayLevel: PlayLevel: No blueprints needed recompiling
[2017.01.21-06.01.02:941][161]PIE: New page: PIE session: AkaiMap (Jan 20, 2017, 6:01:02 PM)
[2017.01.21-06.01.02:941][161]LogPlayLevel: Creating play world package: /Game/ThirdPersonBP/Maps/UEDPIE_0_AkaiMap
[2017.01.21-06.01.02:943][161]LogPlayLevel: PIE: StaticDuplicateObject took: (0.002224s)
[2017.01.21-06.01.02:944][161]LogAIModule: Creating AISystem for world AkaiMap
[2017.01.21-06.01.02:944][161]LogPlayLevel: PIE: World Init took: (0.000694s)
[2017.01.21-06.01.02:944][161]LogPlayLevel: PIE: Created PIE world by copying editor world from /Game/ThirdPersonBP/Maps/AkaiMap.AkaiMap to /Game/ThirdPersonBP/Maps/UEDPIE_0_AkaiMap.AkaiMap (0.003059s)
[2017.01.21-06.01.02:954][161]LogInit: XAudio2 using 'Realtek Digital Output (Realtek High Definition Audio)' : 2 channels at 48 kHz using 16 bits per sample (channel mask 0x3)
[2017.01.21-06.01.02:972][161]LogInit: FAudioDevice initialized.
[2017.01.21-06.01.02:998][161]LogLoad: Game class is 'ThirdPersonGameMode_C'
[2017.01.21-06.01.03:000][161]LogWorld: Bringing World /Game/ThirdPersonBP/Maps/UEDPIE_0_AkaiMap.AkaiMap up for play (max tick rate 0) at 2017.01.21-00.01.02
[2017.01.21-06.01.03:000][161]LogWorld: Bringing up level for play took: 0.000681
[2017.01.21-06.01.03:001][161]PIE: Info Play in editor start time for /Game/ThirdPersonBP/Maps/UEDPIE_0_AkaiMap -0.134
[2017.01.21-06.01.11:250][144]LogEditorViewport: Clicking on Actor (LMB): Brush (Box Brush)
[2017.01.21-06.01.20:592][260]LogEditorViewport: Clicking on Actor (LMB): DirectionalLight (Light Source)
[2017.01.21-06.01.36:181][123]LogTemp: Repeting last play command: Selected Viewport
[2017.01.21-06.01.36:190][123]LogPlayLevel: PlayLevel: No blueprints needed recompiling
[2017.01.21-06.01.36:190][123]PIE: New page: PIE session: AkaiMap (Jan 20, 2017, 6:01:36 PM)
[2017.01.21-06.01.36:190][123]LogPlayLevel: Creating play world package: /Game/ThirdPersonBP/Maps/UEDPIE_0_AkaiMap
[2017.01.21-06.01.36:192][123]LogPlayLevel: PIE: StaticDuplicateObject took: (0.002135s)
[2017.01.21-06.01.36:192][123]LogAIModule: Creating AISystem for world AkaiMap
[2017.01.21-06.01.36:192][123]LogPlayLevel: PIE: World Init took: (0.000590s)
[2017.01.21-06.01.36:193][123]LogPlayLevel: PIE: Created PIE world by copying editor world from /Game/ThirdPersonBP/Maps/AkaiMap.AkaiMap to /Game/ThirdPersonBP/Maps/UEDPIE_0_AkaiMap.AkaiMap (0.002866s)
[2017.01.21-06.01.36:201][123]LogInit: XAudio2 using 'Realtek Digital Output (Realtek High Definition Audio)' : 2 channels at 48 kHz using 16 bits per sample (channel mask 0x3)
[2017.01.21-06.01.36:219][123]LogInit: FAudioDevice initialized.
[2017.01.21-06.01.36:250][123]LogLoad: Game class is 'ThirdPersonGameMode_C'
[2017.01.21-06.01.36:251][123]LogWorld: Bringing World /Game/ThirdPersonBP/Maps/UEDPIE_0_AkaiMap.AkaiMap up for play (max tick rate 0) at 2017.01.21-00.01.36
[2017.01.21-06.01.36:251][123]LogWorld: Bringing up level for play took: 0.000591
[2017.01.21-06.01.36:253][123]PIE: Info Play in editor start time for /Game/ThirdPersonBP/Maps/UEDPIE_0_AkaiMap -0.882
[2017.01.21-06.01.49:710][729]LogTemp: Repeting last play command: Selected Viewport
[2017.01.21-06.01.49:718][729]LogPlayLevel: PlayLevel: No blueprints needed recompiling
[2017.01.21-06.01.49:718][729]PIE: New page: PIE session: AkaiMap (Jan 20, 2017, 6:01:49 PM)
[2017.01.21-06.01.49:718][729]LogPlayLevel: Creating play world package: /Game/ThirdPersonBP/Maps/UEDPIE_0_AkaiMap
[2017.01.21-06.01.49:720][729]LogPlayLevel: PIE: StaticDuplicateObject took: (0.001995s)
[2017.01.21-06.01.49:720][729]LogAIModule: Creating AISystem for world AkaiMap
[2017.01.21-06.01.49:720][729]LogPlayLevel: PIE: World Init took: (0.000468s)
[2017.01.21-06.01.49:720][729]LogPlayLevel: PIE: Created PIE world by copying editor world from /Game/ThirdPersonBP/Maps/AkaiMap.AkaiMap to /Game/ThirdPersonBP/Maps/UEDPIE_0_AkaiMap.AkaiMap (0.002593s)
[2017.01.21-06.01.49:730][729]LogInit: XAudio2 using 'Realtek Digital Output (Realtek High Definition Audio)' : 2 channels at 48 kHz using 16 bits per sample (channel mask 0x3)
[2017.01.21-06.01.49:746][729]LogInit: FAudioDevice initialized.
[2017.01.21-06.01.49:773][729]LogLoad: Game class is 'ThirdPersonGameMode_C'
[2017.01.21-06.01.49:774][729]LogWorld: Bringing World /Game/ThirdPersonBP/Maps/UEDPIE_0_AkaiMap.AkaiMap up for play (max tick rate 0) at 2017.01.21-00.01.49
[2017.01.21-06.01.49:774][729]LogWorld: Bringing up level for play took: 0.000589
[2017.01.21-06.01.49:775][729]PIE: Info Play in editor start time for /Game/ThirdPersonBP/Maps/UEDPIE_0_AkaiMap 0.64
[2017.01.21-06.01.58:959][821]Cmd: EDIT COPY
[2017.01.21-06.01.59:170][842]Cmd: EDIT PASTE
[2017.01.21-06.02.16:855][952]Cmd: EDIT PASTE
[2017.01.21-06.02.23:831][779]Cmd: EDIT COPY
[2017.01.21-06.02.24:015][801]Cmd: EDIT PASTE
[2017.01.21-06.02.30:045][520]LogTemp: Repeting last play command: Selected Viewport
[2017.01.21-06.02.30:053][520]LogPlayLevel: PlayLevel: No blueprints needed recompiling
[2017.01.21-06.02.30:053][520]PIE: New page: PIE session: AkaiMap (Jan 20, 2017, 6:02:30 PM)
[2017.01.21-06.02.30:053][520]LogPlayLevel: Creating play world package: /Game/ThirdPersonBP/Maps/UEDPIE_0_AkaiMap
[2017.01.21-06.02.30:057][520]LogPlayLevel: PIE: StaticDuplicateObject took: (0.003432s)
[2017.01.21-06.02.30:057][520]LogAIModule: Creating AISystem for world AkaiMap
[2017.01.21-06.02.30:057][520]LogPlayLevel: PIE: World Init took: (0.000439s)
[2017.01.21-06.02.30:057][520]LogPlayLevel: PIE: Created PIE world by copying editor world from /Game/ThirdPersonBP/Maps/AkaiMap.AkaiMap to /Game/ThirdPersonBP/Maps/UEDPIE_0_AkaiMap.AkaiMap (0.004005s)
[2017.01.21-06.02.30:067][520]LogInit: XAudio2 using 'Realtek Digital Output (Realtek High Definition Audio)' : 2 channels at 48 kHz using 16 bits per sample (channel mask 0x3)
[2017.01.21-06.02.30:083][520]LogInit: FAudioDevice initialized.
[2017.01.21-06.02.30:109][520]LogLoad: Game class is 'ThirdPersonGameMode_C'
[2017.01.21-06.02.30:110][520]LogWorld: Bringing World /Game/ThirdPersonBP/Maps/UEDPIE_0_AkaiMap.AkaiMap up for play (max tick rate 0) at 2017.01.21-00.02.30
[2017.01.21-06.02.30:111][520]LogWorld: Bringing up level for play took: 0.000706
[2017.01.21-06.02.30:112][520]PIE: Info Play in editor start time for /Game/ThirdPersonBP/Maps/UEDPIE_0_AkaiMap 0.976
[2017.01.21-06.03.01:159][233]Cmd: BRUSH ADD SELECTNEWBRUSH
[2017.01.21-06.03.19:639][442]Cmd: EDIT COPY
[2017.01.21-06.03.19:848][467]Cmd: EDIT PASTE
[2017.01.21-06.03.40:127][891]Cmd: DELETE
[2017.01.21-06.03.40:127][891]Cmd: ACTOR DELETE
[2017.01.21-06.03.40:127][891]LogEditorActor: Deleted Actor: Brush
[2017.01.21-06.03.40:136][891]LogEditorActor: Deleted 1 Actors (0.010 secs)
[2017.01.21-06.03.41:466][ 48]Cmd: EDIT COPY
[2017.01.21-06.03.41:725][ 79]Cmd: EDIT PASTE
[2017.01.21-06.03.57:742][992]Cmd: EDIT PASTE
[2017.01.21-06.04.58:960][937]LogContentBrowser: Native class hierarchy updated for 'BlueprintGraph' in 0.0006 seconds. Added 111 classes and 0 folders.
[2017.01.21-06.06.46:224][676]BlueprintLog: New page: Compile charakai
[2017.01.21-06.07.53:446][835]LogClass:Warning: Property Other Item Rotation of Other Item Rotation has a struct type mismatch (tag Vector != prop Rotator) in package:  FObjectReader. If that struct got renamed, add an entry to ActiveStructRedirects.
[2017.01.21-06.08.41:884][358]LogClass:Warning: Type mismatch in Physics Object of SKEL_charakai_C - Previous (StructProperty) Current(ObjectProperty) for package:  FObjectReader
[2017.01.21-06.09.24:226][996]BlueprintLog: New page: Compile charakai
[2017.01.21-06.09.41:259][722]BlueprintLog: New page: Compile charakai
[2017.01.21-06.10.12:711][905]BlueprintLog: New page: Compile charakai
[2017.01.21-06.10.43:802][115]LogLinker:Warning: Can't find file '/Game/UE4/ThirdPersonBP/Blueprints/HUDAkai'
[2017.01.21-06.10.43:802][115]LogLinker:Warning: Can't find file '/Game/UE4/ThirdPersonBP/Blueprints/HUDAkai'
[2017.01.21-06.10.43:802][115]LogUObjectGlobals:Warning: Failed to find object 'Object /Game/UE4/ThirdPersonBP/Blueprints/HUDAkai.HUDAkai'
[2017.01.21-06.12.01:967][368]LogSavePackage: Save=46.66ms
[2017.01.21-06.12.01:967][368]LogSavePackage: Moving '../../../../../../Users/Akai/Documents/GitHub/GameJam2017/NotTheBees/Saved/AkaiMap_Auto1ECA272474EF554B3581CE184B5EAEF20.tmp' to '../../../../../../Users/Akai/Documents/GitHub/GameJam2017/NotTheBees/Saved/Autosaves/Game/ThirdPersonBP/Maps/AkaiMap_Auto1.umap'
[2017.01.21-06.12.01:967][368]LogSavePackage:Display: Finished SavePackage ../../../../../../Users/Akai/Documents/GitHub/GameJam2017/NotTheBees/Saved/Autosaves/Game/ThirdPersonBP/Maps/AkaiMap_Auto1.umap
[2017.01.21-06.12.01:968][368]LogFileHelpers: Editor autosave (incl. sublevels) for '/Game/ThirdPersonBP/Maps/AkaiMap' took 0.066
[2017.01.21-06.12.01:968][368]LogFileHelpers: Editor autosave (incl. sublevels) for all levels took 0.066
[2017.01.21-06.12.01:970][368]OBJ SavePackage: Generating thumbnails for [1] asset(s) in package [/Game/ThirdPersonBP/Blueprints/charakai] ([1] browsable assets)...
[2017.01.21-06.12.01:974][368]OBJ SavePackage:     Rendered thumbnail for [Blueprint /Game/ThirdPersonBP/Blueprints/charakai.charakai]
[2017.01.21-06.12.01:974][368]OBJ SavePackage: Finished generating thumbnails for package [/Game/ThirdPersonBP/Blueprints/charakai]
[2017.01.21-06.12.02:003][368]LogSavePackage: Save=28.00ms
[2017.01.21-06.12.02:003][368]LogSavePackage: Moving '../../../../../../Users/Akai/Documents/GitHub/GameJam2017/NotTheBees/Saved/charakai_Auto10375A6644BAD9C555C9C3694F1563FB7.tmp' to '../../../../../../Users/Akai/Documents/GitHub/GameJam2017/NotTheBees/Saved/Autosaves/Game/ThirdPersonBP/Blueprints/charakai_Auto1.uasset'
[2017.01.21-06.12.02:004][368]LogSavePackage:Display: Finished SavePackage ../../../../../../Users/Akai/Documents/GitHub/GameJam2017/NotTheBees/Saved/Autosaves/Game/ThirdPersonBP/Blueprints/charakai_Auto1.uasset
[2017.01.21-06.12.02:004][368]OBJ SavePackage: Generating thumbnails for [0] asset(s) in package [/Game/ThirdPersonBP/Blueprints/HUDAkai] ([1] browsable assets)...
[2017.01.21-06.12.02:004][368]OBJ SavePackage: Finished generating thumbnails for package [/Game/ThirdPersonBP/Blueprints/HUDAkai]
[2017.01.21-06.12.02:011][368]LogSavePackage: Save=5.20ms
[2017.01.21-06.12.02:011][368]LogSavePackage: Moving '../../../../../../Users/Akai/Documents/GitHub/GameJam2017/NotTheBees/Saved/HUDAkai_Auto1964E060A4AB1CCDB5A6D6AB78BA9820F.tmp' to '../../../../../../Users/Akai/Documents/GitHub/GameJam2017/NotTheBees/Saved/Autosaves/Game/ThirdPersonBP/Blueprints/HUDAkai_Auto1.uasset'
[2017.01.21-06.12.02:011][368]LogSavePackage:Display: Finished SavePackage ../../../../../../Users/Akai/Documents/GitHub/GameJam2017/NotTheBees/Saved/Autosaves/Game/ThirdPersonBP/Blueprints/HUDAkai_Auto1.uasset
[2017.01.21-06.12.02:011][368]LogFileHelpers: Auto-saving content packages took 0.042
[2017.01.21-06.14.50:167][787]BlueprintLog: New page: Compile HUDAkai
[2017.01.21-06.17.04:470][965]BlueprintLog: New page: Compile HUDAkai
[2017.01.21-06.17.05:063][ 23]LogSavePackage: Save=7.98ms
[2017.01.21-06.17.05:063][ 23]LogSavePackage: Moving '../../../../../../Users/Akai/Documents/GitHub/GameJam2017/NotTheBees/Saved/HUDAkai1A24878A469FA68FE9C147B532D85E0F.tmp' to '../../../../../../Users/Akai/Documents/GitHub/GameJam2017/NotTheBees/Content/ThirdPersonBP/Blueprints/HUDAkai.uasset'
[2017.01.21-06.17.05:066][ 23]LogSavePackage:Display: Finished SavePackage ../../../../../../Users/Akai/Documents/GitHub/GameJam2017/NotTheBees/Content/ThirdPersonBP/Blueprints/HUDAkai.uasset
[2017.01.21-06.17.24:340][774]LogLinker: Can't find file '/Game/UE4/ThirdPersonBP/Blueprints/HUDAkai'
[2017.01.21-06.17.24:340][774]LogLinker: Can't find file '/Game/UE4/ThirdPersonBP/Blueprints/HUDAkai'
[2017.01.21-06.17.24:340][774]LogLinker: Can't find file '/Game/UE4/ThirdPersonBP/Blueprints/HUDAkai'
[2017.01.21-06.17.24:341][774]LogLinker: Can't find file '/Game/UE4/ThirdPersonBP/Blueprints/HUDAkai'
[2017.01.21-06.17.24:341][774]LogLinker: Can't find file '/Game/UE4/ThirdPersonBP/Blueprints/CharAkai'
[2017.01.21-06.17.24:341][774]LogLinker: Can't find file '/Game/UE4/ThirdPersonBP/Blueprints/CharAkai'
[2017.01.21-06.17.24:342][774]LogLinker: Can't find file '/Game/UE4/ThirdPersonBP/Blueprints/CharAkai'
[2017.01.21-06.17.24:342][774]LogLinker: Can't find file '/Game/UE4/ThirdPersonBP/Blueprints/CharAkai'
[2017.01.21-06.17.30:217][470]LogSlate:Warning: Prevented a slow task dialog from being summoned while a context menu was open
[2017.01.21-06.18.20:667][918]BlueprintLog: New page: Compile charakai
[2017.01.21-06.18.20:686][918]LogBlueprint:Error: [Compiler charakai] Error This blueprint (self) is not a UserWidget, therefore ' self ' must have a connection.
[2017.01.21-06.18.20:867][918]BlueprintEditorCompileResults:Error: Error This blueprint (self) is not a UserWidget, therefore ' self ' must have a connection.
[2017.01.21-06.18.20:867][918]LogBlueprint:Warning: [Compiler charakai] Warning [1142.62] Compile of charakai failed. 1 Fatal Issue(s) 0 Warning(s) [in 199 ms] (/Game/ThirdPersonBP/Blueprints/charakai.charakai)
[2017.01.21-06.18.31:629][810]BlueprintLog: New page: Compile charakai
[2017.01.21-06.18.32:958][952]LogSavePackage: Save=30.99ms
[2017.01.21-06.18.32:958][952]LogSavePackage: Moving '../../../../../../Users/Akai/Documents/GitHub/GameJam2017/NotTheBees/Saved/charakaiD92C2E424E12365B07B0899E192E8775.tmp' to '../../../../../../Users/Akai/Documents/GitHub/GameJam2017/NotTheBees/Content/ThirdPersonBP/Blueprints/charakai.uasset'
[2017.01.21-06.18.32:961][952]LogSavePackage:Display: Finished SavePackage ../../../../../../Users/Akai/Documents/GitHub/GameJam2017/NotTheBees/Content/ThirdPersonBP/Blueprints/charakai.uasset
[2017.01.21-06.19.29:605][974]LogLinker: Can't find file '/Game/UE4/ThirdPersonBP/Blueprints/CharAkai'
[2017.01.21-06.19.29:606][974]LogLinker: Can't find file '/Game/UE4/ThirdPersonBP/Blueprints/CharAkai'
[2017.01.21-06.19.29:606][974]LogProperty:Warning: ClassProperty /Script/BlueprintGraph.K2Node_DynamicCast:TargetType: unresolved reference to 'BlueprintGeneratedClass'/Game/UE4/ThirdPersonBP/Blueprints/CharAkai.CharAkai_C''
[2017.01.21-06.19.29:606][974]LogLinker: Can't find file '/Game/UE4/ThirdPersonBP/Blueprints/CharAkai'
[2017.01.21-06.19.29:606][974]LogLinker: Can't find file '/Game/UE4/ThirdPersonBP/Blueprints/CharAkai'
[2017.01.21-06.19.29:607][974]LogLinker: Can't find file '/Game/UE4/ThirdPersonBP/Blueprints/CharAkai'
[2017.01.21-06.19.29:607][974]LogLinker: Can't find file '/Game/UE4/ThirdPersonBP/Blueprints/HUDAkai'
[2017.01.21-06.19.29:607][974]LogLinker: Can't find file '/Game/UE4/ThirdPersonBP/Blueprints/HUDAkai'
[2017.01.21-06.19.29:607][974]LogBlueprint:Warning: [HUDAkai] 'MyChar' variable not found. Base class was probably changed.
[2017.01.21-06.19.29:607][974]LogBlueprint:Warning: [HUDAkai] 'MyChar' variable not found. Base class was probably changed.
[2017.01.21-06.21.05:939][ 10]BlueprintLog: New page: Compile HUDAkai
[2017.01.21-06.22.10:703][752]LogLinker: Can't find file '/Game/UE4/ThirdPersonBP/Blueprints/CharAkai'
[2017.01.21-06.22.10:704][752]LogLinker: Can't find file '/Game/UE4/ThirdPersonBP/Blueprints/CharAkai'
[2017.01.21-06.22.10:705][752]LogLinker: Can't find file '/Game/UE4/ThirdPersonBP/Blueprints/HUDAkai'
[2017.01.21-06.22.10:706][752]LogLinker: Can't find file '/Game/UE4/ThirdPersonBP/Blueprints/HUDAkai'
[2017.01.21-06.22.10:707][752]LogLinker: Can't find file '/Game/UE4/ThirdPersonBP/Blueprints/CharAkai'
[2017.01.21-06.22.10:707][752]LogProperty:Warning: ObjectProperty /Script/Engine.MemberReference:MemberParent: unresolved reference to 'BlueprintGeneratedClass'/Game/UE4/ThirdPersonBP/Blueprints/CharAkai.CharAkai_C',MemberName="Count",MemberGuid=B98406CC40CF98CE08E20093605FE179)'
[2017.01.21-06.22.10:709][752]LogLinker: Can't find file '/Game/UE4/ThirdPersonBP/Blueprints/CharAkai'
[2017.01.21-06.22.10:711][752]LogBlueprint:Warning: [HUDAkai] 'Count' variable not found. Base class was probably changed.
[2017.01.21-06.23.27:229][915]BlueprintLog: New page: Compile HUDAkai
[2017.01.21-06.23.28:607][ 66]LogSavePackage: Save=10.52ms
[2017.01.21-06.23.28:607][ 66]LogSavePackage: Moving '../../../../../../Users/Akai/Documents/GitHub/GameJam2017/NotTheBees/Saved/HUDAkaiE205844F45080FE7DCEFED991D86CE46.tmp' to '../../../../../../Users/Akai/Documents/GitHub/GameJam2017/NotTheBees/Content/ThirdPersonBP/Blueprints/HUDAkai.uasset'
[2017.01.21-06.23.28:610][ 66]LogSavePackage:Display: Finished SavePackage ../../../../../../Users/Akai/Documents/GitHub/GameJam2017/NotTheBees/Content/ThirdPersonBP/Blueprints/HUDAkai.uasset
[2017.01.21-06.24.16:323][742]BlueprintLog: New page: Compile HUDAkai
[2017.01.21-06.24.16:981][807]LogSavePackage: Save=10.93ms
[2017.01.21-06.24.16:981][807]LogSavePackage: Moving '../../../../../../Users/Akai/Documents/GitHub/GameJam2017/NotTheBees/Saved/HUDAkai751F88E3479DD110F15C5783549C4464.tmp' to '../../../../../../Users/Akai/Documents/GitHub/GameJam2017/NotTheBees/Content/ThirdPersonBP/Blueprints/HUDAkai.uasset'
[2017.01.21-06.24.16:983][807]LogSavePackage:Display: Finished SavePackage ../../../../../../Users/Akai/Documents/GitHub/GameJam2017/NotTheBees/Content/ThirdPersonBP/Blueprints/HUDAkai.uasset
[2017.01.21-06.25.07:673][914]BlueprintLog: New page: Compile HUDAkai
[2017.01.21-06.25.08:247][968]LogSavePackage: Save=10.92ms
[2017.01.21-06.25.08:247][968]LogSavePackage: Moving '../../../../../../Users/Akai/Documents/GitHub/GameJam2017/NotTheBees/Saved/HUDAkaiBC5424C6412FE557D58593B09DB003CB.tmp' to '../../../../../../Users/Akai/Documents/GitHub/GameJam2017/NotTheBees/Content/ThirdPersonBP/Blueprints/HUDAkai.uasset'
[2017.01.21-06.25.08:249][968]LogSavePackage:Display: Finished SavePackage ../../../../../../Users/Akai/Documents/GitHub/GameJam2017/NotTheBees/Content/ThirdPersonBP/Blueprints/HUDAkai.uasset
[2017.01.21-06.25.53:294][984]LogEditorViewport: Clicking on Actor (LMB): StaticMeshActor (Cube5)
[2017.01.21-06.26.21:524][366]LogTemp: Repeting last play command: Selected Viewport
[2017.01.21-06.26.21:546][366]LogPlayLevel: PlayLevel: No blueprints needed recompiling
[2017.01.21-06.26.21:546][366]PIE: New page: PIE session: AkaiMap (Jan 20, 2017, 6:26:21 PM)
[2017.01.21-06.26.21:546][366]LogPlayLevel: Creating play world package: /Game/ThirdPersonBP/Maps/UEDPIE_0_AkaiMap
[2017.01.21-06.26.21:549][366]LogPlayLevel: PIE: StaticDuplicateObject took: (0.003362s)
[2017.01.21-06.26.21:550][366]LogAIModule: Creating AISystem for world AkaiMap
[2017.01.21-06.26.21:550][366]LogPlayLevel: PIE: World Init took: (0.000552s)
[2017.01.21-06.26.21:550][366]LogPlayLevel: PIE: Created PIE world by copying editor world from /Game/ThirdPersonBP/Maps/AkaiMap.AkaiMap to /Game/ThirdPersonBP/Maps/UEDPIE_0_AkaiMap.AkaiMap (0.004088s)
[2017.01.21-06.26.21:570][366]LogInit: XAudio2 using 'Realtek Digital Output (Realtek High Definition Audio)' : 2 channels at 48 kHz using 16 bits per sample (channel mask 0x3)
[2017.01.21-06.26.21:588][366]LogInit: FAudioDevice initialized.
[2017.01.21-06.26.21:618][366]LogLoad: Game class is 'ThirdPersonGameMode_C'
[2017.01.21-06.26.21:619][366]LogWorld: Bringing World /Game/ThirdPersonBP/Maps/UEDPIE_0_AkaiMap.AkaiMap up for play (max tick rate 0) at 2017.01.21-00.26.21
[2017.01.21-06.26.21:619][366]LogWorld: Bringing up level for play took: 0.000732
[2017.01.21-06.26.21:620][366]PIE: Info Play in editor start time for /Game/ThirdPersonBP/Maps/UEDPIE_0_AkaiMap 0.485
[2017.01.21-06.27.38:025][511]LogSavePackage: Save=47.43ms
[2017.01.21-06.27.38:025][511]LogSavePackage: Moving '../../../../../../Users/Akai/Documents/GitHub/GameJam2017/NotTheBees/Saved/AkaiMap38BA1A814ABE55A946A5F9A13A0CA446.tmp' to '../../../../../../Users/Akai/Documents/GitHub/GameJam2017/NotTheBees/Content/ThirdPersonBP/Maps/AkaiMap.umap'
[2017.01.21-06.27.38:028][511]LogSavePackage:Display: Finished SavePackage ../../../../../../Users/Akai/Documents/GitHub/GameJam2017/NotTheBees/Content/ThirdPersonBP/Maps/AkaiMap.umap
[2017.01.21-06.27.40:047][751]LogEditorViewport: Clicking on Actor (LMB): StaticMeshActor (Floor)
[2017.01.21-06.27.41:157][882]LogEditorViewport: Clicking on Actor (LMB): StaticMeshActor (Floor)
[2017.01.21-06.28.01:452][514]LogLinker: Can't find file '/Game/ThirdPersonBP/Maps/mapAkai'
[2017.01.21-06.28.01:453][514]LogLinker: Can't find file '/Game/ThirdPersonBP/Maps/mapAkai'
[2017.01.21-06.28.01:453][514]LogProperty:Warning: ObjectProperty /Script/BlueprintGraph.K2Node_ActorBoundEvent:EventOwner: unresolved reference to 'TriggerBox'/Game/ThirdPersonBP/Maps/mapAkai.mapAkai:PersistentLevel.TriggerBox_1''
[2017.01.21-06.28.01:453][514]LogLinker: Can't find file '/Game/ThirdPersonBP/Maps/mapAkai'
[2017.01.21-06.28.01:454][514]LogLinker: Can't find file '/Game/ThirdPersonBP/Maps/mapAkai'
[2017.01.21-06.28.01:454][514]LogProperty:Warning: ObjectProperty /Script/BlueprintGraph.K2Node_Literal:ObjectRef: unresolved reference to 'TriggerBox'/Game/ThirdPersonBP/Maps/mapAkai.mapAkai:PersistentLevel.TriggerBox_1''
[2017.01.21-06.28.01:454][514]LogLinker: Can't find file '/Game/ThirdPersonBP/Maps/mapAkai'
[2017.01.21-06.28.01:454][514]LogProperty:Warning: ObjectProperty /Script/BlueprintGraph.K2Node_ActorBoundEvent:EventOwner: unresolved reference to 'TriggerBox'/Game/ThirdPersonBP/Maps/mapAkai.mapAkai:PersistentLevel.TriggerBox_1''
[2017.01.21-06.28.01:454][514]LogLinker: Can't find file '/Game/ThirdPersonBP/Maps/mapAkai'
[2017.01.21-06.28.01:455][514]LogLinker: Can't find file '/Game/UE4/ThirdPersonBP/Blueprints/CharAkai'
[2017.01.21-06.28.01:455][514]LogLinker: Can't find file '/Game/UE4/ThirdPersonBP/Blueprints/CharAkai'
[2017.01.21-06.28.01:455][514]LogProperty:Warning: ObjectProperty /Script/Engine.MemberReference:MemberParent: unresolved reference to 'BlueprintGeneratedClass'/Game/UE4/ThirdPersonBP/Blueprints/CharAkai.CharAkai_C',MemberName="Count",MemberGuid=B98406CC40CF98CE08E20093605FE179)'
[2017.01.21-06.28.01:455][514]LogLinker: Can't find file '/Game/UE4/ThirdPersonBP/Blueprints/CharAkai'
[2017.01.21-06.28.01:456][514]LogLinker: Can't find file '/Game/UE4/ThirdPersonBP/Blueprints/CharAkai'
[2017.01.21-06.28.01:456][514]LogProperty:Warning: ObjectProperty /Script/Engine.MemberReference:MemberParent: unresolved reference to 'BlueprintGeneratedClass'/Game/UE4/ThirdPersonBP/Blueprints/CharAkai.CharAkai_C',MemberName="Count",MemberGuid=B98406CC40CF98CE08E20093605FE179)'
[2017.01.21-06.28.01:456][514]LogLinker: Can't find file '/Game/UE4/ThirdPersonBP/Blueprints/CharAkai'
[2017.01.21-06.28.01:456][514]LogLinker: Can't find file '/Game/UE4/ThirdPersonBP/Blueprints/CharAkai'
[2017.01.21-06.28.01:456][514]LogProperty:Warning: ClassProperty /Script/BlueprintGraph.K2Node_DynamicCast:TargetType: unresolved reference to 'BlueprintGeneratedClass'/Game/UE4/ThirdPersonBP/Blueprints/CharAkai.CharAkai_C''
[2017.01.21-06.28.01:457][514]LogLinker: Can't find file '/Game/UE4/ThirdPersonBP/Blueprints/CharAkai'
[2017.01.21-06.28.01:457][514]LogLinker: Can't find file '/Game/UE4/ThirdPersonBP/Blueprints/CharAkai'
[2017.01.21-06.28.01:457][514]LogProperty:Warning: ClassProperty /Script/BlueprintGraph.K2Node_DynamicCast:TargetType: unresolved reference to 'BlueprintGeneratedClass'/Game/UE4/ThirdPersonBP/Blueprints/CharAkai.CharAkai_C''
[2017.01.21-06.28.01:457][514]LogLinker: Can't find file '/Game/UE4/ThirdPersonBP/Blueprints/CharAkai'
[2017.01.21-06.28.01:458][514]LogLinker: Can't find file '/Game/UE4/ThirdPersonBP/Blueprints/CharAkai'
[2017.01.21-06.28.01:458][514]LogProperty:Warning: ObjectProperty /Script/Engine.MemberReference:MemberParent: unresolved reference to 'BlueprintGeneratedClass'/Game/UE4/ThirdPersonBP/Blueprints/CharAkai.CharAkai_C',MemberName="Count",MemberGuid=B98406CC40CF98CE08E20093605FE179)'
[2017.01.21-06.28.01:458][514]LogLinker: Can't find file '/Game/UE4/ThirdPersonBP/Blueprints/CharAkai'
[2017.01.21-06.28.01:458][514]LogLinker: Can't find file '/Game/UE4/ThirdPersonBP/Blueprints/CharAkai'
[2017.01.21-06.28.01:458][514]LogProperty:Warning: ObjectProperty /Script/Engine.MemberReference:MemberParent: unresolved reference to 'BlueprintGeneratedClass'/Game/UE4/ThirdPersonBP/Blueprints/CharAkai.CharAkai_C',MemberName="Count",MemberGuid=B98406CC40CF98CE08E20093605FE179)'
[2017.01.21-06.28.01:459][514]LogLinker: Can't find file '/Game/UE4/ThirdPersonBP/Blueprints/CharAkai'
[2017.01.21-06.28.01:460][514]LogBlueprint:Warning: [AkaiMap] 'Count' variable not found. Base class was probably changed.
[2017.01.21-06.28.01:460][514]LogBlueprint:Warning: [AkaiMap] 'Count' variable not found. Base class was probably changed.
[2017.01.21-06.28.01:460][514]LogBlueprint:Warning: [AkaiMap] 'Count' variable not found. Base class was probably changed.
[2017.01.21-06.28.01:460][514]LogBlueprint:Warning: [AkaiMap] 'Count' variable not found. Base class was probably changed.
[2017.01.21-06.28.01:460][514]LogBlueprint:Warning: [AkaiMap] 'Count' variable not found. Base class was probably changed.
[2017.01.21-06.28.01:460][514]LogBlueprint:Warning: [AkaiMap] 'Count' variable not found. Base class was probably changed.
[2017.01.21-06.32.41:001][991]BlueprintLog: New page: Compile AkaiMap
[2017.01.21-06.32.42:058][107]LogTemp: Repeting last play command: Selected Viewport
[2017.01.21-06.32.42:071][107]LogBlueprintUserMessages: Early PlayInEditor Detection: Level '/Game/ThirdPersonBP/Maps/AkaiMap.AkaiMap:PersistentLevel' has LevelScriptBlueprint '/Game/ThirdPersonBP/Maps/AkaiMap.AkaiMap:PersistentLevel.AkaiMap' with GeneratedClass '/Game/ThirdPersonBP/Maps/AkaiMap.AkaiMap_C' with ClassGeneratedBy '/Game/ThirdPersonBP/Maps/AkaiMap.AkaiMap:PersistentLevel.AkaiMap'
[2017.01.21-06.32.42:071][107]LogPlayLevel: PlayLevel: No blueprints needed recompiling
[2017.01.21-06.32.42:071][107]PIE: New page: PIE session: AkaiMap (Jan 20, 2017, 6:32:42 PM)
[2017.01.21-06.32.42:071][107]LogPlayLevel: Creating play world package: /Game/ThirdPersonBP/Maps/UEDPIE_0_AkaiMap
[2017.01.21-06.32.42:075][107]LogPlayLevel: PIE: StaticDuplicateObject took: (0.004083s)
[2017.01.21-06.32.42:075][107]LogAIModule: Creating AISystem for world AkaiMap
[2017.01.21-06.32.42:076][107]LogPlayLevel: PIE: World Init took: (0.000562s)
[2017.01.21-06.32.42:076][107]LogPlayLevel: PIE: Created PIE world by copying editor world from /Game/ThirdPersonBP/Maps/AkaiMap.AkaiMap to /Game/ThirdPersonBP/Maps/UEDPIE_0_AkaiMap.AkaiMap (0.004822s)
[2017.01.21-06.32.42:090][107]LogInit: XAudio2 using 'Realtek Digital Output (Realtek High Definition Audio)' : 2 channels at 48 kHz using 16 bits per sample (channel mask 0x3)
[2017.01.21-06.32.42:107][107]LogInit: FAudioDevice initialized.
[2017.01.21-06.32.42:138][107]LogLoad: Game class is 'ThirdPersonGameMode_C'
[2017.01.21-06.32.42:139][107]LogWorld: Bringing World /Game/ThirdPersonBP/Maps/UEDPIE_0_AkaiMap.AkaiMap up for play (max tick rate 0) at 2017.01.21-00.32.42
[2017.01.21-06.32.42:139][107]LogWorld: Bringing up level for play took: 0.000835
[2017.01.21-06.32.42:142][107]PIE: Info Play in editor start time for /Game/ThirdPersonBP/Maps/UEDPIE_0_AkaiMap 1.006
[2017.01.21-06.32.42:142][107]LogBlueprintUserMessages: Late PlayInEditor Detection: Level '/Game/ThirdPersonBP/Maps/AkaiMap.AkaiMap:PersistentLevel' has LevelScriptBlueprint '/Game/ThirdPersonBP/Maps/AkaiMap.AkaiMap:PersistentLevel.AkaiMap' with GeneratedClass '/Game/ThirdPersonBP/Maps/AkaiMap.AkaiMap_C' with ClassGeneratedBy '/Game/ThirdPersonBP/Maps/AkaiMap.AkaiMap:PersistentLevel.AkaiMap'
[2017.01.21-06.32.42:152][107]LogRenderer: Reallocating scene render targets to support 1292x756 NumSamples 1 (Frame:100440).
[2017.01.21-06.32.49:172][946]LogBlueprintUserMessages: Early EndPlayMap Detection: Level '/Game/ThirdPersonBP/Maps/AkaiMap.AkaiMap:PersistentLevel' has LevelScriptBlueprint '/Game/ThirdPersonBP/Maps/AkaiMap.AkaiMap:PersistentLevel.AkaiMap' with GeneratedClass '/Game/ThirdPersonBP/Maps/AkaiMap.AkaiMap_C' with ClassGeneratedBy '/Game/ThirdPersonBP/Maps/AkaiMap.AkaiMap:PersistentLevel.AkaiMap'
[2017.01.21-06.32.49:225][946]LogBlueprintUserMessages: Late EndPlayMap Detection: Level '/Game/ThirdPersonBP/Maps/AkaiMap.AkaiMap:PersistentLevel' has LevelScriptBlueprint '/Game/ThirdPersonBP/Maps/AkaiMap.AkaiMap:PersistentLevel.AkaiMap' with GeneratedClass '/Game/ThirdPersonBP/Maps/AkaiMap.AkaiMap_C' with ClassGeneratedBy '/Game/ThirdPersonBP/Maps/AkaiMap.AkaiMap:PersistentLevel.AkaiMap'
[2017.01.21-06.33.40:353][269]LogHttp:Warning: 000001B48D0B7A00: request failed, libcurl error: 6 (Couldn't resolve host name)
[2017.01.21-06.33.40:353][269]LogHttp:Warning: 000001B48D0B7A00: libcurl info message cache 0 (Connection 14 seems to be dead!)
[2017.01.21-06.33.40:353][269]LogHttp:Warning: 000001B48D0B7A00: libcurl info message cache 1 (Closing connection 14)
[2017.01.21-06.33.40:353][269]LogHttp:Warning: 000001B48D0B7A00: libcurl info message cache 2 (TLSv1.2 (OUT), TLS alert, Client hello (1):)
[2017.01.21-06.33.40:353][269]LogHttp:Warning: 000001B48D0B7A00: libcurl info message cache 3 (Could not resolve host: datarouter.ol.epicgames.com)
[2017.01.21-06.33.40:353][269]LogHttp:Warning: 000001B48D0B7A00: libcurl info message cache 4 (Closing connection 15)
[2017.01.21-06.34.45:265][984]LogSlate:Warning: Prevented a slow task dialog from being summoned while a context menu was open
[2017.01.21-06.34.54:254][ 61]BlueprintLog: New page: Compile GamemodeAkai
[2017.01.21-06.34.55:932][247]LogSavePackage: Save=6.78ms
[2017.01.21-06.34.55:932][247]LogSavePackage: Moving '../../../../../../Users/Akai/Documents/GitHub/GameJam2017/NotTheBees/Saved/GamemodeAkai35D508E84750643DD160C3B631F650F4.tmp' to '../../../../../../Users/Akai/Documents/GitHub/GameJam2017/NotTheBees/Content/ThirdPersonBP/Blueprints/GamemodeAkai.uasset'
[2017.01.21-06.34.55:933][247]LogSavePackage:Display: Finished SavePackage ../../../../../../Users/Akai/Documents/GitHub/GameJam2017/NotTheBees/Content/ThirdPersonBP/Blueprints/GamemodeAkai.uasset
[2017.01.21-06.35.50:451][773]LogTemp: Repeting last play command: Selected Viewport
[2017.01.21-06.35.50:467][773]LogBlueprintUserMessages: Early PlayInEditor Detection: Level '/Game/ThirdPersonBP/Maps/AkaiMap.AkaiMap:PersistentLevel' has LevelScriptBlueprint '/Game/ThirdPersonBP/Maps/AkaiMap.AkaiMap:PersistentLevel.AkaiMap' with GeneratedClass '/Game/ThirdPersonBP/Maps/AkaiMap.AkaiMap_C' with ClassGeneratedBy '/Game/ThirdPersonBP/Maps/AkaiMap.AkaiMap:PersistentLevel.AkaiMap'
[2017.01.21-06.35.50:467][773]LogPlayLevel: PlayLevel: No blueprints needed recompiling
[2017.01.21-06.35.50:467][773]PIE: New page: PIE session: AkaiMap (Jan 20, 2017, 6:35:50 PM)
[2017.01.21-06.35.50:467][773]LogPlayLevel: Creating play world package: /Game/ThirdPersonBP/Maps/UEDPIE_0_AkaiMap
[2017.01.21-06.35.50:471][773]LogPlayLevel: PIE: StaticDuplicateObject took: (0.004134s)
[2017.01.21-06.35.50:471][773]LogAIModule: Creating AISystem for world AkaiMap
[2017.01.21-06.35.50:471][773]LogPlayLevel: PIE: World Init took: (0.000444s)
[2017.01.21-06.35.50:472][773]LogPlayLevel: PIE: Created PIE world by copying editor world from /Game/ThirdPersonBP/Maps/AkaiMap.AkaiMap to /Game/ThirdPersonBP/Maps/UEDPIE_0_AkaiMap.AkaiMap (0.004762s)
[2017.01.21-06.35.50:487][773]LogInit: XAudio2 using 'Realtek Digital Output (Realtek High Definition Audio)' : 2 channels at 48 kHz using 16 bits per sample (channel mask 0x3)
[2017.01.21-06.35.50:503][773]LogInit: FAudioDevice initialized.
[2017.01.21-06.35.50:529][773]LogLoad: Game class is 'ThirdPersonGameMode_C'
[2017.01.21-06.35.50:531][773]LogWorld: Bringing World /Game/ThirdPersonBP/Maps/UEDPIE_0_AkaiMap.AkaiMap up for play (max tick rate 0) at 2017.01.21-00.35.50
[2017.01.21-06.35.50:531][773]LogWorld: Bringing up level for play took: 0.000777
[2017.01.21-06.35.50:533][773]PIE: Info Play in editor start time for /Game/ThirdPersonBP/Maps/UEDPIE_0_AkaiMap -0.603
[2017.01.21-06.35.50:533][773]LogBlueprintUserMessages: Late PlayInEditor Detection: Level '/Game/ThirdPersonBP/Maps/AkaiMap.AkaiMap:PersistentLevel' has LevelScriptBlueprint '/Game/ThirdPersonBP/Maps/AkaiMap.AkaiMap:PersistentLevel.AkaiMap' with GeneratedClass '/Game/ThirdPersonBP/Maps/AkaiMap.AkaiMap_C' with ClassGeneratedBy '/Game/ThirdPersonBP/Maps/AkaiMap.AkaiMap:PersistentLevel.AkaiMap'
[2017.01.21-06.35.52:342][988]LogBlueprintUserMessages: Early EndPlayMap Detection: Level '/Game/ThirdPersonBP/Maps/AkaiMap.AkaiMap:PersistentLevel' has LevelScriptBlueprint '/Game/ThirdPersonBP/Maps/AkaiMap.AkaiMap:PersistentLevel.AkaiMap' with GeneratedClass '/Game/ThirdPersonBP/Maps/AkaiMap.AkaiMap_C' with ClassGeneratedBy '/Game/ThirdPersonBP/Maps/AkaiMap.AkaiMap:PersistentLevel.AkaiMap'
[2017.01.21-06.35.52:385][988]LogBlueprintUserMessages: Late EndPlayMap Detection: Level '/Game/ThirdPersonBP/Maps/AkaiMap.AkaiMap:PersistentLevel' has LevelScriptBlueprint '/Game/ThirdPersonBP/Maps/AkaiMap.AkaiMap:PersistentLevel.AkaiMap' with GeneratedClass '/Game/ThirdPersonBP/Maps/AkaiMap.AkaiMap_C' with ClassGeneratedBy '/Game/ThirdPersonBP/Maps/AkaiMap.AkaiMap:PersistentLevel.AkaiMap'
[2017.01.21-06.37.18:842][300]LogSlate:Warning: Prevented a slow task dialog from being summoned while a context menu was open
[2017.01.21-06.37.26:458][199]LogSavePackage: Save=86.18ms
[2017.01.21-06.37.26:458][199]LogSavePackage: Moving '../../../../../../Users/Akai/Documents/GitHub/GameJam2017/NotTheBees/Saved/AkaiMapD82C01A94A31AADF514E37A06A4C5128.tmp' to '../../../../../../Users/Akai/Documents/GitHub/GameJam2017/NotTheBees/Content/ThirdPersonBP/Maps/AkaiMap.umap'
[2017.01.21-06.37.26:460][199]LogSavePackage:Display: Finished SavePackage ../../../../../../Users/Akai/Documents/GitHub/GameJam2017/NotTheBees/Content/ThirdPersonBP/Maps/AkaiMap.umap
[2017.01.21-06.37.27:521][323]LogTemp: Repeting last play command: Selected Viewport
[2017.01.21-06.37.27:535][323]LogBlueprintUserMessages: Early PlayInEditor Detection: Level '/Game/ThirdPersonBP/Maps/AkaiMap.AkaiMap:PersistentLevel' has LevelScriptBlueprint '/Game/ThirdPersonBP/Maps/AkaiMap.AkaiMap:PersistentLevel.AkaiMap' with GeneratedClass '/Game/ThirdPersonBP/Maps/AkaiMap.AkaiMap_C' with ClassGeneratedBy '/Game/ThirdPersonBP/Maps/AkaiMap.AkaiMap:PersistentLevel.AkaiMap'
[2017.01.21-06.37.27:535][323]LogPlayLevel: PlayLevel: No blueprints needed recompiling
[2017.01.21-06.37.27:535][323]PIE: New page: PIE session: AkaiMap (Jan 20, 2017, 6:37:27 PM)
[2017.01.21-06.37.27:535][323]LogPlayLevel: Creating play world package: /Game/ThirdPersonBP/Maps/UEDPIE_0_AkaiMap
[2017.01.21-06.37.27:539][323]LogPlayLevel: PIE: StaticDuplicateObject took: (0.004052s)
[2017.01.21-06.37.27:539][323]LogAIModule: Creating AISystem for world AkaiMap
[2017.01.21-06.37.27:539][323]LogPlayLevel: PIE: World Init took: (0.000450s)
[2017.01.21-06.37.27:539][323]LogPlayLevel: PIE: Created PIE world by copying editor world from /Game/ThirdPersonBP/Maps/AkaiMap.AkaiMap to /Game/ThirdPersonBP/Maps/UEDPIE_0_AkaiMap.AkaiMap (0.004646s)
[2017.01.21-06.37.27:555][323]LogInit: XAudio2 using 'Realtek Digital Output (Realtek High Definition Audio)' : 2 channels at 48 kHz using 16 bits per sample (channel mask 0x3)
[2017.01.21-06.37.27:572][323]LogInit: FAudioDevice initialized.
[2017.01.21-06.37.27:601][323]LogLoad: Game class is 'GamemodeAkai_C'
[2017.01.21-06.37.27:603][323]LogWorld: Bringing World /Game/ThirdPersonBP/Maps/UEDPIE_0_AkaiMap.AkaiMap up for play (max tick rate 0) at 2017.01.21-00.37.27
[2017.01.21-06.37.27:603][323]LogWorld: Bringing up level for play took: 0.000747
[2017.01.21-06.37.27:605][323]PIE: Info Play in editor start time for /Game/ThirdPersonBP/Maps/UEDPIE_0_AkaiMap 0.469
[2017.01.21-06.37.27:605][323]LogBlueprintUserMessages: Late PlayInEditor Detection: Level '/Game/ThirdPersonBP/Maps/AkaiMap.AkaiMap:PersistentLevel' has LevelScriptBlueprint '/Game/ThirdPersonBP/Maps/AkaiMap.AkaiMap:PersistentLevel.AkaiMap' with GeneratedClass '/Game/ThirdPersonBP/Maps/AkaiMap.AkaiMap_C' with ClassGeneratedBy '/Game/ThirdPersonBP/Maps/AkaiMap.AkaiMap:PersistentLevel.AkaiMap'
[2017.01.21-06.37.35:542][273]LogBlueprintUserMessages: Early EndPlayMap Detection: Level '/Game/ThirdPersonBP/Maps/AkaiMap.AkaiMap:PersistentLevel' has LevelScriptBlueprint '/Game/ThirdPersonBP/Maps/AkaiMap.AkaiMap:PersistentLevel.AkaiMap' with GeneratedClass '/Game/ThirdPersonBP/Maps/AkaiMap.AkaiMap_C' with ClassGeneratedBy '/Game/ThirdPersonBP/Maps/AkaiMap.AkaiMap:PersistentLevel.AkaiMap'
[2017.01.21-06.37.35:570][273]LogBlueprintUserMessages: Late EndPlayMap Detection: Level '/Game/ThirdPersonBP/Maps/AkaiMap.AkaiMap:PersistentLevel' has LevelScriptBlueprint '/Game/ThirdPersonBP/Maps/AkaiMap.AkaiMap:PersistentLevel.AkaiMap' with GeneratedClass '/Game/ThirdPersonBP/Maps/AkaiMap.AkaiMap_C' with ClassGeneratedBy '/Game/ThirdPersonBP/Maps/AkaiMap.AkaiMap:PersistentLevel.AkaiMap'
[2017.01.21-06.37.36:781][415]MapCheck: New page: Map Check
[2017.01.21-06.37.36:795][415]Cmd: MAP REBUILD ALLVISIBLE
[2017.01.21-06.37.36:795][415]LogEditorServer: Rebuildmap Clear paths rebuilt
[2017.01.21-06.37.36:884][415]LightingResults: New page: Lighting Build - Jan 20, 2017, 6:37:36 PM
[2017.01.21-06.37.36:949][415]LogSwarmInterface: [OpenConnection] Registering TCP channel ...
[2017.01.21-06.37.37:016][415]LogSwarmInterface: [OpenConnection] Connecting to agent ...
[2017.01.21-06.37.37:027][415]LogSwarmInterface: [TryOpenConnection] Testing the Agent
[2017.01.21-06.37.37:557][415]LogSwarmInterface: [TryOpenConnection] Opening Connection to Agent
[2017.01.21-06.37.37:557][415]LogSwarmInterface: [TryOpenConnection] Local Process ID is 7784
[2017.01.21-06.37.39:807][415]LogStaticLightingSystem:Warning: No importance volume found, so the scene bounding box was used.  You can optimize your scene's quality and lighting build times by adding importance volumes.
[2017.01.21-06.37.39:807][415]LogStaticLightingSystem: Running Lightmass w/ ImmediateImport mode ENABLED
[2017.01.21-06.37.39:808][415]LogStaticLightingSystem: Running Lightmass w/ ImmediateProcess mode ENABLED
[2017.01.21-06.37.39:808][415]LogStaticLightingSystem: Running Lightmass w/ Sorting mode ENABLED
[2017.01.21-06.37.39:808][415]LogStaticLightingSystem: Running Lightmass w/ Mapping paddings ENABLED
[2017.01.21-06.37.39:808][415]LogStaticLightingSystem: Running Lightmass w/ Mapping debug paddings DISABLED
[2017.01.21-06.37.39:916][415]Cmd: MAP CHECK DONTDISPLAYDIALOG
[2017.01.21-06.37.39:917][415]MapCheck: New page: AkaiMap - Jan 20, 2017, 6:37:39 PM
[2017.01.21-06.37.39:917][415]MapCheck:Error: Error WorldSettings_1 Maps need lighting rebuilt 
[2017.01.21-06.37.39:950][415]MapCheck: Info Map check complete: 1 Error(s), 0 Warning(s), took 33.995ms to complete.
[2017.01.21-06.37.39:972][415]LogEditorBuildUtils: Build time 0:03
[2017.01.21-06.37.39:982][415]LogMaterial: Missing cached shader map for material FLightmassMaterialRenderer DefaultMaterial, compiling. 
[2017.01.21-06.37.39:987][415]LogMaterial: Missing cached shader map for material FLightmassMaterialRenderer DefaultMaterial, compiling. 
[2017.01.21-06.37.39:991][415]LogMaterial: Missing cached shader map for material FLightmassMaterialRenderer MaterialInstanceDynamic_3, compiling. 
[2017.01.21-06.37.39:995][415]LogMaterial: Missing cached shader map for material FLightmassMaterialRenderer MaterialInstanceDynamic_3, compiling. 
[2017.01.21-06.37.40:041][416]LogMaterial: Missing cached shader map for material FLightmassMaterialRenderer WorldGridMaterial, compiling. Is special engine material.
[2017.01.21-06.37.40:048][416]LogMaterial: Missing cached shader map for material FLightmassMaterialRenderer WorldGridMaterial, compiling. Is special engine material.
[2017.01.21-06.37.42:291][490]Job is a success!
[2017.01.21-06.37.42:586][491]LogTexture:Display: Building textures: SkyOcclusion0_1 (AutoDXT)
[2017.01.21-06.37.42:586][491]LogTexture:Display: Building textures: HQ_Lightmap0_1 (AutoDXT)
[2017.01.21-06.37.42:586][491]LogTexture:Display: Building textures: LQ_Lightmap_0_1 (DXT1)
[2017.01.21-06.37.42:586][491]LogTexture:Display: Building textures: SkyOcclusion0_2 (AutoDXT)
[2017.01.21-06.37.42:586][491]LogTexture:Display: Building textures: HQ_Lightmap0_2 (AutoDXT)
[2017.01.21-06.37.42:586][491]LogTexture:Display: Building textures: LQ_Lightmap_0_2 (DXT1)
[2017.01.21-06.37.42:586][491]LogTexture:Display: Building textures: SkyOcclusion0_3 (AutoDXT)
[2017.01.21-06.37.42:586][491]LogTexture:Display: Building textures: HQ_Lightmap0_3 (AutoDXT)
[2017.01.21-06.37.42:586][491]LogTexture:Display: Building textures: LQ_Lightmap_0_3 (DXT1)
[2017.01.21-06.37.42:586][491]LogTexture:Display: Building textures: ShadowMapTexture2D_0 (G8)
[2017.01.21-06.37.42:586][491]LogTexture:Display: Building textures: ShadowMapTexture2D_1 (G8)
[2017.01.21-06.37.42:586][491]LogTexture:Display: Building textures: ShadowMapTexture2D_2 (G8)
[2017.01.21-06.37.42:609][491]Lightmass on ELLIE: 992 ms total, 76 ms importing, 12 ms setup, 289 ms photons, 603 ms processing, 0 ms extra exporting [50/50 mappings]. Threads: 4.06 sec total, 1.22 sec processing.
[2017.01.21-06.37.42:632][491]LogStaticLightingSystem: Illumination: 5.73 sec (139 ms encoding lightmaps, 106 ms encoding shadowmaps)
[2017.01.21-06.37.42:632][491]LogStaticLightingSystem: Lightmap texture memory:  2.8 MB (0.2 MB streaming, 2.7 MB non-streaming), 6 textures
[2017.01.21-06.37.42:632][491]LogStaticLightingSystem: Shadowmap texture memory: 0.7 MB (0.0 MB streaming, 0.7 MB non-streaming), 3 textures
[2017.01.21-06.37.42:809][491]DumpUnbuiltLightIteractions
[2017.01.21-06.37.42:809][491]Lights with unbuilt interactions: 0
[2017.01.21-06.37.42:809][491]
[2017.01.21-06.37.42:809][491]Primitives with unbuilt interactions: 0
[2017.01.21-06.37.42:844][492]Cmd: MAP CHECK NOTIFYRESULTS
[2017.01.21-06.37.42:844][492]MapCheck: New page: AkaiMap - Jan 20, 2017, 6:37:42 PM
[2017.01.21-06.37.42:881][492]MapCheck: Info Map check complete: 0 Error(s), 0 Warning(s), took 36.464ms to complete.
[2017.01.21-06.37.44:720][710]LogTemp: Repeting last play command: Selected Viewport
[2017.01.21-06.37.44:734][710]LogBlueprintUserMessages: Early PlayInEditor Detection: Level '/Game/ThirdPersonBP/Maps/AkaiMap.AkaiMap:PersistentLevel' has LevelScriptBlueprint '/Game/ThirdPersonBP/Maps/AkaiMap.AkaiMap:PersistentLevel.AkaiMap' with GeneratedClass '/Game/ThirdPersonBP/Maps/AkaiMap.AkaiMap_C' with ClassGeneratedBy '/Game/ThirdPersonBP/Maps/AkaiMap.AkaiMap:PersistentLevel.AkaiMap'
[2017.01.21-06.37.44:734][710]LogPlayLevel: PlayLevel: No blueprints needed recompiling
[2017.01.21-06.37.44:734][710]PIE: New page: PIE session: AkaiMap (Jan 20, 2017, 6:37:44 PM)
[2017.01.21-06.37.44:734][710]LogPlayLevel: Creating play world package: /Game/ThirdPersonBP/Maps/UEDPIE_0_AkaiMap
[2017.01.21-06.37.44:738][710]LogPlayLevel: PIE: StaticDuplicateObject took: (0.003491s)
[2017.01.21-06.37.44:738][710]LogAIModule: Creating AISystem for world AkaiMap
[2017.01.21-06.37.44:738][710]LogPlayLevel: PIE: World Init took: (0.000452s)
[2017.01.21-06.37.44:738][710]LogPlayLevel: PIE: Created PIE world by copying editor world from /Game/ThirdPersonBP/Maps/AkaiMap.AkaiMap to /Game/ThirdPersonBP/Maps/UEDPIE_0_AkaiMap.AkaiMap (0.004162s)
[2017.01.21-06.37.44:755][710]LogInit: XAudio2 using 'Realtek Digital Output (Realtek High Definition Audio)' : 2 channels at 48 kHz using 16 bits per sample (channel mask 0x3)
[2017.01.21-06.37.44:772][710]LogInit: FAudioDevice initialized.
[2017.01.21-06.37.44:803][710]LogLoad: Game class is 'GamemodeAkai_C'
[2017.01.21-06.37.44:804][710]LogWorld: Bringing World /Game/ThirdPersonBP/Maps/UEDPIE_0_AkaiMap.AkaiMap up for play (max tick rate 0) at 2017.01.21-00.37.44
[2017.01.21-06.37.44:805][710]LogWorld: Bringing up level for play took: 0.001030
[2017.01.21-06.37.44:806][710]PIE: Info Play in editor start time for /Game/ThirdPersonBP/Maps/UEDPIE_0_AkaiMap -0.329
[2017.01.21-06.37.44:806][710]LogBlueprintUserMessages: Late PlayInEditor Detection: Level '/Game/ThirdPersonBP/Maps/AkaiMap.AkaiMap:PersistentLevel' has LevelScriptBlueprint '/Game/ThirdPersonBP/Maps/AkaiMap.AkaiMap:PersistentLevel.AkaiMap' with GeneratedClass '/Game/ThirdPersonBP/Maps/AkaiMap.AkaiMap_C' with ClassGeneratedBy '/Game/ThirdPersonBP/Maps/AkaiMap.AkaiMap:PersistentLevel.AkaiMap'
[2017.01.21-06.37.49:802][307]LogBlueprintUserMessages: Early EndPlayMap Detection: Level '/Game/ThirdPersonBP/Maps/AkaiMap.AkaiMap:PersistentLevel' has LevelScriptBlueprint '/Game/ThirdPersonBP/Maps/AkaiMap.AkaiMap:PersistentLevel.AkaiMap' with GeneratedClass '/Game/ThirdPersonBP/Maps/AkaiMap.AkaiMap_C' with ClassGeneratedBy '/Game/ThirdPersonBP/Maps/AkaiMap.AkaiMap:PersistentLevel.AkaiMap'
[2017.01.21-06.37.49:834][307]LogBlueprintUserMessages: Late EndPlayMap Detection: Level '/Game/ThirdPersonBP/Maps/AkaiMap.AkaiMap:PersistentLevel' has LevelScriptBlueprint '/Game/ThirdPersonBP/Maps/AkaiMap.AkaiMap:PersistentLevel.AkaiMap' with GeneratedClass '/Game/ThirdPersonBP/Maps/AkaiMap.AkaiMap_C' with ClassGeneratedBy '/Game/ThirdPersonBP/Maps/AkaiMap.AkaiMap:PersistentLevel.AkaiMap'
[2017.01.21-06.38.02:287][787]BlueprintLog: New page: Compile HUDAkai
[2017.01.21-06.38.03:271][892]LogTemp: Repeting last play command: Selected Viewport
[2017.01.21-06.38.03:286][892]LogBlueprintUserMessages: Early PlayInEditor Detection: Level '/Game/ThirdPersonBP/Maps/AkaiMap.AkaiMap:PersistentLevel' has LevelScriptBlueprint '/Game/ThirdPersonBP/Maps/AkaiMap.AkaiMap:PersistentLevel.AkaiMap' with GeneratedClass '/Game/ThirdPersonBP/Maps/AkaiMap.AkaiMap_C' with ClassGeneratedBy '/Game/ThirdPersonBP/Maps/AkaiMap.AkaiMap:PersistentLevel.AkaiMap'
[2017.01.21-06.38.03:286][892]LogPlayLevel: PlayLevel: No blueprints needed recompiling
[2017.01.21-06.38.03:286][892]PIE: New page: PIE session: AkaiMap (Jan 20, 2017, 6:38:03 PM)
[2017.01.21-06.38.03:286][892]LogPlayLevel: Creating play world package: /Game/ThirdPersonBP/Maps/UEDPIE_0_AkaiMap
[2017.01.21-06.38.03:290][892]LogPlayLevel: PIE: StaticDuplicateObject took: (0.003702s)
[2017.01.21-06.38.03:290][892]LogAIModule: Creating AISystem for world AkaiMap
[2017.01.21-06.38.03:290][892]LogPlayLevel: PIE: World Init took: (0.000410s)
[2017.01.21-06.38.03:290][892]LogPlayLevel: PIE: Created PIE world by copying editor world from /Game/ThirdPersonBP/Maps/AkaiMap.AkaiMap to /Game/ThirdPersonBP/Maps/UEDPIE_0_AkaiMap.AkaiMap (0.004254s)
[2017.01.21-06.38.03:305][892]LogInit: XAudio2 using 'Realtek Digital Output (Realtek High Definition Audio)' : 2 channels at 48 kHz using 16 bits per sample (channel mask 0x3)
[2017.01.21-06.38.03:321][892]LogInit: FAudioDevice initialized.
[2017.01.21-06.38.03:354][892]LogLoad: Game class is 'GamemodeAkai_C'
[2017.01.21-06.38.03:356][892]LogWorld: Bringing World /Game/ThirdPersonBP/Maps/UEDPIE_0_AkaiMap.AkaiMap up for play (max tick rate 0) at 2017.01.21-00.38.03
[2017.01.21-06.38.03:356][892]LogWorld: Bringing up level for play took: 0.000809
[2017.01.21-06.38.03:359][892]PIE: Info Play in editor start time for /Game/ThirdPersonBP/Maps/UEDPIE_0_AkaiMap 0.224
[2017.01.21-06.38.03:360][892]LogBlueprintUserMessages: Late PlayInEditor Detection: Level '/Game/ThirdPersonBP/Maps/AkaiMap.AkaiMap:PersistentLevel' has LevelScriptBlueprint '/Game/ThirdPersonBP/Maps/AkaiMap.AkaiMap:PersistentLevel.AkaiMap' with GeneratedClass '/Game/ThirdPersonBP/Maps/AkaiMap.AkaiMap_C' with ClassGeneratedBy '/Game/ThirdPersonBP/Maps/AkaiMap.AkaiMap:PersistentLevel.AkaiMap'
[2017.01.21-06.38.16:360][448]LogBlueprintUserMessages: Early EndPlayMap Detection: Level '/Game/ThirdPersonBP/Maps/AkaiMap.AkaiMap:PersistentLevel' has LevelScriptBlueprint '/Game/ThirdPersonBP/Maps/AkaiMap.AkaiMap:PersistentLevel.AkaiMap' with GeneratedClass '/Game/ThirdPersonBP/Maps/AkaiMap.AkaiMap_C' with ClassGeneratedBy '/Game/ThirdPersonBP/Maps/AkaiMap.AkaiMap:PersistentLevel.AkaiMap'
[2017.01.21-06.38.16:399][448]LogBlueprintUserMessages: Late EndPlayMap Detection: Level '/Game/ThirdPersonBP/Maps/AkaiMap.AkaiMap:PersistentLevel' has LevelScriptBlueprint '/Game/ThirdPersonBP/Maps/AkaiMap.AkaiMap:PersistentLevel.AkaiMap' with GeneratedClass '/Game/ThirdPersonBP/Maps/AkaiMap.AkaiMap_C' with ClassGeneratedBy '/Game/ThirdPersonBP/Maps/AkaiMap.AkaiMap:PersistentLevel.AkaiMap'
[2017.01.21-06.38.57:510][914]LogLinker: Can't find file '/Game/UE4/ThirdPersonBP/Blueprints/CharAkai'
[2017.01.21-06.38.57:510][914]LogLinker: Can't find file '/Game/UE4/ThirdPersonBP/Blueprints/CharAkai'
[2017.01.21-06.38.57:510][914]LogLinker: Can't find file '/Game/UE4/ThirdPersonBP/Blueprints/CharAkai'
[2017.01.21-06.38.57:511][914]LogLinker: Can't find file '/Game/UE4/ThirdPersonBP/Blueprints/CharAkai'
[2017.01.21-06.38.57:512][914]LogLinker: Can't find file '/Game/UE4/ThirdPersonBP/Blueprints/CharAkai'
[2017.01.21-06.38.57:512][914]LogLinker: Can't find file '/Game/UE4/ThirdPersonBP/Blueprints/CharAkai'
[2017.01.21-06.38.57:518][914]LogBlueprint:Warning: [charakai] 'Physics Handle' variable not found. Base class was probably changed.
[2017.01.21-06.39.07:832][596]BlueprintLog: New page: Compile charakai
[2017.01.21-06.39.07:872][596]LogBlueprint:Warning: [Compiler charakai] Warning Could not find a variable named "Physics Handle" in 'charakai_C'.
Make sure 'charakai_C' has been compiled for  K2Node_VariableGet_65
[2017.01.21-06.39.07:875][596]LogBlueprint:Error: [Compiler charakai] Error The property associated with  Physics Handle  could not be found
[2017.01.21-06.39.08:008][596]BlueprintEditorCompileResults:Warning: Warning Could not find a variable named "Physics Handle" in 'charakai_C'.
Make sure 'charakai_C' has been compiled for  K2Node_VariableGet_65
[2017.01.21-06.39.08:008][596]BlueprintEditorCompileResults:Error: Error The property associated with  Physics Handle  could not be found
[2017.01.21-06.39.08:008][596]LogBlueprint:Warning: [Compiler charakai] Warning [2389.76] Compile of charakai failed. 1 Fatal Issue(s) 1 Warning(s) [in 175 ms] (/Game/ThirdPersonBP/Blueprints/charakai.charakai)
[2017.01.21-06.46.45:906][629]LogLinker: Can't find file '/Game/UE4/ThirdPersonBP/Blueprints/CharAkai'
[2017.01.21-06.46.45:906][629]LogLinker: Can't find file '/Game/UE4/ThirdPersonBP/Blueprints/CharAkai'
[2017.01.21-06.52.03:602][714]LogSavePackage: Save=84.68ms
[2017.01.21-06.52.03:602][714]LogSavePackage: Moving '../../../../../../Users/Akai/Documents/GitHub/GameJam2017/NotTheBees/Saved/AkaiMap_Auto2B4C1C31346940D49F76017AA8CCF32EF.tmp' to '../../../../../../Users/Akai/Documents/GitHub/GameJam2017/NotTheBees/Saved/Autosaves/Game/ThirdPersonBP/Maps/AkaiMap_Auto2.umap'
[2017.01.21-06.52.03:603][714]LogSavePackage:Display: Finished SavePackage ../../../../../../Users/Akai/Documents/GitHub/GameJam2017/NotTheBees/Saved/Autosaves/Game/ThirdPersonBP/Maps/AkaiMap_Auto2.umap
[2017.01.21-06.52.03:616][714]LogSavePackage: Save=9.96ms
[2017.01.21-06.52.03:616][714]LogSavePackage: Moving '../../../../../../Users/Akai/Documents/GitHub/GameJam2017/NotTheBees/Saved/AkaiMap_BuiltDataB8EE17F34961710183E5629DDD72F855.tmp' to '../../../../../../Users/Akai/Documents/GitHub/GameJam2017/NotTheBees/Content/ThirdPersonBP/Maps/AkaiMap_BuiltData.uasset'
[2017.01.21-06.52.03:617][714]LogSavePackage:Display: Finished SavePackage ../../../../../../Users/Akai/Documents/GitHub/GameJam2017/NotTheBees/Content/ThirdPersonBP/Maps/AkaiMap_BuiltData.uasset
[2017.01.21-06.52.03:618][714]LogFileHelpers: Editor autosave (incl. sublevels) for '/Game/ThirdPersonBP/Maps/AkaiMap' took 0.140
[2017.01.21-06.52.03:618][714]LogFileHelpers: Editor autosave (incl. sublevels) for all levels took 0.140
[2017.01.21-06.52.03:619][714]OBJ SavePackage: Generating thumbnails for [1] asset(s) in package [/Game/ThirdPersonBP/Blueprints/charakai] ([1] browsable assets)...
[2017.01.21-06.52.03:623][714]OBJ SavePackage:     Rendered thumbnail for [Blueprint /Game/ThirdPersonBP/Blueprints/charakai.charakai]
[2017.01.21-06.52.03:623][714]OBJ SavePackage: Finished generating thumbnails for package [/Game/ThirdPersonBP/Blueprints/charakai]
[2017.01.21-06.52.03:661][714]LogSavePackage: Save=33.58ms
[2017.01.21-06.52.03:661][714]LogSavePackage: Moving '../../../../../../Users/Akai/Documents/GitHub/GameJam2017/NotTheBees/Saved/charakai_Auto2DD16AB30419094EE6C65D6ADAE7B633A.tmp' to '../../../../../../Users/Akai/Documents/GitHub/GameJam2017/NotTheBees/Saved/Autosaves/Game/ThirdPersonBP/Blueprints/charakai_Auto2.uasset'
[2017.01.21-06.52.03:662][714]LogSavePackage:Display: Finished SavePackage ../../../../../../Users/Akai/Documents/GitHub/GameJam2017/NotTheBees/Saved/Autosaves/Game/ThirdPersonBP/Blueprints/charakai_Auto2.uasset
[2017.01.21-06.52.03:663][714]OBJ SavePackage: Generating thumbnails for [0] asset(s) in package [/Game/ThirdPersonBP/Blueprints/HUDAkai] ([1] browsable assets)...
[2017.01.21-06.52.03:663][714]OBJ SavePackage: Finished generating thumbnails for package [/Game/ThirdPersonBP/Blueprints/HUDAkai]
[2017.01.21-06.52.03:678][714]LogSavePackage: Save=11.05ms
[2017.01.21-06.52.03:678][714]LogSavePackage: Moving '../../../../../../Users/Akai/Documents/GitHub/GameJam2017/NotTheBees/Saved/HUDAkai_Auto2C33466C94AEAC3CBC5442D93987870AC.tmp' to '../../../../../../Users/Akai/Documents/GitHub/GameJam2017/NotTheBees/Saved/Autosaves/Game/ThirdPersonBP/Blueprints/HUDAkai_Auto2.uasset'
[2017.01.21-06.52.03:679][714]LogSavePackage:Display: Finished SavePackage ../../../../../../Users/Akai/Documents/GitHub/GameJam2017/NotTheBees/Saved/Autosaves/Game/ThirdPersonBP/Blueprints/HUDAkai_Auto2.uasset
[2017.01.21-06.52.03:679][714]LogFileHelpers: Auto-saving content packages took 0.061
[2017.01.21-06.55.17:170][289]LogLinker: Can't find file '/Game/UE4/ThirdPersonBP/Blueprints/CharAkai'
[2017.01.21-06.55.17:170][289]LogLinker: Can't find file '/Game/UE4/ThirdPersonBP/Blueprints/CharAkai'
[2017.01.21-06.55.17:171][289]LogLinker: Can't find file '/Game/UE4/ThirdPersonBP/Blueprints/CharAkai'
[2017.01.21-06.55.17:171][289]LogLinker: Can't find file '/Game/UE4/ThirdPersonBP/Blueprints/CharAkai'
[2017.01.21-06.55.21:250][768]BlueprintLog: New page: Compile charakai
[2017.01.21-06.55.21:275][768]LogBlueprint:Error: [Compiler charakai] Error This blueprint (self) is not a PhysicsHandleComponent, therefore ' self ' must have a connection.
[2017.01.21-06.55.21:407][768]BlueprintEditorCompileResults:Error: Error This blueprint (self) is not a PhysicsHandleComponent, therefore ' self ' must have a connection.
[2017.01.21-06.55.21:407][768]LogBlueprint:Warning: [Compiler charakai] Warning [3363.16] Compile of charakai failed. 1 Fatal Issue(s) 0 Warning(s) [in 156 ms] (/Game/ThirdPersonBP/Blueprints/charakai.charakai)
[2017.01.21-07.05.03:200][249]BlueprintLog: New page: Compile charakai
[2017.01.21-07.05.24:045][674]LogEditorTransaction: Undo Rename Node
[2017.01.21-07.05.24:489][714]LogEditorTransaction: Undo Rename Node
[2017.01.21-07.05.25:257][792]LogEditorTransaction: Undo Add Node
[2017.01.21-07.05.25:944][860]LogEditorTransaction: Undo Add Node
[2017.01.21-07.08.33:436][257]LogSavePackage: Save=86.90ms
[2017.01.21-07.08.33:436][257]LogSavePackage: Moving '../../../../../../Users/Akai/Documents/GitHub/GameJam2017/NotTheBees/Saved/AkaiMap_Auto3DC149CD743CA337B930516B47E8FD5BF.tmp' to '../../../../../../Users/Akai/Documents/GitHub/GameJam2017/NotTheBees/Saved/Autosaves/Game/ThirdPersonBP/Maps/AkaiMap_Auto3.umap'
[2017.01.21-07.08.33:438][257]LogSavePackage:Display: Finished SavePackage ../../../../../../Users/Akai/Documents/GitHub/GameJam2017/NotTheBees/Saved/Autosaves/Game/ThirdPersonBP/Maps/AkaiMap_Auto3.umap
[2017.01.21-07.08.33:439][257]LogFileHelpers: Editor autosave (incl. sublevels) for '/Game/ThirdPersonBP/Maps/AkaiMap' took 0.115
[2017.01.21-07.08.33:439][257]LogFileHelpers: Editor autosave (incl. sublevels) for all levels took 0.115
[2017.01.21-07.08.33:440][257]OBJ SavePackage: Generating thumbnails for [1] asset(s) in package [/Game/ThirdPersonBP/Blueprints/charakai] ([1] browsable assets)...
[2017.01.21-07.08.33:444][257]OBJ SavePackage:     Rendered thumbnail for [Blueprint /Game/ThirdPersonBP/Blueprints/charakai.charakai]
[2017.01.21-07.08.33:444][257]OBJ SavePackage: Finished generating thumbnails for package [/Game/ThirdPersonBP/Blueprints/charakai]
[2017.01.21-07.08.33:497][257]LogSavePackage: Save=47.80ms
[2017.01.21-07.08.33:497][257]LogSavePackage: Moving '../../../../../../Users/Akai/Documents/GitHub/GameJam2017/NotTheBees/Saved/charakai_Auto3A443F4CB4E416318543B23891126DFF3.tmp' to '../../../../../../Users/Akai/Documents/GitHub/GameJam2017/NotTheBees/Saved/Autosaves/Game/ThirdPersonBP/Blueprints/charakai_Auto3.uasset'
[2017.01.21-07.08.33:498][257]LogSavePackage:Display: Finished SavePackage ../../../../../../Users/Akai/Documents/GitHub/GameJam2017/NotTheBees/Saved/Autosaves/Game/ThirdPersonBP/Blueprints/charakai_Auto3.uasset
[2017.01.21-07.08.33:498][257]OBJ SavePackage: Generating thumbnails for [0] asset(s) in package [/Game/ThirdPersonBP/Blueprints/HUDAkai] ([1] browsable assets)...
[2017.01.21-07.08.33:498][257]OBJ SavePackage: Finished generating thumbnails for package [/Game/ThirdPersonBP/Blueprints/HUDAkai]
[2017.01.21-07.08.33:515][257]LogSavePackage: Save=11.61ms
[2017.01.21-07.08.33:515][257]LogSavePackage: Moving '../../../../../../Users/Akai/Documents/GitHub/GameJam2017/NotTheBees/Saved/HUDAkai_Auto3EB5B58C74724B32414FB6980C8A5819A.tmp' to '../../../../../../Users/Akai/Documents/GitHub/GameJam2017/NotTheBees/Saved/Autosaves/Game/ThirdPersonBP/Blueprints/HUDAkai_Auto3.uasset'
[2017.01.21-07.08.33:516][257]LogSavePackage:Display: Finished SavePackage ../../../../../../Users/Akai/Documents/GitHub/GameJam2017/NotTheBees/Saved/Autosaves/Game/ThirdPersonBP/Blueprints/HUDAkai_Auto3.uasset
[2017.01.21-07.08.33:516][257]LogFileHelpers: Auto-saving content packages took 0.076
[2017.01.21-07.15.31:142][773]BlueprintLog: New page: Compile charakai
[2017.01.21-07.15.36:695][360]LogTemp: Repeting last play command: Selected Viewport
[2017.01.21-07.15.36:706][360]LogBlueprintUserMessages: Early PlayInEditor Detection: Level '/Game/ThirdPersonBP/Maps/AkaiMap.AkaiMap:PersistentLevel' has LevelScriptBlueprint '/Game/ThirdPersonBP/Maps/AkaiMap.AkaiMap:PersistentLevel.AkaiMap' with GeneratedClass '/Game/ThirdPersonBP/Maps/AkaiMap.AkaiMap_C' with ClassGeneratedBy '/Game/ThirdPersonBP/Maps/AkaiMap.AkaiMap:PersistentLevel.AkaiMap'
[2017.01.21-07.15.36:706][360]LogPlayLevel: PlayLevel: No blueprints needed recompiling
[2017.01.21-07.15.36:706][360]PIE: New page: PIE session: AkaiMap (Jan 20, 2017, 7:15:36 PM)
[2017.01.21-07.15.36:706][360]LogPlayLevel: Creating play world package: /Game/ThirdPersonBP/Maps/UEDPIE_0_AkaiMap
[2017.01.21-07.15.36:777][360]LogPlayLevel: PIE: StaticDuplicateObject took: (0.070926s)
[2017.01.21-07.15.36:777][360]LogAIModule: Creating AISystem for world AkaiMap
[2017.01.21-07.15.36:777][360]LogPlayLevel: PIE: World Init took: (0.000527s)
[2017.01.21-07.15.36:777][360]LogPlayLevel: PIE: Created PIE world by copying editor world from /Game/ThirdPersonBP/Maps/AkaiMap.AkaiMap to /Game/ThirdPersonBP/Maps/UEDPIE_0_AkaiMap.AkaiMap (0.071614s)
[2017.01.21-07.15.36:792][360]LogInit: XAudio2 using 'Realtek Digital Output (Realtek High Definition Audio)' : 2 channels at 48 kHz using 16 bits per sample (channel mask 0x3)
[2017.01.21-07.15.36:809][360]LogInit: FAudioDevice initialized.
[2017.01.21-07.15.36:843][360]LogLoad: Game class is 'GamemodeAkai_C'
[2017.01.21-07.15.36:846][360]LogWorld: Bringing World /Game/ThirdPersonBP/Maps/UEDPIE_0_AkaiMap.AkaiMap up for play (max tick rate 0) at 2017.01.21-01.15.36
[2017.01.21-07.15.36:846][360]LogWorld: Bringing up level for play took: 0.001705
[2017.01.21-07.15.36:850][360]PIE: Info Play in editor start time for /Game/ThirdPersonBP/Maps/UEDPIE_0_AkaiMap -0.286
[2017.01.21-07.15.36:850][360]LogBlueprintUserMessages: Late PlayInEditor Detection: Level '/Game/ThirdPersonBP/Maps/AkaiMap.AkaiMap:PersistentLevel' has LevelScriptBlueprint '/Game/ThirdPersonBP/Maps/AkaiMap.AkaiMap:PersistentLevel.AkaiMap' with GeneratedClass '/Game/ThirdPersonBP/Maps/AkaiMap.AkaiMap_C' with ClassGeneratedBy '/Game/ThirdPersonBP/Maps/AkaiMap.AkaiMap:PersistentLevel.AkaiMap'
[2017.01.21-07.16.25:000][135]LogBlueprintUserMessages: Early EndPlayMap Detection: Level '/Game/ThirdPersonBP/Maps/AkaiMap.AkaiMap:PersistentLevel' has LevelScriptBlueprint '/Game/ThirdPersonBP/Maps/AkaiMap.AkaiMap:PersistentLevel.AkaiMap' with GeneratedClass '/Game/ThirdPersonBP/Maps/AkaiMap.AkaiMap_C' with ClassGeneratedBy '/Game/ThirdPersonBP/Maps/AkaiMap.AkaiMap:PersistentLevel.AkaiMap'
[2017.01.21-07.16.25:028][135]LogBlueprintUserMessages: Late EndPlayMap Detection: Level '/Game/ThirdPersonBP/Maps/AkaiMap.AkaiMap:PersistentLevel' has LevelScriptBlueprint '/Game/ThirdPersonBP/Maps/AkaiMap.AkaiMap:PersistentLevel.AkaiMap' with GeneratedClass '/Game/ThirdPersonBP/Maps/AkaiMap.AkaiMap_C' with ClassGeneratedBy '/Game/ThirdPersonBP/Maps/AkaiMap.AkaiMap:PersistentLevel.AkaiMap'
[2017.01.21-07.16.26:371][281]LogSavePackage: Save=79.16ms
[2017.01.21-07.16.26:371][281]LogSavePackage: Moving '../../../../../../Users/Akai/Documents/GitHub/GameJam2017/NotTheBees/Saved/AkaiMap13123C03419A4FBDD4DA6FBD4C3258AC.tmp' to '../../../../../../Users/Akai/Documents/GitHub/GameJam2017/NotTheBees/Content/ThirdPersonBP/Maps/AkaiMap.umap'
[2017.01.21-07.16.26:376][281]LogSavePackage:Display: Finished SavePackage ../../../../../../Users/Akai/Documents/GitHub/GameJam2017/NotTheBees/Content/ThirdPersonBP/Maps/AkaiMap.umap
[2017.01.21-07.16.26:450][281]LogSavePackage: Save=40.83ms
[2017.01.21-07.16.26:450][281]LogSavePackage: Moving '../../../../../../Users/Akai/Documents/GitHub/GameJam2017/NotTheBees/Saved/AkaiMap_BuiltDataA2542F1B495E7B49A8D3DA8A74BF06F4.tmp' to '../../../../../../Users/Akai/Documents/GitHub/GameJam2017/NotTheBees/Content/ThirdPersonBP/Maps/AkaiMap_BuiltData.uasset'
[2017.01.21-07.16.26:455][281]LogSavePackage:Display: Finished SavePackage ../../../../../../Users/Akai/Documents/GitHub/GameJam2017/NotTheBees/Content/ThirdPersonBP/Maps/AkaiMap_BuiltData.uasset
[2017.01.21-07.16.31:542][880]LogSavePackage: Save=48.31ms
