Log file open, 01/20/17 23:29:23
LogInit:Display: Running engine for game: NotTheBees
LogPlatformFile: Not using cached read wrapper
LogInit:Display: RandInit(344476722) SRandInit(344476722).
LogTaskGraph: Started task graph with 5 named threads and 8 total threads with 1 sets of task threads.
LogStats: Stats thread started at 0.071126
LogPluginManager: Loaded Plugin Paper2D, From C:/Program Files (x86)/Epic Games/4.14/Engine/Plugins/2D/Paper2D/Paper2D.uplugin
LogPluginManager: Loaded Plugin LightPropagationVolume, From C:/Program Files (x86)/Epic Games/4.14/Engine/Plugins/Blendables/LightPropagationVolume/LightPropagationVolume.uplugin
LogPluginManager: Loaded Plugin BlankPlugin, From C:/Program Files (x86)/Epic Games/4.14/Engine/Plugins/Developer/BlankPlugin/BlankPlugin.uplugin
LogPluginManager: Loaded Plugin CodeLiteSourceCodeAccess, From C:/Program Files (x86)/Epic Games/4.14/Engine/Plugins/Developer/CodeLiteSourceCodeAccess/CodeLiteSourceCodeAccess.uplugin
LogPluginManager: Loaded Plugin GitSourceControl, From C:/Program Files (x86)/Epic Games/4.14/Engine/Plugins/Developer/GitSourceControl/GitSourceControl.uplugin
LogPluginManager: Loaded Plugin KDevelopSourceCodeAccess, From C:/Program Files (x86)/Epic Games/4.14/Engine/Plugins/Developer/KDevelopSourceCodeAccess/KDevelopSourceCodeAccess.uplugin
LogPluginManager: Loaded Plugin NullSourceCodeAccess, From C:/Program Files (x86)/Epic Games/4.14/Engine/Plugins/Developer/NullSourceCodeAccess/NullSourceCodeAccess.uplugin
LogPluginManager: Loaded Plugin OneSkyLocalizationService, From C:/Program Files (x86)/Epic Games/4.14/Engine/Plugins/Developer/OneSkyLocalizationService/OneSkyLocalizationService.uplugin
LogPluginManager: Loaded Plugin PerforceSourceControl, From C:/Program Files (x86)/Epic Games/4.14/Engine/Plugins/Developer/PerforceSourceControl/PerforceSourceControl.uplugin
LogPluginManager: Loaded Plugin SubversionSourceControl, From C:/Program Files (x86)/Epic Games/4.14/Engine/Plugins/Developer/SubversionSourceControl/SubversionSourceControl.uplugin
LogPluginManager: Loaded Plugin UObjectPlugin, From C:/Program Files (x86)/Epic Games/4.14/Engine/Plugins/Developer/UObjectPlugin/UObjectPlugin.uplugin
LogPluginManager: Loaded Plugin VisualStudioSourceCodeAccess, From C:/Program Files (x86)/Epic Games/4.14/Engine/Plugins/Developer/VisualStudioSourceCodeAccess/VisualStudioSourceCodeAccess.uplugin
LogPluginManager: Loaded Plugin XCodeSourceCodeAccess, From C:/Program Files (x86)/Epic Games/4.14/Engine/Plugins/Developer/XCodeSourceCodeAccess/XCodeSourceCodeAccess.uplugin
LogPluginManager: Loaded Plugin AudioCapture, From C:/Program Files (x86)/Epic Games/4.14/Engine/Plugins/Editor/AudioCapture/AudioCapture.uplugin
LogPluginManager: Loaded Plugin EpicSurvey, From C:/Program Files (x86)/Epic Games/4.14/Engine/Plugins/Editor/EpicSurvey/EpicSurvey.uplugin
LogPluginManager: Loaded Plugin MacGraphicsSwitching, From C:/Program Files (x86)/Epic Games/4.14/Engine/Plugins/Editor/MacGraphicsSwitching/MacGraphicsSwitching.uplugin
LogPluginManager: Loaded Plugin MobileLauncherProfileWizard, From C:/Program Files (x86)/Epic Games/4.14/Engine/Plugins/Editor/MobileLauncherProfileWizard/MobileLauncherProfileWizard.uplugin
LogPluginManager: Loaded Plugin PluginBrowser, From C:/Program Files (x86)/Epic Games/4.14/Engine/Plugins/Editor/PluginBrowser/PluginBrowser.uplugin
LogPluginManager: Loaded Plugin SpeedTreeImporter, From C:/Program Files (x86)/Epic Games/4.14/Engine/Plugins/Editor/SpeedTreeImporter/SpeedTreeImporter.uplugin
LogPluginManager: Loaded Plugin SuperSearchEditor, From C:/Program Files (x86)/Epic Games/4.14/Engine/Plugins/Editor/SuperSearchEditor/SuperSearchEditor.uplugin
LogPluginManager: Loaded Plugin AlembicImporter, From C:/Program Files (x86)/Epic Games/4.14/Engine/Plugins/Experimental/AlembicImporter/AlembicImporter.uplugin
LogPluginManager: Loaded Plugin BlueprintStats, From C:/Program Files (x86)/Epic Games/4.14/Engine/Plugins/Experimental/BlueprintStats/BlueprintStats.uplugin
LogPluginManager: Loaded Plugin CharacterAI, From C:/Program Files (x86)/Epic Games/4.14/Engine/Plugins/Experimental/CharacterAI/CharacterAI.uplugin
LogPluginManager: Loaded Plugin CodeEditor, From C:/Program Files (x86)/Epic Games/4.14/Engine/Plugins/Experimental/CodeEditor/CodeEditor.uplugin
LogPluginManager: Loaded Plugin CodeView, From C:/Program Files (x86)/Epic Games/4.14/Engine/Plugins/Experimental/CodeView/CodeView.uplugin
LogPluginManager: Loaded Plugin HTML5Networking, From C:/Program Files (x86)/Epic Games/4.14/Engine/Plugins/Experimental/HTML5Networking/HTML5Networking.uplugin
LogPluginManager: Loaded Plugin OSVR, From C:/Program Files (x86)/Epic Games/4.14/Engine/Plugins/Experimental/OSVR/OSVR.uplugin
LogPluginManager: Loaded Plugin Phya, From C:/Program Files (x86)/Epic Games/4.14/Engine/Plugins/Experimental/Phya/Phya.uplugin
LogPluginManager: Loaded Plugin SignificanceManager, From C:/Program Files (x86)/Epic Games/4.14/Engine/Plugins/Experimental/SignificanceManager/SignificanceManager.uplugin
LogPluginManager: Loaded Plugin SimpleHMD, From C:/Program Files (x86)/Epic Games/4.14/Engine/Plugins/Experimental/SimpleHMD/SimpleHMD.uplugin
LogPluginManager: Loaded Plugin StereoPanorama, From C:/Program Files (x86)/Epic Games/4.14/Engine/Plugins/Experimental/StereoPanorama/StereoPanorama.uplugin
LogPluginManager: Loaded Plugin StructBox, From C:/Program Files (x86)/Epic Games/4.14/Engine/Plugins/Experimental/StructBox/StructBox.uplugin
LogPluginManager: Loaded Plugin AndroidMedia, From C:/Program Files (x86)/Epic Games/4.14/Engine/Plugins/Media/AndroidMedia/AndroidMedia.uplugin
LogPluginManager: Loaded Plugin AvfMedia, From C:/Program Files (x86)/Epic Games/4.14/Engine/Plugins/Media/AvfMedia/AvfMedia.uplugin
LogPluginManager: Loaded Plugin MediaPlayerEditor, From C:/Program Files (x86)/Epic Games/4.14/Engine/Plugins/Media/MediaPlayerEditor/MediaPlayerEditor.uplugin
LogPluginManager: Loaded Plugin WmfMedia, From C:/Program Files (x86)/Epic Games/4.14/Engine/Plugins/Media/WmfMedia/WmfMedia.uplugin
LogPluginManager: Loaded Plugin MessagingDebugger, From C:/Program Files (x86)/Epic Games/4.14/Engine/Plugins/Messaging/MessagingDebugger/MessagingDebugger.uplugin
LogPluginManager: Loaded Plugin TcpMessaging, From C:/Program Files (x86)/Epic Games/4.14/Engine/Plugins/Messaging/TcpMessaging/TcpMessaging.uplugin
LogPluginManager: Loaded Plugin UdpMessaging, From C:/Program Files (x86)/Epic Games/4.14/Engine/Plugins/Messaging/UdpMessaging/UdpMessaging.uplugin
LogPluginManager: Loaded Plugin LevelSequenceEditor, From C:/Program Files (x86)/Epic Games/4.14/Engine/Plugins/MovieScene/LevelSequenceEditor/LevelSequenceEditor.uplugin
LogPluginManager: Loaded Plugin MatineeToLevelSequence, From C:/Program Files (x86)/Epic Games/4.14/Engine/Plugins/MovieScene/MatineeToLevelSequence/MatineeToLevelSequence.uplugin
LogPluginManager: Loaded Plugin NetcodeUnitTest, From C:/Program Files (x86)/Epic Games/4.14/Engine/Plugins/NetcodeUnitTest/NetcodeUnitTest/NetcodeUnitTest.uplugin
LogPluginManager: Loaded Plugin NUTUnrealEngine4, From C:/Program Files (x86)/Epic Games/4.14/Engine/Plugins/NetcodeUnitTest/NUTUnrealEngine4/NUTUnrealEngine4.uplugin
LogPluginManager: Loaded Plugin OnlineSubsystemGameCircle, From C:/Program Files (x86)/Epic Games/4.14/Engine/Plugins/Online/Android/OnlineSubsystemGameCircle/OnlineSubsystemGameCircle.uplugin
LogPluginManager: Loaded Plugin OnlineSubsystemGooglePlay, From C:/Program Files (x86)/Epic Games/4.14/Engine/Plugins/Online/Android/OnlineSubsystemGooglePlay/OnlineSubsystemGooglePlay.uplugin
LogPluginManager: Loaded Plugin OnlineSubsystemIOS, From C:/Program Files (x86)/Epic Games/4.14/Engine/Plugins/Online/IOS/OnlineSubsystemIOS/OnlineSubsystemIOS.uplugin
LogPluginManager: Loaded Plugin OnlineFramework, From C:/Program Files (x86)/Epic Games/4.14/Engine/Plugins/Online/OnlineFramework/OnlineFramework.uplugin
LogPluginManager: Loaded Plugin OnlineSubsystem, From C:/Program Files (x86)/Epic Games/4.14/Engine/Plugins/Online/OnlineSubsystem/OnlineSubsystem.uplugin
LogPluginManager: Loaded Plugin OnlineSubsystemAmazon, From C:/Program Files (x86)/Epic Games/4.14/Engine/Plugins/Online/OnlineSubsystemAmazon/OnlineSubsystemAmazon.uplugin
LogPluginManager: Loaded Plugin OnlineSubsystemFacebook, From C:/Program Files (x86)/Epic Games/4.14/Engine/Plugins/Online/OnlineSubsystemFacebook/OnlineSubsystemFacebook.uplugin
LogPluginManager: Loaded Plugin OnlineSubsystemNull, From C:/Program Files (x86)/Epic Games/4.14/Engine/Plugins/Online/OnlineSubsystemNull/OnlineSubsystemNull.uplugin
LogPluginManager: Loaded Plugin OnlineSubsystemOculus, From C:/Program Files (x86)/Epic Games/4.14/Engine/Plugins/Online/OnlineSubsystemOculus/OnlineSubsystemOculus.uplugin
LogPluginManager: Loaded Plugin OnlineSubsystemSteam, From C:/Program Files (x86)/Epic Games/4.14/Engine/Plugins/Online/OnlineSubsystemSteam/OnlineSubsystemSteam.uplugin
LogPluginManager: Loaded Plugin OnlineSubsystemUtils, From C:/Program Files (x86)/Epic Games/4.14/Engine/Plugins/Online/OnlineSubsystemUtils/OnlineSubsystemUtils.uplugin
LogPluginManager: Loaded Plugin IOSTapJoy, From C:/Program Files (x86)/Epic Games/4.14/Engine/Plugins/Runtime/Advertising/IOSTapJoy/IOSTapJoy.uplugin
LogPluginManager: Loaded Plugin AnalyticsBlueprintLibrary, From C:/Program Files (x86)/Epic Games/4.14/Engine/Plugins/Runtime/Analytics/AnalyticsBlueprintLibrary/AnalyticsBlueprintLibrary.uplugin
LogPluginManager: Loaded Plugin AnalyticsMulticast, From C:/Program Files (x86)/Epic Games/4.14/Engine/Plugins/Runtime/Analytics/AnalyticsMulticast/AnalyticsMulticast.uplugin
LogPluginManager: Loaded Plugin Apsalar, From C:/Program Files (x86)/Epic Games/4.14/Engine/Plugins/Runtime/Analytics/Apsalar/Apsalar.uplugin
LogPluginManager: Loaded Plugin FileLogging, From C:/Program Files (x86)/Epic Games/4.14/Engine/Plugins/Runtime/Analytics/FileLogging/FileLogging.uplugin
LogPluginManager: Loaded Plugin Flurry, From C:/Program Files (x86)/Epic Games/4.14/Engine/Plugins/Runtime/Analytics/Flurry/Flurry.uplugin
LogPluginManager: Loaded Plugin AndroidDeviceProfileSelector, From C:/Program Files (x86)/Epic Games/4.14/Engine/Plugins/Runtime/AndroidDeviceProfileSelector/AndroidDeviceProfileSelector.uplugin
LogPluginManager: Loaded Plugin AndroidMoviePlayer, From C:/Program Files (x86)/Epic Games/4.14/Engine/Plugins/Runtime/AndroidMoviePlayer/AndroidMoviePlayer.uplugin
LogPluginManager: Loaded Plugin AppleMoviePlayer, From C:/Program Files (x86)/Epic Games/4.14/Engine/Plugins/Runtime/AppleMoviePlayer/AppleMoviePlayer.uplugin
LogPluginManager: Loaded Plugin ArchVisCharacter, From C:/Program Files (x86)/Epic Games/4.14/Engine/Plugins/Runtime/ArchVisCharacter/ArchVisCharacter.uplugin
LogPluginManager: Loaded Plugin CableComponent, From C:/Program Files (x86)/Epic Games/4.14/Engine/Plugins/Runtime/CableComponent/CableComponent.uplugin
LogPluginManager: Loaded Plugin CustomMeshComponent, From C:/Program Files (x86)/Epic Games/4.14/Engine/Plugins/Runtime/CustomMeshComponent/CustomMeshComponent.uplugin
LogPluginManager: Loaded Plugin ExampleDeviceProfileSelector, From C:/Program Files (x86)/Epic Games/4.14/Engine/Plugins/Runtime/ExampleDeviceProfileSelector/ExampleDeviceProfileSelector.uplugin
LogPluginManager: Loaded Plugin GearVR, From C:/Program Files (x86)/Epic Games/4.14/Engine/Plugins/Runtime/GearVR/GearVR.uplugin
LogPluginManager: Loaded Plugin GoogleVRController, From C:/Program Files (x86)/Epic Games/4.14/Engine/Plugins/Runtime/GoogleVR/GoogleVRController/GoogleVRController.uplugin
LogPluginManager: Loaded Plugin GoogleVRHMD, From C:/Program Files (x86)/Epic Games/4.14/Engine/Plugins/Runtime/GoogleVR/GoogleVRHMD/GoogleVRHMD.uplugin
LogPluginManager: Loaded Plugin IOSDeviceProfileSelector, From C:/Program Files (x86)/Epic Games/4.14/Engine/Plugins/Runtime/IOSDeviceProfileSelector/IOSDeviceProfileSelector.uplugin
LogPluginManager: Loaded Plugin LeapMotion, From C:/Program Files (x86)/Epic Games/4.14/Engine/Plugins/Runtime/LeapMotion/LeapMotion.uplugin
LogPluginManager: Loaded Plugin LinuxDeviceProfileSelector, From C:/Program Files (x86)/Epic Games/4.14/Engine/Plugins/Runtime/LinuxDeviceProfileSelector/LinuxDeviceProfileSelector.uplugin
LogPluginManager: Loaded Plugin MIDIDevice, From C:/Program Files (x86)/Epic Games/4.14/Engine/Plugins/Runtime/MIDIDevice/MIDIDevice.uplugin
LogPluginManager: Loaded Plugin MobilePatchingUtils, From C:/Program Files (x86)/Epic Games/4.14/Engine/Plugins/Runtime/MobilePatchingUtils/MobilePatchingUtils.uplugin
LogPluginManager: Loaded Plugin Ansel, From C:/Program Files (x86)/Epic Games/4.14/Engine/Plugins/Runtime/Nvidia/Ansel/Ansel.uplugin
LogPluginManager: Loaded Plugin OculusAudio, From C:/Program Files (x86)/Epic Games/4.14/Engine/Plugins/Runtime/OculusAudio/OculusAudio.uplugin
LogPluginManager: Loaded Plugin OculusInput, From C:/Program Files (x86)/Epic Games/4.14/Engine/Plugins/Runtime/OculusInput/OculusInput.uplugin
LogPluginManager: Loaded Plugin OculusLibrary, From C:/Program Files (x86)/Epic Games/4.14/Engine/Plugins/Runtime/OculusLibrary/OculusLibrary.uplugin
LogPluginManager: Loaded Plugin OculusRift, From C:/Program Files (x86)/Epic Games/4.14/Engine/Plugins/Runtime/OculusRift/OculusRift.uplugin
LogPluginManager: Loaded Plugin Oodle, From C:/Program Files (x86)/Epic Games/4.14/Engine/Plugins/Runtime/PacketHandlers/CompressionComponents/Oodle/Oodle.uplugin
LogPluginManager: Loaded Plugin ProceduralMeshComponent, From C:/Program Files (x86)/Epic Games/4.14/Engine/Plugins/Runtime/ProceduralMeshComponent/ProceduralMeshComponent.uplugin
LogPluginManager: Loaded Plugin SoundMod, From C:/Program Files (x86)/Epic Games/4.14/Engine/Plugins/Runtime/SoundMod/SoundMod.uplugin
LogPluginManager: Loaded Plugin SoundVisualizations, From C:/Program Files (x86)/Epic Games/4.14/Engine/Plugins/Runtime/SoundVisualizations/SoundVisualizations.uplugin
LogPluginManager: Loaded Plugin SteamController, From C:/Program Files (x86)/Epic Games/4.14/Engine/Plugins/Runtime/Steam/SteamController/SteamController.uplugin
LogPluginManager: Loaded Plugin SteamVR, From C:/Program Files (x86)/Epic Games/4.14/Engine/Plugins/Runtime/Steam/SteamVR/SteamVR.uplugin
LogPluginManager: Loaded Plugin WebBrowserWidget, From C:/Program Files (x86)/Epic Games/4.14/Engine/Plugins/Runtime/WebBrowserWidget/WebBrowserWidget.uplugin
LogPluginManager: Loaded Plugin WindowsDeviceProfileSelector, From C:/Program Files (x86)/Epic Games/4.14/Engine/Plugins/Runtime/WindowsDeviceProfileSelector/WindowsDeviceProfileSelector.uplugin
LogPluginManager: Loaded Plugin WindowsMoviePlayer, From C:/Program Files (x86)/Epic Games/4.14/Engine/Plugins/Runtime/WindowsMoviePlayer/WindowsMoviePlayer.uplugin
LogPluginManager: Loaded Plugin ScriptPlugin, From C:/Program Files (x86)/Epic Games/4.14/Engine/Plugins/ScriptPlugin/ScriptPlugin.uplugin
LogPluginManager: Loaded Plugin SlateRemote, From C:/Program Files (x86)/Epic Games/4.14/Engine/Plugins/Slate/SlateRemote/SlateRemote.uplugin
LogPluginManager: Loaded Plugin EditorTests, From C:/Program Files (x86)/Epic Games/4.14/Engine/Plugins/Tests/EditorTests/EditorTests.uplugin
LogPluginManager: Loaded Plugin FbxAutomationTestBuilder, From C:/Program Files (x86)/Epic Games/4.14/Engine/Plugins/Tests/FbxAutomationTestBuilder/FbxAutomationTestBuilder.uplugin
LogPluginManager: Loaded Plugin FunctionalTestingEditor, From C:/Program Files (x86)/Epic Games/4.14/Engine/Plugins/Tests/FunctionalTestingEditor/FunctionalTestingEditor.uplugin
LogPluginManager: Loaded Plugin RuntimeTests, From C:/Program Files (x86)/Epic Games/4.14/Engine/Plugins/Tests/RuntimeTests/RuntimeTests.uplugin
LogPluginManager: Loaded Plugin ScreenshotTools, From C:/Program Files (x86)/Epic Games/4.14/Engine/Plugins/Tests/ScreenshotTools/ScreenshotTools.uplugin
LogInit: Using libcurl 7.47.1
LogInit:  - built for x86_64-pc-win32
LogInit:  - supports SSL with OpenSSL/1.0.2g
LogInit:  - supports HTTP deflate (compression) using libz 1.2.8
LogInit:  - other features:
LogInit:      CURL_VERSION_SSL
LogInit:      CURL_VERSION_LIBZ
LogInit:      CURL_VERSION_IPV6
LogInit:      CURL_VERSION_ASYNCHDNS
LogInit:      CURL_VERSION_LARGEFILE
LogInit:      CURL_VERSION_IDN
LogInit:  CurlRequestOptions (configurable via config and command line):
LogInit:  - bVerifyPeer = false  - Libcurl will NOT verify peer certificate
LogInit:  - bUseHttpProxy = false  - Libcurl will NOT use HTTP proxy
LogInit:  - bDontReuseConnections = false  - Libcurl will reuse connections
LogInit:  - CertBundlePath = nullptr  - Libcurl will use whatever was configured at build time.
LogInit: Build: ++UE4+Release-4.14-CL-3249277
LogInit: Engine Version: 4.14.3-3249277+++UE4+Release-4.14
LogInit: Compatible Engine Version: 4.14.0-3195953+++UE4+Release-4.14
LogInit: Net CL: 3195953
LogDevObjectVersion: Number of dev versions registered: 13
LogDevObjectVersion:   Dev-Blueprints (B0D832E4-1F89-4F0D-ACCF-7EB736FD4AA2): 7
LogDevObjectVersion:   Dev-Build (E1C64328-A22C-4D53-A36C-8E866417BD8C): 0
LogDevObjectVersion:   Dev-Core (375EC13C-06E4-48FB-B500-84F0262A717E): 1
LogDevObjectVersion:   Dev-Editor (E4B068ED-F494-42E9-A231-DA0B2E46BB41): 8
LogDevObjectVersion:   Dev-Framework (CFFC743F-43B0-4480-9391-14DF171D2073): 17
LogDevObjectVersion:   Dev-Mobile (B02B49B5-BB20-44E9-A304-32B752E40360): 0
LogDevObjectVersion:   Dev-Networking (A4E4105C-59A1-49B5-A7C5-40C4547EDFEE): 0
LogDevObjectVersion:   Dev-Online (39C831C9-5AE6-47DC-9A44-9C173E1C8E7C): 0
LogDevObjectVersion:   Dev-Physics (78F01B33-EBEA-4F98-B9B4-84EACCB95AA2): 0
LogDevObjectVersion:   Dev-Platform (6631380F-2D4D-43E0-8009-CF276956A95A): 0
LogDevObjectVersion:   Dev-Rendering (12F88B9F-8875-4AFC-A67C-D90C383ABD29): 12
LogDevObjectVersion:   Dev-Sequencer (7B5AE74C-D270-4C10-A958-57980B212A5A): 1
LogDevObjectVersion:   Dev-VR (D7296918-1DD6-4BDD-9DE2-64A83CC13884): 0
LogInit: Compiled (64-bit): Jan  6 2017 10:49:43
LogInit: Compiled with Visual C++: 19.00.23026.00
LogInit: Build Configuration: Development
LogInit: Branch Name: ++UE4+Release-4.14
LogInit: Command line:  
LogInit: Base directory: C:/Program Files (x86)/Epic Games/4.14/Engine/Binaries/Win64/
LogInit: Installed Engine Build: 1
LogInit: Presizing for max 8388607 objects, including 0 objects not considered by GC, pre-allocating 0 bytes for permanent pool.
LogInit: Object subsystem initialized
[2017.01.21-05.29.23:588][  0]LogInit: Selected Device Profile: [Windows]
[2017.01.21-05.29.23:588][  0]LogInit: Applying CVar settings loaded from the selected device profile: [Windows]
[2017.01.21-05.29.23:596][  0]LogInit: Computer: ELLIE
[2017.01.21-05.29.23:596][  0]LogInit: User: Akai
[2017.01.21-05.29.23:596][  0]LogInit: CPU Page size=65536, Cores=4
[2017.01.21-05.29.23:596][  0]LogInit: High frequency timer resolution =3.914065 MHz
[2017.01.21-05.29.23:596][  0]LogMemory: Memory total: Physical=15.9GB (16GB approx)
[2017.01.21-05.29.23:596][  0]LogMemory: Platform Memory Stats for Windows
[2017.01.21-05.29.23:596][  0]LogMemory: Process Physical Memory: 263.53 MB used, 263.53 MB peak
[2017.01.21-05.29.23:596][  0]LogMemory: Process Virtual Memory: 262.71 MB used, 262.71 MB peak
[2017.01.21-05.29.23:596][  0]LogMemory: Physical Memory: 4728.78 MB used,  11582.98 MB free, 16311.76 MB total
[2017.01.21-05.29.23:596][  0]LogMemory: Virtual Memory: 676.42 MB used,  11582.98 MB free, 134217728.00 MB total
[2017.01.21-05.29.23:615][  0]LogTextLocalizationManager: No specific translations for ('en-US') exist, so ('en') translations will be used.
[2017.01.21-05.29.24:031][  0]LogD3D11RHI: D3D11 adapters:
[2017.01.21-05.29.24:423][  0]LogD3D11RHI:    0. 'NVIDIA GeForce GTX 1080' (Feature Level 11_0)
[2017.01.21-05.29.24:423][  0]LogD3D11RHI:       8144/0/8155 MB DedicatedVideo/DedicatedSystem/SharedSystem, Outputs:1, VendorId:0x10de
[2017.01.21-05.29.24:424][  0]LogD3D11RHI:    1. 'Microsoft Basic Render Driver' (Feature Level 11_0)
[2017.01.21-05.29.24:424][  0]LogD3D11RHI:       0/0/8155 MB DedicatedVideo/DedicatedSystem/SharedSystem, Outputs:0, VendorId:0x1414
[2017.01.21-05.29.24:424][  0]LogD3D11RHI: Chosen D3D11 Adapter: 0
[2017.01.21-05.29.24:426][  0]LogD3D11RHI: Creating new Direct3DDevice
[2017.01.21-05.29.24:426][  0]LogD3D11RHI:     GPU DeviceId: 0x1b80 (for the marketing name, search the web for "GPU Device Id")
[2017.01.21-05.29.24:426][  0]LogWindows: EnumDisplayDevices:
[2017.01.21-05.29.24:427][  0]LogWindows:    0. 'NVIDIA GeForce GTX 1080' (P:1 D:1)
[2017.01.21-05.29.24:427][  0]LogWindows:    1. 'NVIDIA GeForce GTX 1080' (P:0 D:0)
[2017.01.21-05.29.24:427][  0]LogWindows:    2. 'NVIDIA GeForce GTX 1080' (P:0 D:0)
[2017.01.21-05.29.24:427][  0]LogWindows:    3. 'NVIDIA GeForce GTX 1080' (P:0 D:0)
[2017.01.21-05.29.24:427][  0]LogWindows: DebugString: FoundDriverCount:4 
[2017.01.21-05.29.24:427][  0]LogD3D11RHI:     Adapter Name: NVIDIA GeForce GTX 1080
[2017.01.21-05.29.24:427][  0]LogD3D11RHI:   Driver Version: 376.33 (internal:21.21.13.7633, unified:376.33)
[2017.01.21-05.29.24:427][  0]LogD3D11RHI:      Driver Date: 12-11-2016
[2017.01.21-05.29.24:427][  0]LogRHI: Texture pool is 1361 MB (70% of 1945 MB)
[2017.01.21-05.29.24:802][  0]LogD3D11RHI: Async texture creation enabled
[2017.01.21-05.29.24:838][  0]LogD3D11RHI: GPU Timing Frequency: 1000.000000 (Debug: 2 2)
[2017.01.21-05.29.24:838][  0]LogShaderCompilers: Guid format shader working directory is -23 characters bigger than the processId version (../../../../../../Users/Akai/Documents/GitHub/GameJam2017/NotTheBees/Intermediate/Shaders/WorkingDirectory/5816/).
[2017.01.21-05.29.24:839][  0]LogShaderCompilers: Cleaned the shader compiler working directory 'C:/Users/Akai/AppData/Local/Temp/UnrealShaderWorkingDir/CA898ADE4F841D04E2AC64BB450C4A19/'.
[2017.01.21-05.29.24:839][  0]LogShaderCompilers:Display: Using Local Shader Compiler.
[2017.01.21-05.29.25:550][  0]LogTemp:Display: Loaded TP AllDesktopTargetPlatform
[2017.01.21-05.29.25:586][  0]LogTemp:Display: Loaded TP MacClientTargetPlatform
[2017.01.21-05.29.25:622][  0]LogTemp:Display: Loaded TP MacNoEditorTargetPlatform
[2017.01.21-05.29.25:658][  0]LogTemp:Display: Loaded TP MacServerTargetPlatform
[2017.01.21-05.29.25:695][  0]LogTemp:Display: Loaded TP MacTargetPlatform
[2017.01.21-05.29.25:731][  0]LogTemp:Display: Loaded TP WindowsClientTargetPlatform
[2017.01.21-05.29.25:767][  0]LogTemp:Display: Loaded TP WindowsNoEditorTargetPlatform
[2017.01.21-05.29.25:804][  0]LogTemp:Display: Loaded TP WindowsServerTargetPlatform
[2017.01.21-05.29.25:833][  0]LogTemp:Display: Loaded TP WindowsTargetPlatform
[2017.01.21-05.29.25:868][  0]LogTemp:Display: Loaded TP AndroidTargetPlatform
[2017.01.21-05.29.25:902][  0]LogTemp:Display: Loaded TP Android_ASTCTargetPlatform
[2017.01.21-05.29.25:937][  0]LogTemp:Display: Loaded TP Android_ATCTargetPlatform
[2017.01.21-05.29.25:972][  0]LogTemp:Display: Loaded TP Android_DXTTargetPlatform
[2017.01.21-05.29.26:007][  0]LogTemp:Display: Loaded TP Android_ETC1TargetPlatform
[2017.01.21-05.29.26:042][  0]LogTemp:Display: Loaded TP Android_ETC2TargetPlatform
[2017.01.21-05.29.26:111][  0]LogTemp:Display: Loaded TP Android_MultiTargetPlatform
[2017.01.21-05.29.26:111][  0]LogTemp:Display: Loaded TP Android_PVRTCTargetPlatform
[2017.01.21-05.29.26:135][  0]LogTemp:Display: Loaded TP HTML5TargetPlatform
[2017.01.21-05.29.26:194][  0]LogTemp:Display: Loaded TP IOSTargetPlatform
[2017.01.21-05.29.26:218][  0]LogTemp:Display: Loaded TP TVOSTargetPlatform
[2017.01.21-05.29.26:252][  0]LogTemp:Display: Loaded TP LinuxClientTargetPlatform
[2017.01.21-05.29.26:287][  0]LogTemp:Display: Loaded TP LinuxNoEditorTargetPlatform
[2017.01.21-05.29.26:321][  0]LogTemp:Display: Loaded TP LinuxServerTargetPlatform
[2017.01.21-05.29.26:356][  0]LogTemp:Display: Loaded TP LinuxTargetPlatform
[2017.01.21-05.29.26:356][  0]LogTargetPlatformManager:Display: Building Assets For Windows
[2017.01.21-05.29.26:627][  0]LogDerivedDataCache:Display: Max Cache Size: 512 MB
[2017.01.21-05.29.26:669][  0]LogDerivedDataCache: Loaded boot cache 0.04s 50MB C:/Users/Akai/AppData/Local/UnrealEngine/4.14/DerivedDataCache/Boot.ddc.
[2017.01.21-05.29.26:670][  0]LogDerivedDataCache:Display: Loaded Boot cache: C:/Users/Akai/AppData/Local/UnrealEngine/4.14/DerivedDataCache/Boot.ddc
[2017.01.21-05.29.26:670][  0]LogDerivedDataCache: FDerivedDataBackendGraph:  Pak pak cache file ../../../../../../Users/Akai/Documents/GitHub/GameJam2017/NotTheBees/DerivedDataCache/DDC.ddp not found, will not use a pak cache.
[2017.01.21-05.29.26:670][  0]LogDerivedDataCache: Unable to find inner node Pak for hierarchical cache Hierarchy.
[2017.01.21-05.29.26:670][  0]LogDerivedDataCache: FDerivedDataBackendGraph:  CompressedPak pak cache file ../../../../../../Users/Akai/Documents/GitHub/GameJam2017/NotTheBees/DerivedDataCache/Compressed.ddp not found, will not use a pak cache.
[2017.01.21-05.29.26:670][  0]LogDerivedDataCache: Unable to find inner node CompressedPak for hierarchical cache Hierarchy.
[2017.01.21-05.29.26:682][  0]LogDerivedDataCache:Display: Pak cache opened for reading ../../../Engine/DerivedDataCache/Compressed.ddp.
[2017.01.21-05.29.26:693][  0]LogDerivedDataCache: Using Local data cache path C:/Users/Akai/AppData/Local/UnrealEngine/Common/DerivedDataCache: Writable
[2017.01.21-05.29.26:829][  0]LogInit: Selected Device Profile: [Windows]
[2017.01.21-05.29.26:831][  0]LogContentStreaming: Texture pool size is 0.00 MB
[2017.01.21-05.29.26:969][  0]LogMeshUtilities: Using QuadricMeshReduction for automatic static mesh reduction
[2017.01.21-05.29.26:997][  0]LogSimplygon: Simplygon DLL not present - disabling.
[2017.01.21-05.29.27:030][  0]LogMeshUtilities: Using SimplygonSwarm for distributed automatic mesh merging
[2017.01.21-05.29.27:030][  0]LogMeshUtilities: No automatic skeletal mesh reduction module available
[2017.01.21-05.29.27:030][  0]LogMeshUtilities: No automatic mesh merging module available
[2017.01.21-05.29.27:376][  0]LogNetVersion: GetLocalNetworkVersion: CL: 3195953, ProjectName: notthebees, ProjectVersion: , EngineNetworkVersion: 2, GameNetworkVersion: 0, NetworkChecksum: 2170064911
[2017.01.21-05.29.27:421][  0]LogAssetRegistry: FAssetRegistry took 0.0211 seconds to start up
[2017.01.21-05.29.27:457][  0]LogPackageLocalizationCache: Processed 3 localized package path(s) for 2 prioritized culture(s) in 0.019006 seconds
[2017.01.21-05.29.27:461][  0]LogUObjectArray: 31946 objects as part of root set at end of initial load.
[2017.01.21-05.29.27:461][  0]LogUObjectAllocator: 6935848 out of 0 bytes used by permanent object pool.
[2017.01.21-05.29.27:461][  0]LogUObjectArray: CloseDisregardForGC: 0/0 objects in disregard for GC pool
[2017.01.21-05.29.27:503][  0]LogInit: WinSock: version 1.1 (2.2), MaxSocks=32767, MaxUdp=65467
[2017.01.21-05.29.27:973][  0]LogSlate: Using Freetype 2.6.0
[2017.01.21-05.29.27:973][  0]LogSlate: SlateFontCache - WITH_FREETYPE: 1, WITH_HARFBUZZ: 1
[2017.01.21-05.29.27:973][  0]LogSlate: SlateFontCache - WITH_FREETYPE: 1, WITH_HARFBUZZ: 1
[2017.01.21-05.29.28:501][  0]LogTcpMessaging: Initializing TcpMessaging bridge
[2017.01.21-05.29.28:532][  0]LogUdpMessaging: Initializing bridge on interface 0.0.0.0:0 to multicast group 230.0.0.1:6666.
[2017.01.21-05.29.28:748][  0]LogMaterial: Uniform references updated for custom material expression Custom.
[2017.01.21-05.29.29:000][  0]SourceControl: Info Source control is disabled
[2017.01.21-05.29.29:001][  0]SourceControl: Info Source control is disabled
[2017.01.21-05.29.29:033][  0]SourceControl: Info Source control is disabled
[2017.01.21-05.29.29:064][  0]SourceControl: Info Source control is disabled
[2017.01.21-05.29.29:909][  0]LogEngine: Initializing Engine...
[2017.01.21-05.29.29:909][  0]LogHMD: Failed to initialize OpenVR with code 110
[2017.01.21-05.29.30:066][  0]LogAIModule: Creating AISystem for world Untitled
[2017.01.21-05.29.30:071][  0]LogInit: XAudio2 using 'Realtek Digital Output (Realtek High Definition Audio)' : 2 channels at 48 kHz using 16 bits per sample (channel mask 0x3)
[2017.01.21-05.29.30:090][  0]LogInit: FAudioDevice initialized.
[2017.01.21-05.29.30:111][  0]LogDerivedDataCache: Saved boot cache 0.02s 50MB C:/Users/Akai/AppData/Local/UnrealEngine/4.14/DerivedDataCache/Boot.ddc.
[2017.01.21-05.29.30:119][  0]LogInit: Texture streaming: Enabled
[2017.01.21-05.29.30:238][  0]LogInit: Transaction tracking system initialized
[2017.01.21-05.29.30:457][  0]BlueprintLog: New page: Editor Load
[2017.01.21-05.29.31:017][  0]LocalizationService: Info Localization service is disabled
[2017.01.21-05.29.31:437][  0]LogConsoleResponse:Display: 
[2017.01.21-05.29.31:536][  0]LogCook:Display: Max memory allowance for cook 16384mb min free memory 0mb
[2017.01.21-05.29.31:536][  0]LogCook:Display: Mobile HDR setting 1
[2017.01.21-05.29.31:634][  0]LogFileCache: Scanning file cache for directory 'C:/Users/Akai/Documents/GitHub/GameJam2017/NotTheBees/Content/' took 0.01s
[2017.01.21-05.29.32:171][  0]SourceControl: Info Source control is disabled
[2017.01.21-05.29.32:171][  0]Cmd: MAP LOAD FILE="../../../../../../Users/Akai/Documents/GitHub/GameJam2017/NotTheBees/Content/ThirdPersonBP/Maps/ThirdPersonExampleMap.umap" TEMPLATE=0 SHOWPROGRESS=1 FEATURELEVEL=3
[2017.01.21-05.29.32:174][  0]LightingResults: New page: Lighting Build
[2017.01.21-05.29.32:200][  0]MapCheck: New page: Map Check
[2017.01.21-05.29.32:200][  0]LightingResults: New page: Lighting Build
[2017.01.21-05.29.32:598][  0]LogAIModule: Creating AISystem for world ThirdPersonExampleMap
[2017.01.21-05.29.32:603][  0]LogEditorServer: Finished looking for orphan Actors (0.000 secs)
[2017.01.21-05.29.32:603][  0]Cmd: MAP CHECKDEP NOCLEARLOG
[2017.01.21-05.29.32:631][  0]MapCheck: Info Map check complete: 0 Error(s), 0 Warning(s), took 27.766ms to complete.
[2017.01.21-05.29.32:631][  0]LogFileHelpers: Loading map 'ThirdPersonExampleMap' took 0.460
[2017.01.21-05.29.32:707][  0]LogWindowsTextInputMethodSystem:Display: IME system now deactivated.
[2017.01.21-05.29.32:799][  0]LogCollectionManager: Loaded 0 collections in 0.002039 seconds
[2017.01.21-05.29.32:858][  0]LogFileCache: Scanning file cache for directory 'C:/Users/Akai/Documents/GitHub/GameJam2017/NotTheBees/Saved/Collections/' took 0.01s
[2017.01.21-05.29.32:858][  0]LogFileCache: Scanning file cache for directory 'C:/Users/Akai/Documents/GitHub/GameJam2017/NotTheBees/Content/Developers/Akai/Collections/' took 0.01s
[2017.01.21-05.29.32:858][  0]LogFileCache: Scanning file cache for directory 'C:/Users/Akai/Documents/GitHub/GameJam2017/NotTheBees/Content/Collections/' took 0.01s
[2017.01.21-05.29.32:858][  0]LogCollectionManager: Rebuilt the GUID cache for 0 collections in 0.000001 seconds
[2017.01.21-05.29.32:864][  0]LogContentBrowser: Native class hierarchy populated in 0.0061 seconds. Added 2190 classes and 428 folders.
[2017.01.21-05.29.32:891][  0]LogStats: UGameplayTagsManager::ConstructGameplayTagTree: Construct from data asset -  0.000 s
[2017.01.21-05.29.32:891][  0]LogStats: UGameplayTagsManager::ConstructGameplayTagTree: GameplayTagTreeChangedEvent.Broadcast -  0.000 s
[2017.01.21-05.29.32:892][  0]LogContentBrowser: Native class hierarchy updated for 'GameplayTags' in 0.0003 seconds. Added 13 classes and 0 folders.
[2017.01.21-05.29.32:931][  0]LogContentBrowser: Native class hierarchy updated for 'WidgetCarousel' in 0.0003 seconds. Added 0 classes and 0 folders.
[2017.01.21-05.29.32:959][  0]LogContentBrowser: Native class hierarchy updated for 'AddContentDialog' in 0.0004 seconds. Added 0 classes and 0 folders.
[2017.01.21-05.29.32:987][  0]LogContentBrowser: Native class hierarchy updated for 'SceneOutliner' in 0.0003 seconds. Added 1 classes and 2 folders.
[2017.01.21-05.29.33:013][  0]LogCrashTracker: Crashtracker disabled due to settings.
[2017.01.21-05.29.33:018][  0]LogUObjectGlobals:Warning: Failed to find object 'Class None.'
[2017.01.21-05.29.33:067][  0]LogContentBrowser: Native class hierarchy updated for 'HierarchicalLODOutliner' in 0.0003 seconds. Added 1 classes and 2 folders.
[2017.01.21-05.29.33:068][  0]LogLoad: (Engine Initialization) Total time: 10.63 seconds
[2017.01.21-05.29.33:068][  0]LogLoad: (Engine Initialization) Total Blueprint compile time: 0.09 seconds
[2017.01.21-05.29.33:068][  0]LogExternalProfiler: Found external profiler: VSPerf
[2017.01.21-05.29.33:068][  0]LogExternalProfiler: Using external profiler: VSPerf
[2017.01.21-05.29.33:076][  0]LogOcInput: OculusInput pre-init called
[2017.01.21-05.29.33:088][  0]LogAssetRegistry: Asset discovery search completed in 5.6884 seconds
[2017.01.21-05.29.33:088][  0]LogCollectionManager: Rebuilt the object cache for 0 collections in 0.000001 seconds (found 0 objects)
[2017.01.21-05.29.33:088][  0]LogCollectionManager: Fixed up redirectors for 0 collections in 0.000010 seconds (updated 0 objects)
[2017.01.21-05.29.33:091][  0]LogContentStreaming: Texture pool size now 1000 MB
[2017.01.21-05.29.33:220][  0]LogRenderer: Reallocating scene render targets to support 1208x576 NumSamples 1 (Frame:2).
[2017.01.21-05.31.02:222][236]LogLinker:Warning: Can't find file '/Game/ThirdPersonBP/Maps/mapAkai'
[2017.01.21-05.31.02:223][236]LogLinker:Warning: Can't find file '/Game/ThirdPersonBP/Maps/mapAkai'
[2017.01.21-05.31.02:223][236]LogUObjectGlobals:Warning: Failed to find object 'Object /Game/ThirdPersonBP/Maps/mapAkai.mapAkai'
[2017.01.21-05.31.42:866][954]LogLinker:Warning: Can't find file '/Game/ThirdPersonBP/Maps/mapAkai'
[2017.01.21-05.31.42:866][954]LogUObjectGlobals:Warning: Failed to find object 'Object /Game/ThirdPersonBP/Maps/mapAkai.mapAkai'
[2017.01.21-05.31.43:108][983]LogLinker:Warning: Can't find file '/Game/ThirdPersonBP/Maps/mapAkai'
[2017.01.21-05.31.43:108][983]LogUObjectGlobals:Warning: Failed to find object 'Object /Game/ThirdPersonBP/Maps/mapAkai.mapAkai'
[2017.01.21-05.32.51:588][362]LogFactory: FactoryCreateFile: StaticMesh with FbxFactory (0 0 ../../../../../../Users/Akai/Desktop/mapAkai.fbx)
[2017.01.21-05.32.51:599][362]LogFbx: ItemName: GlobalSettings, ItemCount : 1
[2017.01.21-05.32.51:599][362]LogFbx: ItemName: AnimationStack, ItemCount : 1
[2017.01.21-05.32.51:599][362]LogFbx: ItemName: AnimationLayer, ItemCount : 1
[2017.01.21-05.32.51:599][362]LogFbx: ItemName: Model, ItemCount : 1
[2017.01.21-05.32.51:599][362]LogFbx: ItemName: Geometry, ItemCount : 1
[2017.01.21-05.32.51:599][362]LogFbx: ItemName: Material, ItemCount : 1
[2017.01.21-05.32.51:605][362]LogFbx: Loading FBX Scene from ../../../../../../Users/Akai/Desktop/mapAkai.fbx
[2017.01.21-05.32.51:612][362]LogFbx: FBX Scene Loaded Succesfully
[2017.01.21-05.32.57:377][362]LogFbx: Loading FBX Scene from ../../../../../../Users/Akai/Desktop/mapAkai.fbx
[2017.01.21-05.32.57:381][362]LogFbx: FBX Scene Loaded Succesfully
[2017.01.21-05.32.57:384][362]LogLinker: Can't find file '/Game/ThirdPersonBP/Maps/CubeMaterial'
[2017.01.21-05.32.57:384][362]LogLinker: Can't find file '/Game/ThirdPersonBP/Maps/CubeMaterial'
[2017.01.21-05.32.57:387][362]LogMaterial: Missing cached shader map for material CubeMaterial, compiling. 
[2017.01.21-05.32.57:407][362]LogStaticMesh: Building static mesh mapAkai...
[2017.01.21-05.32.57:410][362]LogStaticMesh: Built static mesh [0.00s] /Game/ThirdPersonBP/Maps/mapAkai.mapAkai
[2017.01.21-05.32.57:416][362]FBXImport:Warning: Warning No smoothing group information was found in this FBX scene.  Please make sure to enable the 'Export Smoothing Groups' option in the FBX Exporter plug-in before exporting the file.  Even for tools that don't support smoothing groups, the FBX Exporter will generate appropriate smoothing data at export-time so that correct vertex normals can be inferred while importing. 
[2017.01.21-05.33.07:550][546]LogTexture:Display: Building textures: SimplygonLogo (AutoDXT)
[2017.01.21-05.33.45:595][ 78]LogMaterial: Missing cached shader map for material CubeMaterial, compiling. 
[2017.01.21-05.33.45:641][ 78]LogMaterial: Missing cached shader map for material CubeMaterial, compiling. 
[2017.01.21-05.33.45:647][ 78]LogMaterial: 0.00 seconds spent updating 1 materials, 1 interfaces, 0 instances, 0 with static permutations.
[2017.01.21-05.33.45:671][ 78]LogMaterial: Missing cached shader map for material FMatExpressionPreview MaterialExpressionVectorParameter_0, compiling. 
[2017.01.21-05.33.46:619][138]MaterialEditorStats: Info Base pass shader with only dynamic lighting: 22 instructions
[2017.01.21-05.33.46:619][138]MaterialEditorStats: Info Vertex shader: 29 instructions
[2017.01.21-05.33.46:619][138]MaterialEditorStats: Info Texture samplers: 0/16
[2017.01.21-05.38.57:370][773]Cmd: MAP LOAD FILE="../../../Engine/Content/Maps/Templates/Template_Default.umap" TEMPLATE=1 SHOWPROGRESS=1 FEATURELEVEL=3
[2017.01.21-05.38.57:378][773]LightingResults: New page: Lighting Build
[2017.01.21-05.38.57:379][773]LoadErrors: New page: Loading map: Template_Default.umap
[2017.01.21-05.38.57:381][773]MapCheck: New page: Map Check
[2017.01.21-05.38.57:381][773]LightingResults: New page: Lighting Build
[2017.01.21-05.38.57:398][773]LogAIModule: Creating AISystem for world Untitled_1
[2017.01.21-05.38.57:399][773]LogActorComponent: RegisterComponentWithWorld: (/Temp/Untitled_1.Untitled_1:PersistentLevel.WorldSettings_1.StaticMeshComponent0) Trying to register component with IsPendingKill() == true. Aborting.
[2017.01.21-05.38.57:402][773]LogEditorServer: Finished looking for orphan Actors (0.000 secs)
[2017.01.21-05.38.57:406][773]Cmd: MAP CHECKDEP NOCLEARLOG
[2017.01.21-05.38.57:437][773]MapCheck: Info Map check complete: 0 Error(s), 0 Warning(s), took 30.501ms to complete.
[2017.01.21-05.38.57:437][773]LogFileHelpers: Loading map 'Template_Default' took 0.068
[2017.01.21-05.39.13:194][395]LogTemp: Repeting last play command: Selected Viewport
[2017.01.21-05.39.13:202][395]LogPlayLevel: PlayLevel: No blueprints needed recompiling
[2017.01.21-05.39.13:202][395]PIE: New page: PIE session: Untitled_1 (Jan 20, 2017, 5:39:13 PM)
[2017.01.21-05.39.13:202][395]LogPlayLevel: Creating play world package: /Temp/UEDPIE_0_Untitled_1
[2017.01.21-05.39.13:204][395]LogPlayLevel: PIE: StaticDuplicateObject took: (0.001150s)
[2017.01.21-05.39.13:204][395]LogAIModule: Creating AISystem for world Untitled_1
[2017.01.21-05.39.13:204][395]LogPlayLevel: PIE: World Init took: (0.000658s)
[2017.01.21-05.39.13:204][395]LogPlayLevel: PIE: Created PIE world by copying editor world from /Temp/Untitled_1.Untitled_1 to /Temp/UEDPIE_0_Untitled_1.Untitled_1 (0.002012s)
[2017.01.21-05.39.13:213][395]LogInit: XAudio2 using 'Realtek Digital Output (Realtek High Definition Audio)' : 2 channels at 48 kHz using 16 bits per sample (channel mask 0x3)
[2017.01.21-05.39.13:230][395]LogInit: FAudioDevice initialized.
[2017.01.21-05.39.13:277][395]LogLoad: Game class is 'ThirdPersonGameMode_C'
[2017.01.21-05.39.13:278][395]LogWorld: Bringing World /Temp/UEDPIE_0_Untitled_1.Untitled_1 up for play (max tick rate 0) at 2017.01.20-23.39.13
[2017.01.21-05.39.13:278][395]LogWorld: Bringing up level for play took: 0.000555
[2017.01.21-05.39.13:305][395]LogContentBrowser: Native class hierarchy updated for 'MovieSceneCapture' in 0.0004 seconds. Added 11 classes and 0 folders.
[2017.01.21-05.39.13:307][395]PIE: Info Play in editor start time for /Temp/UEDPIE_0_Untitled_1 0.171
[2017.01.21-05.39.28:746][239]LogTemp: Repeting last play command: Selected Viewport
[2017.01.21-05.39.28:754][239]LogPlayLevel: PlayLevel: No blueprints needed recompiling
[2017.01.21-05.39.28:755][239]PIE: New page: PIE session: Untitled_1 (Jan 20, 2017, 5:39:28 PM)
[2017.01.21-05.39.28:755][239]LogPlayLevel: Creating play world package: /Temp/UEDPIE_0_Untitled_1
[2017.01.21-05.39.28:756][239]LogPlayLevel: PIE: StaticDuplicateObject took: (0.001077s)
[2017.01.21-05.39.28:756][239]LogAIModule: Creating AISystem for world Untitled_1
[2017.01.21-05.39.28:756][239]LogPlayLevel: PIE: World Init took: (0.000825s)
[2017.01.21-05.39.28:757][239]LogPlayLevel: PIE: Created PIE world by copying editor world from /Temp/Untitled_1.Untitled_1 to /Temp/UEDPIE_0_Untitled_1.Untitled_1 (0.002055s)
[2017.01.21-05.39.28:765][239]LogInit: XAudio2 using 'Realtek Digital Output (Realtek High Definition Audio)' : 2 channels at 48 kHz using 16 bits per sample (channel mask 0x3)
[2017.01.21-05.39.28:782][239]LogInit: FAudioDevice initialized.
[2017.01.21-05.39.28:807][239]LogLoad: Game class is 'ThirdPersonGameMode_C'
[2017.01.21-05.39.28:808][239]LogWorld: Bringing World /Temp/UEDPIE_0_Untitled_1.Untitled_1 up for play (max tick rate 0) at 2017.01.20-23.39.28
[2017.01.21-05.39.28:808][239]LogWorld: Bringing up level for play took: 0.000618
[2017.01.21-05.39.28:809][239]PIE: Info Play in editor start time for /Temp/UEDPIE_0_Untitled_1 -0.326
[2017.01.21-05.39.49:860][443]LogEditorViewport: Clicking on Actor (LMB): StaticMeshActor (Floor)
[2017.01.21-05.39.50:558][521]Cmd: EDIT PASTE
[2017.01.21-05.40.00:259][682]Cmd: EDIT PASTE
[2017.01.21-05.40.02:404][937]Cmd: EDIT PASTE
[2017.01.21-05.40.04:134][142]Cmd: EDIT PASTE
[2017.01.21-05.40.06:879][469]Cmd: EDIT PASTE
[2017.01.21-05.40.16:462][616]LogEditorViewport: Clicking on Actor (CTRL LMB): StaticMeshActor (Cube2)
[2017.01.21-05.40.17:430][729]LogEditorViewport: Clicking on Actor (CTRL LMB): StaticMeshActor (Cube4)
[2017.01.21-05.40.18:366][839]LogEditorViewport: Clicking on Actor (CTRL LMB): StaticMeshActor (Cube3)
[2017.01.21-05.40.19:569][981]LogEditorViewport: Clicking on Actor (CTRL LMB): StaticMeshActor (Cube5)
[2017.01.21-05.40.35:510][891]LogEditorViewport: Clicking on Actor (LMB): BP_Sky_Sphere_C (Sky Sphere)
[2017.01.21-05.41.06:135][525]LogSavePackage: Save=17.35ms
[2017.01.21-05.41.06:135][525]LogSavePackage: Moving '../../../../../../Users/Akai/Documents/GitHub/GameJam2017/NotTheBees/Saved/AkaiMap1A75886849FB6294A263E4B44F495C04.tmp' to '../../../../../../Users/Akai/Documents/GitHub/GameJam2017/NotTheBees/Content/ThirdPersonBP/Maps/AkaiMap.umap'
[2017.01.21-05.41.06:136][525]LogSavePackage:Display: Finished SavePackage ../../../../../../Users/Akai/Documents/GitHub/GameJam2017/NotTheBees/Content/ThirdPersonBP/Maps/AkaiMap.umap
[2017.01.21-05.41.06:159][525]LogFileHelpers: Saving map 'AkaiMap' took 0.183
[2017.01.21-05.41.34:811][957]LogSavePackage: Save=16.47ms
[2017.01.21-05.41.34:811][957]LogSavePackage: Moving '../../../../../../Users/Akai/Documents/GitHub/GameJam2017/NotTheBees/Saved/AkaiMap147ED88143AF88CEDA8AD7801A0B3E9B.tmp' to '../../../../../../Users/Akai/Documents/GitHub/GameJam2017/NotTheBees/Content/ThirdPersonBP/Maps/AkaiMap.umap'
[2017.01.21-05.41.34:812][957]LogSavePackage:Display: Finished SavePackage ../../../../../../Users/Akai/Documents/GitHub/GameJam2017/NotTheBees/Content/ThirdPersonBP/Maps/AkaiMap.umap
[2017.01.21-05.41.40:520][634]LogWindowsTextInputMethodSystem:Display: IME system now deactivated.
[2017.01.21-05.41.40:661][635]Cmd: QUIT_EDITOR
[2017.01.21-05.41.41:050][635]LogExit: Preparing to exit.
[2017.01.21-05.41.41:759][635]LogDirectoryWatcher: A directory notification for 'C:/Users/Akai/Documents/GitHub/GameJam2017/NotTheBees/Content/' was aborted.
[2017.01.21-05.41.41:772][635]LogExit: Editor shut down
[2017.01.21-05.41.41:772][635]LogExit: Transaction tracking system shut down
[2017.01.21-05.41.41:823][635]LogObj: Freed 0b from 0 cluster array pools.
[2017.01.21-05.41.41:824][635]LogExit: Object subsystem successfully closed.
[2017.01.21-05.41.41:839][635]LogD3D11RHI: Shutdown
[2017.01.21-05.41.41:839][635]LogD3D11RHI: CleanupD3DDevice
[2017.01.21-05.41.41:890][635]LogD3D11RHI: ~FD3D11DynamicRHI
[2017.01.21-05.41.41:899][635]LogHttp:Display: Http module shutting down, but needs to wait on 1 outstanding Http requests:
[2017.01.21-05.41.41:899][635]LogHttp:Display: 	verb=[POST] url=[https://datarouter.ol.epicgames.com/datarouter/api/v1/public/data?SessionID=%7B3CCC8B1B-4D9A-CE62-F743-F7B6712D196E%7D&AppID=UEEditor.Rocket.Release&AppVersion=4.14.3-3249277%2B%2B%2BUE4%2BRelease-4.14&UserID=a05836d2416be7b0a074dca1a5007b23%7Cae28f7be6803458caf618fd250f6a5fa%7C026a6cac-26a8-443b-a0b8-e2b4ac14284e&AppEnvironment=datacollector-binary&UploadType=eteventstream] status=Processing
[2017.01.21-05.41.41:922][635]LogModuleManager: Shutting down and abandoning module MovieSceneCapture (245)
[2017.01.21-05.41.41:922][635]LogModuleManager: Shutting down and abandoning module NewLevelDialog (244)
[2017.01.21-05.41.41:922][635]LogModuleManager: Shutting down and abandoning module MaterialEditor (243)
[2017.01.21-05.41.41:922][635]LogModuleManager: Shutting down and abandoning module StaticMeshEditor (242)
[2017.01.21-05.41.41:922][635]LogModuleManager: Shutting down and abandoning module HierarchicalLODOutliner (241)
[2017.01.21-05.41.41:922][635]LogModuleManager: Shutting down and abandoning module CrashTracker (240)
[2017.01.21-05.41.41:922][635]LogModuleManager: Shutting down and abandoning module SceneOutliner (239)
[2017.01.21-05.41.41:922][635]LogModuleManager: Shutting down and abandoning module WidgetCarousel (238)
[2017.01.21-05.41.41:922][635]LogModuleManager: Shutting down and abandoning module AddContentDialog (237)
[2017.01.21-05.41.41:922][635]LogDirectoryWatcher: A directory notification for 'C:/Program Files (x86)/Epic Games/4.14/FeaturePacks/' was aborted.
[2017.01.21-05.41.41:922][635]LogModuleManager: Shutting down and abandoning module GameplayTags (236)
[2017.01.21-05.41.41:922][635]LogModuleManager: Shutting down and abandoning module EditorWidgets (235)
[2017.01.21-05.41.41:922][635]LogModuleManager: Shutting down and abandoning module CollectionManager (234)
[2017.01.21-05.41.41:922][635]LogDirectoryWatcher: A directory notification for 'C:/Users/Akai/Documents/GitHub/GameJam2017/NotTheBees/Content/Collections/' was aborted.
[2017.01.21-05.41.41:922][635]LogDirectoryWatcher: A directory notification for 'C:/Users/Akai/Documents/GitHub/GameJam2017/NotTheBees/Content/Developers/Akai/Collections/' was aborted.
[2017.01.21-05.41.41:922][635]LogDirectoryWatcher: A directory notification for 'C:/Users/Akai/Documents/GitHub/GameJam2017/NotTheBees/Saved/Collections/' was aborted.
[2017.01.21-05.41.41:923][635]LogModuleManager: Shutting down and abandoning module StatsViewer (233)
[2017.01.21-05.41.41:923][635]LogModuleManager: Shutting down and abandoning module FoliageEdit (232)
[2017.01.21-05.41.41:923][635]LogModuleManager: Shutting down and abandoning module LandscapeEditor (231)
[2017.01.21-05.41.41:923][635]LogModuleManager: Shutting down and abandoning module SceneDepthPickerMode (230)
[2017.01.21-05.41.41:923][635]LogModuleManager: Shutting down and abandoning module ActorPickerMode (229)
[2017.01.21-05.41.41:923][635]LogModuleManager: Shutting down and abandoning module GeometryMode (228)
[2017.01.21-05.41.41:923][635]LogModuleManager: Shutting down and abandoning module TextureAlignMode (227)
[2017.01.21-05.41.41:923][635]LogModuleManager: Shutting down and abandoning module BspMode (226)
[2017.01.21-05.41.41:923][635]LogModuleManager: Shutting down and abandoning module HardwareSurvey (225)
[2017.01.21-05.41.41:923][635]LogModuleManager: Shutting down and abandoning module SequenceRecorderSections (224)
[2017.01.21-05.41.41:923][635]LogModuleManager: Shutting down and abandoning module AutomationWorker (223)
[2017.01.21-05.41.41:923][635]LogModuleManager: Shutting down and abandoning module MatineeToLevelSequence (222)
[2017.01.21-05.41.41:923][635]LogModuleManager: Shutting down and abandoning module PlacementMode (221)
[2017.01.21-05.41.41:923][635]LogModuleManager: Shutting down and abandoning module LevelSequenceEditor (220)
[2017.01.21-05.41.41:923][635]LogModuleManager: Shutting down and abandoning module WmfMediaFactory (219)
[2017.01.21-05.41.41:923][635]LogModuleManager: Shutting down and abandoning module WmfMediaEditor (218)
[2017.01.21-05.41.41:923][635]LogModuleManager: Shutting down and abandoning module AvfMediaFactory (217)
[2017.01.21-05.41.41:923][635]LogModuleManager: Shutting down and abandoning module AvfMediaEditor (216)
[2017.01.21-05.41.41:923][635]LogModuleManager: Shutting down and abandoning module Media (215)
[2017.01.21-05.41.41:923][635]LogModuleManager: Shutting down and abandoning module AndroidMediaFactory (214)
[2017.01.21-05.41.41:923][635]LogModuleManager: Shutting down and abandoning module AndroidMediaEditor (213)
[2017.01.21-05.41.41:923][635]LogModuleManager: Shutting down and abandoning module CharacterAI (212)
[2017.01.21-05.41.41:923][635]LogModuleManager: Shutting down and abandoning module SequenceRecorder (211)
[2017.01.21-05.41.41:923][635]LogModuleManager: Shutting down and abandoning module AudioCapture (210)
[2017.01.21-05.41.41:923][635]LogModuleManager: Shutting down and abandoning module SmartSnapping (209)
[2017.01.21-05.41.41:923][635]LogModuleManager: Shutting down and abandoning module SessionServices (208)
[2017.01.21-05.41.41:923][635]LogModuleManager: Shutting down and abandoning module ViewportSnapping (207)
[2017.01.21-05.41.41:923][635]LogModuleManager: Shutting down and abandoning module ViewportInteraction (206)
[2017.01.21-05.41.41:923][635]LogModuleManager: Shutting down and abandoning module LogVisualizer (205)
[2017.01.21-05.41.41:923][635]LogModuleManager: Shutting down and abandoning module GameProjectGeneration (204)
[2017.01.21-05.41.41:923][635]LogModuleManager: Shutting down and abandoning module IntroTutorials (203)
[2017.01.21-05.41.41:923][635]LogModuleManager: Shutting down and abandoning module EditorLiveStreaming (202)
[2017.01.21-05.41.41:923][635]LogModuleManager: Shutting down and abandoning module IOSPlatformEditor (201)
[2017.01.21-05.41.41:923][635]LogModuleManager: Shutting down and abandoning module HTML5PlatformEditor (200)
[2017.01.21-05.41.41:923][635]LogModuleManager: Shutting down and abandoning module AndroidDeviceDetection (199)
[2017.01.21-05.41.42:364][635]LogModuleManager: Shutting down and abandoning module AndroidPlatformEditor (198)
[2017.01.21-05.41.42:364][635]LogModuleManager: Shutting down and abandoning module IOSRuntimeSettings (197)
[2017.01.21-05.41.42:364][635]LogModuleManager: Shutting down and abandoning module AndroidRuntimeSettings (196)
[2017.01.21-05.41.42:364][635]LogModuleManager: Shutting down and abandoning module InputBindingEditor (195)
[2017.01.21-05.41.42:364][635]LogModuleManager: Shutting down and abandoning module NiagaraEditor (194)
[2017.01.21-05.41.42:364][635]LogModuleManager: Shutting down and abandoning module MergeActors (193)
[2017.01.21-05.41.42:364][635]LogModuleManager: Shutting down and abandoning module SizeMap (192)
[2017.01.21-05.41.42:364][635]LogModuleManager: Shutting down and abandoning module TreeMap (191)
[2017.01.21-05.41.42:364][635]LogModuleManager: Shutting down and abandoning module ReferenceViewer (190)
[2017.01.21-05.41.42:364][635]LogModuleManager: Shutting down and abandoning module LocalizationService (189)
[2017.01.21-05.41.42:364][635]LogModuleManager: Shutting down and abandoning module LocalizationDashboard (188)
[2017.01.21-05.41.42:364][635]LogModuleManager: Shutting down and abandoning module HardwareTargeting (187)
[2017.01.21-05.41.42:364][635]LogModuleManager: Shutting down and abandoning module DeviceProfileEditor (186)
[2017.01.21-05.41.42:364][635]LogModuleManager: Shutting down and abandoning module UndoHistory (185)
[2017.01.21-05.41.42:364][635]LogModuleManager: Shutting down and abandoning module UserFeedback (184)
[2017.01.21-05.41.42:364][635]LogModuleManager: Shutting down and abandoning module XmlParser (183)
[2017.01.21-05.41.42:364][635]LogModuleManager: Shutting down and abandoning module Blutility (182)
[2017.01.21-05.41.42:364][635]LogModuleManager: Shutting down and abandoning module ProjectTargetPlatformEditor (181)
[2017.01.21-05.41.42:364][635]LogModuleManager: Shutting down and abandoning module ProjectSettingsViewer (180)
[2017.01.21-05.41.42:364][635]LogModuleManager: Shutting down and abandoning module EditorSettingsViewer (179)
[2017.01.21-05.41.42:364][635]LogModuleManager: Shutting down and abandoning module SettingsEditor (178)
[2017.01.21-05.41.42:364][635]LogModuleManager: Shutting down and abandoning module ProjectLauncher (177)
[2017.01.21-05.41.42:364][635]LogModuleManager: Shutting down and abandoning module SessionFrontend (176)
[2017.01.21-05.41.42:364][635]LogModuleManager: Shutting down and abandoning module ProfilerClient (175)
[2017.01.21-05.41.42:364][635]LogModuleManager: Shutting down and abandoning module TargetDeviceServices (174)
[2017.01.21-05.41.42:364][635]LogModuleManager: Shutting down and abandoning module DeviceManager (173)
[2017.01.21-05.41.42:405][635]LogModuleManager: Shutting down and abandoning module AutomationController (172)
[2017.01.21-05.41.42:405][635]LogModuleManager: Shutting down and abandoning module AutomationWindow (171)
[2017.01.21-05.41.42:405][635]LogModuleManager: Shutting down and abandoning module Layers (170)
[2017.01.21-05.41.42:405][635]LogModuleManager: Shutting down and abandoning module ComponentVisualizers (169)
[2017.01.21-05.41.42:405][635]LogModuleManager: Shutting down and abandoning module DetailCustomizations (168)
[2017.01.21-05.41.42:405][635]LogModuleManager: Shutting down and abandoning module PackagesDialog (167)
[2017.01.21-05.41.42:405][635]LogModuleManager: Shutting down and abandoning module AnimGraph (166)
[2017.01.21-05.41.42:405][635]LogModuleManager: Shutting down and abandoning module Persona (165)
[2017.01.21-05.41.42:405][635]LogModuleManager: Shutting down and abandoning module Kismet (164)
[2017.01.21-05.41.42:406][635]LogModuleManager: Shutting down and abandoning module GraphEditor (163)
[2017.01.21-05.41.42:406][635]LogModuleManager: Shutting down and abandoning module ClassViewer (162)
[2017.01.21-05.41.42:406][635]LogModuleManager: Shutting down and abandoning module Toolbox (161)
[2017.01.21-05.41.42:406][635]LogModuleManager: Shutting down and abandoning module ModuleUI (160)
[2017.01.21-05.41.42:406][635]LogModuleManager: Shutting down and abandoning module MovieSceneTools (159)
[2017.01.21-05.41.42:406][635]LogModuleManager: Shutting down and abandoning module OutputLog (158)
[2017.01.21-05.41.42:406][635]LogModuleManager: Shutting down and abandoning module GammaUI (157)
[2017.01.21-05.41.42:406][635]LogModuleManager: Shutting down and abandoning module Documentation (156)
[2017.01.21-05.41.42:406][635]LogModuleManager: Shutting down and abandoning module Niagara (155)
[2017.01.21-05.41.42:406][635]LogModuleManager: Shutting down and abandoning module StreamingPauseRendering (154)
[2017.01.21-05.41.42:406][635]LogModuleManager: Shutting down and abandoning module AnalyticsET (153)
[2017.01.21-05.41.42:406][635]LogModuleManager: Shutting down and abandoning module PortalServices (152)
[2017.01.21-05.41.42:406][635]LogModuleManager: Shutting down and abandoning module PortalRpc (151)
[2017.01.21-05.41.42:406][635]LogModuleManager: Shutting down and abandoning module MessagingRpc (150)
[2017.01.21-05.41.42:406][635]LogModuleManager: Shutting down and abandoning module GameplayDebugger (149)
[2017.01.21-05.41.42:406][635]LogModuleManager: Shutting down and abandoning module AITestSuite (148)
[2017.01.21-05.41.42:406][635]LogModuleManager: Shutting down and abandoning module AIModule (147)
[2017.01.21-05.41.42:406][635]LogModuleManager: Shutting down and abandoning module ProfilerService (146)
[2017.01.21-05.41.42:617][635]LogModuleManager: Shutting down and abandoning module TaskGraph (145)
[2017.01.21-05.41.42:617][635]LogModuleManager: Shutting down and abandoning module SlateRemote (144)
[2017.01.21-05.41.42:617][635]LogModuleManager: Shutting down and abandoning module SteamVRController (143)
[2017.01.21-05.41.42:617][635]LogModuleManager: Shutting down and abandoning module SteamVR (142)
[2017.01.21-05.41.42:617][635]LogModuleManager: Shutting down and abandoning module ProceduralMeshComponentEditor (141)
[2017.01.21-05.41.42:617][635]LogModuleManager: Shutting down and abandoning module ProceduralMeshComponent (140)
[2017.01.21-05.41.42:617][635]LogModuleManager: Shutting down and abandoning module OculusLibrary (139)
[2017.01.21-05.41.42:617][635]LogModuleManager: Shutting down and abandoning module OculusInput (138)
[2017.01.21-05.41.42:617][635]LogModuleManager: Shutting down and abandoning module MobilePatchingUtils (137)
[2017.01.21-05.41.42:617][635]LogModuleManager: Shutting down and abandoning module CustomMeshComponent (136)
[2017.01.21-05.41.42:617][635]LogModuleManager: Shutting down and abandoning module CableComponent (135)
[2017.01.21-05.41.42:617][635]LogModuleManager: Shutting down and abandoning module ArchVisCharacter (134)
[2017.01.21-05.41.42:617][635]LogModuleManager: Shutting down and abandoning module MediaPlayerEditor (132)
[2017.01.21-05.41.42:617][635]LogModuleManager: Shutting down and abandoning module HTML5Networking (131)
[2017.01.21-05.41.42:617][635]LogModuleManager: Shutting down and abandoning module GeometryCacheEd (130)
[2017.01.21-05.41.42:617][635]LogModuleManager: Shutting down and abandoning module GeometryCache (129)
[2017.01.21-05.41.42:617][635]LogModuleManager: Shutting down and abandoning module AlembicLibrary (128)
[2017.01.21-05.41.42:617][635]LogModuleManager: Shutting down and abandoning module AlembicImporter (127)
[2017.01.21-05.41.42:617][635]LogModuleManager: Shutting down and abandoning module SuperSearch (126)
[2017.01.21-05.41.42:617][635]LogModuleManager: Shutting down and abandoning module SuperSearchEditor (125)
[2017.01.21-05.41.42:617][635]LogModuleManager: Shutting down and abandoning module SpeedTreeImporter (124)
[2017.01.21-05.41.42:617][635]LogModuleManager: Shutting down and abandoning module PluginBrowser (123)
[2017.01.21-05.41.42:617][635]LogModuleManager: Shutting down and abandoning module MobileLauncherProfileWizard (122)
[2017.01.21-05.41.42:617][635]LogModuleManager: Shutting down and abandoning module EpicSurvey (121)
[2017.01.21-05.41.42:617][635]LogModuleManager: Shutting down and abandoning module DesktopPlatform (120)
[2017.01.21-05.41.42:618][635]LogModuleManager: Shutting down and abandoning module VisualStudioSourceCodeAccess (119)
[2017.01.21-05.41.42:618][635]LogModuleManager: Shutting down and abandoning module UObjectPlugin (118)
[2017.01.21-05.41.42:618][635]LogModuleManager: Shutting down and abandoning module SubversionSourceControl (117)
[2017.01.21-05.41.42:618][635]LogModuleManager: Shutting down and abandoning module PerforceSourceControl (116)
[2017.01.21-05.41.42:618][635]LogModuleManager: Shutting down and abandoning module SourceControl (115)
[2017.01.21-05.41.42:618][635]LogModuleManager: Shutting down and abandoning module GitSourceControl (114)
[2017.01.21-05.41.42:618][635]LogModuleManager: Shutting down and abandoning module LightPropagationVolumeEditor (113)
[2017.01.21-05.41.42:618][635]LogModuleManager: Shutting down and abandoning module PaperTiledImporter (112)
[2017.01.21-05.41.42:618][635]LogModuleManager: Shutting down and abandoning module PaperSpriteSheetImporter (111)
[2017.01.21-05.41.42:618][635]LogModuleManager: Shutting down and abandoning module MeshPaint (110)
[2017.01.21-05.41.42:618][635]LogModuleManager: Shutting down and abandoning module PixelInspectorModule (109)
[2017.01.21-05.41.42:618][635]LogModuleManager: Shutting down and abandoning module HotReload (108)
[2017.01.21-05.41.42:619][635]LogModuleManager: Shutting down and abandoning module MainFrame (107)
[2017.01.21-05.41.42:619][635]LogModuleManager: Shutting down and abandoning module LevelEditor (106)
[2017.01.21-05.41.42:620][635]LogModuleManager: Shutting down and abandoning module ContentBrowser (105)
[2017.01.21-05.41.42:621][635]LogModuleManager: Shutting down and abandoning module Paper2DEditor (104)
[2017.01.21-05.41.42:621][635]LogModuleManager: Shutting down and abandoning module UdpMessaging (103)
[2017.01.21-05.41.42:721][635]LogModuleManager: Shutting down and abandoning module TcpMessaging (102)
[2017.01.21-05.41.42:822][635]LogModuleManager: Shutting down and abandoning module LightPropagationVolumeRuntime (101)
[2017.01.21-05.41.42:822][635]LogModuleManager: Shutting down and abandoning module Paper2D (100)
[2017.01.21-05.41.42:822][635]LogModuleManager: Shutting down and abandoning module WindowsMoviePlayer (99)
[2017.01.21-05.41.42:822][635]LogModuleManager: Shutting down and abandoning module WmfMedia (98)
[2017.01.21-05.41.42:822][635]LogModuleManager: Shutting down and abandoning module MediaAssets (97)
[2017.01.21-05.41.42:822][635]LogModuleManager: Shutting down and abandoning module GameLiveStreaming (96)
[2017.01.21-05.41.42:822][635]LogModuleManager: Shutting down and abandoning module GameplayTagsEditor (95)
[2017.01.21-05.41.42:822][635]LogModuleManager: Shutting down and abandoning module VREditor (94)
[2017.01.21-05.41.42:822][635]LogModuleManager: Shutting down and abandoning module GameplayTasksEditor (93)
[2017.01.21-05.41.42:822][635]LogModuleManager: Shutting down and abandoning module BehaviorTreeEditor (92)
[2017.01.21-05.41.42:822][635]LogModuleManager: Shutting down and abandoning module FunctionalTesting (91)
[2017.01.21-05.41.42:822][635]LogModuleManager: Shutting down and abandoning module CollisionAnalyzer (90)
[2017.01.21-05.41.42:823][635]LogModuleManager: Shutting down and abandoning module Sequencer (89)
[2017.01.21-05.41.42:823][635]LogModuleManager: Shutting down and abandoning module WorkspaceMenuStructure (88)
[2017.01.21-05.41.42:823][635]LogModuleManager: Shutting down and abandoning module MessageLog (87)
[2017.01.21-05.41.42:823][635]LogModuleManager: Shutting down and abandoning module AssetTools (86)
[2017.01.21-05.41.42:823][635]LogModuleManager: Shutting down and abandoning module UMGEditor (85)
[2017.01.21-05.41.42:823][635]LogModuleManager: Shutting down and abandoning module UMG (84)
[2017.01.21-05.41.42:823][635]LogModuleManager: Shutting down and abandoning module SlateReflector (83)
[2017.01.21-05.41.42:823][635]LogModuleManager: Shutting down and abandoning module Slate (82)
[2017.01.21-05.41.42:823][635]LogModuleManager: Shutting down and abandoning module EditorStyle (81)
[2017.01.21-05.41.42:830][635]LogModuleManager: Shutting down and abandoning module SourceCodeAccess (80)
[2017.01.21-05.41.42:831][635]LogModuleManager: Shutting down and abandoning module HeadMountedDisplay (79)
[2017.01.21-05.41.42:831][635]LogModuleManager: Shutting down and abandoning module XAudio2 (78)
[2017.01.21-05.41.42:831][635]LogModuleManager: Shutting down and abandoning module Networking (76)
[2017.01.21-05.41.42:831][635]LogModuleManager: Shutting down and abandoning module Core (75)
[2017.01.21-05.41.42:831][635]LogModuleManager: Shutting down and abandoning module DirectoryWatcher (74)
[2017.01.21-05.41.42:831][635]LogDirectoryWatcher: A directory notification for '../../../Engine/Content/' was aborted.
[2017.01.21-05.41.42:831][635]LogDirectoryWatcher: A directory notification for '../../../../../../Users/Akai/Documents/GitHub/GameJam2017/NotTheBees/Content/' was aborted.
[2017.01.21-05.41.42:831][635]LogDirectoryWatcher: A directory notification for '../../../Engine/Plugins/2D/Paper2D/Content/' was aborted.
[2017.01.21-05.41.42:832][635]LogModuleManager: Shutting down and abandoning module AssetRegistry (73)
[2017.01.21-05.41.43:049][635]LogModuleManager: Shutting down and abandoning module KismetCompiler (72)
[2017.01.21-05.41.43:049][635]LogModuleManager: Shutting down and abandoning module PhysXFormats (71)
[2017.01.21-05.41.43:049][635]LogModuleManager: Shutting down and abandoning module SimplygonSwarm (70)
[2017.01.21-05.41.43:049][635]LogModuleManager: Shutting down and abandoning module SimplygonMeshReduction (69)
[2017.01.21-05.41.43:049][635]LogModuleManager: Shutting down and abandoning module QuadricMeshReduction (68)
[2017.01.21-05.41.43:049][635]LogModuleManager: Shutting down and abandoning module PropertyEditor (67)
[2017.01.21-05.41.43:049][635]LogModuleManager: Shutting down and abandoning module MeshUtilities (66)
[2017.01.21-05.41.43:049][635]LogModuleManager: Shutting down and abandoning module DerivedDataCache (65)
[2017.01.21-05.41.43:144][635]LogDerivedDataCache: Shutdown
[2017.01.21-05.41.43:144][635]LogModuleManager: Shutting down and abandoning module VulkanShaderFormat (64)
[2017.01.21-05.41.43:144][635]LogModuleManager: Shutting down and abandoning module ShaderFormatOpenGL (63)
[2017.01.21-05.41.43:144][635]LogModuleManager: Shutting down and abandoning module ShaderFormatD3D (62)
[2017.01.21-05.41.43:144][635]LogModuleManager: Shutting down and abandoning module MetalShaderFormat (61)
[2017.01.21-05.41.43:144][635]LogModuleManager: Shutting down and abandoning module TextureFormatUncompressed (60)
[2017.01.21-05.41.43:144][635]LogModuleManager: Shutting down and abandoning module TextureFormatPVR (59)
[2017.01.21-05.41.43:144][635]LogModuleManager: Shutting down and abandoning module TextureFormatDXT (58)
[2017.01.21-05.41.43:144][635]LogModuleManager: Shutting down and abandoning module TextureFormatIntelISPCTexComp (57)
[2017.01.21-05.41.43:144][635]LogModuleManager: Shutting down and abandoning module ImageWrapper (56)
[2017.01.21-05.41.43:144][635]LogModuleManager: Shutting down and abandoning module TextureFormatASTC (55)
[2017.01.21-05.41.43:144][635]LogModuleManager: Shutting down and abandoning module TextureFormatAndroid (54)
[2017.01.21-05.41.43:144][635]LogModuleManager: Shutting down and abandoning module AudioFormatOpus (53)
[2017.01.21-05.41.43:144][635]LogModuleManager: Shutting down and abandoning module AudioFormatOgg (52)
[2017.01.21-05.41.43:144][635]LogModuleManager: Shutting down and abandoning module AudioFormatADPCM (51)
[2017.01.21-05.41.43:144][635]LogModuleManager: Shutting down and abandoning module LinuxTargetPlatform (50)
[2017.01.21-05.41.43:144][635]LogModuleManager: Shutting down and abandoning module LinuxServerTargetPlatform (49)
[2017.01.21-05.41.43:144][635]LogModuleManager: Shutting down and abandoning module LinuxNoEditorTargetPlatform (48)
[2017.01.21-05.41.43:144][635]LogModuleManager: Shutting down and abandoning module LinuxClientTargetPlatform (47)
[2017.01.21-05.41.43:144][635]LogModuleManager: Shutting down and abandoning module TVOSTargetPlatform (46)
[2017.01.21-05.41.43:144][635]LogModuleManager: Shutting down and abandoning module Messaging (45)
[2017.01.21-05.41.43:144][635]LogModuleManager: Shutting down and abandoning module IOSTargetPlatform (44)
[2017.01.21-05.41.43:144][635]LogModuleManager: Shutting down and abandoning module HTML5TargetPlatform (43)
[2017.01.21-05.41.43:144][635]LogModuleManager: Shutting down and abandoning module Android_PVRTCTargetPlatform (42)
[2017.01.21-05.41.43:144][635]LogModuleManager: Shutting down and abandoning module Android_MultiTargetPlatform (41)
[2017.01.21-05.41.43:144][635]LogModuleManager: Shutting down and abandoning module Android_ETC2TargetPlatform (40)
[2017.01.21-05.41.43:144][635]LogModuleManager: Shutting down and abandoning module Android_ETC1TargetPlatform (39)
[2017.01.21-05.41.43:144][635]LogModuleManager: Shutting down and abandoning module Android_DXTTargetPlatform (38)
[2017.01.21-05.41.43:144][635]LogModuleManager: Shutting down and abandoning module Android_ATCTargetPlatform (37)
[2017.01.21-05.41.43:144][635]LogModuleManager: Shutting down and abandoning module Android_ASTCTargetPlatform (36)
[2017.01.21-05.41.43:144][635]LogModuleManager: Shutting down and abandoning module AndroidTargetPlatform (35)
[2017.01.21-05.41.43:144][635]LogModuleManager: Shutting down and abandoning module WindowsTargetPlatform (34)
[2017.01.21-05.41.43:144][635]LogModuleManager: Shutting down and abandoning module WindowsServerTargetPlatform (33)
[2017.01.21-05.41.43:144][635]LogModuleManager: Shutting down and abandoning module WindowsNoEditorTargetPlatform (32)
[2017.01.21-05.41.43:144][635]LogModuleManager: Shutting down and abandoning module WindowsClientTargetPlatform (31)
[2017.01.21-05.41.43:144][635]LogModuleManager: Shutting down and abandoning module MacTargetPlatform (30)
[2017.01.21-05.41.43:144][635]LogModuleManager: Shutting down and abandoning module MacServerTargetPlatform (29)
[2017.01.21-05.41.43:144][635]LogModuleManager: Shutting down and abandoning module MacNoEditorTargetPlatform (28)
[2017.01.21-05.41.43:144][635]LogModuleManager: Shutting down and abandoning module MacClientTargetPlatform (27)
[2017.01.21-05.41.43:144][635]LogModuleManager: Shutting down and abandoning module AllDesktopTargetPlatform (26)
[2017.01.21-05.41.43:144][635]LogModuleManager: Shutting down and abandoning module TargetPlatform (25)
[2017.01.21-05.41.43:144][635]LogModuleManager: Shutting down and abandoning module InputCore (24)
[2017.01.21-05.41.43:144][635]LogModuleManager: Shutting down and abandoning module Settings (23)
[2017.01.21-05.41.43:144][635]LogModuleManager: Shutting down and abandoning module OculusRift (22)
[2017.01.21-05.41.43:144][635]LogModuleManager: Shutting down and abandoning module ExampleDeviceProfileSelector (21)
[2017.01.21-05.41.43:144][635]LogModuleManager: Shutting down and abandoning module OnlineBlueprintSupport (20)
[2017.01.21-05.41.43:144][635]LogModuleManager: Shutting down and abandoning module OnlineSubsystem (18)
[2017.01.21-05.41.43:144][635]LogOnline:Display: Unloading online subsystem: NULL
[2017.01.21-05.41.43:144][635]LogModuleManager: Shutting down and abandoning module SSL (17)
[2017.01.21-05.41.43:146][635]LogModuleManager: Shutting down and abandoning module HTTP (16)
[2017.01.21-05.41.43:146][635]LogModuleManager: Shutting down and abandoning module XMPP (15)
[2017.01.21-05.41.43:146][635]LogModuleManager: Shutting down and abandoning module TextureCompressor (14)
[2017.01.21-05.41.43:146][635]LogModuleManager: Shutting down and abandoning module ShaderCore (13)
[2017.01.21-05.41.43:146][635]LogModuleManager: Shutting down and abandoning module Landscape (12)
[2017.01.21-05.41.43:146][635]LogModuleManager: Shutting down and abandoning module SlateRHIRenderer (11)
[2017.01.21-05.41.43:147][635]LogModuleManager: Shutting down and abandoning module OpenGLDrv (10)
[2017.01.21-05.41.43:147][635]LogModuleManager: Shutting down and abandoning module D3D11RHI (9)
[2017.01.21-05.41.43:147][635]LogModuleManager: Shutting down and abandoning module AnimGraphRuntime (8)
[2017.01.21-05.41.43:147][635]LogModuleManager: Shutting down and abandoning module Renderer (7)
[2017.01.21-05.41.43:147][635]LogModuleManager: Shutting down and abandoning module Engine (6)
[2017.01.21-05.41.43:147][635]LogModuleManager: Shutting down and abandoning module CoreUObject (5)
[2017.01.21-05.41.43:147][635]LogModuleManager: Shutting down and abandoning module NetworkFile (4)
[2017.01.21-05.41.43:147][635]LogModuleManager: Shutting down and abandoning module StreamingFile (3)
[2017.01.21-05.41.43:147][635]LogModuleManager: Shutting down and abandoning module SandboxFile (2)
[2017.01.21-05.41.43:147][635]LogModuleManager: Shutting down and abandoning module PakFile (1)
[2017.01.21-05.41.43:149][635]LogExit: Exiting.
[2017.01.21-05.41.43:162][635]Log file closed, 01/20/17 23:41:43
